<?xml version="1.0" encoding="UTF-8" ?>
<testsuite errors="0" failures="1" hostname="osgp-cucumber-tests-platform-publiclighting-7x89j" name="A device which performs subsequent registration.(ProtocolAdapterOSLP Device Registration)" skipped="0" tests="1" time="30.079" timestamp="2025-04-04T13:34:45">
  <properties />
  <testcase classname="org.opensmartgridplatform.cucumber.execution.DescriptionAsTest" name="A device which performs subsequent registration.(ProtocolAdapterOSLP Device Registration)" time="30.079">
    <error message="Timeout after [30] seconds." type="org.opentest4j.AssertionFailedError">org.opentest4j.AssertionFailedError: Timeout after [30] seconds.
	at org.opensmartgridplatform.cucumber.core.Wait.untilAndReturn(Wait.java:53)
	at org.opensmartgridplatform.cucumber.platform.publiclighting.mocks.oslpdevice.MockOslpServer.waitForResponse(MockOslpServer.java:630)
	at org.opensmartgridplatform.cucumber.platform.publiclighting.glue.steps.mocks.OslpDeviceSteps.theRegisterDeviceResponseContains(OslpDeviceSteps.java:1416)
	at âœ½.the register device response contains(classpath:features/publiclighting/protocol-adapter-oslp/RegisterDevice.feature:54)
</error>
  </testcase>
  <system-out><![CDATA[[2025-04-04 13:34:45.068] [osgp-cucumber-tests-platform-publiclighting-7x89j] [main] INFO o.o.c.platform.database.CoreDatabase@batchDeleteAll:131 - Starting batchDeleteAll()
[2025-04-04 13:34:45.080] [osgp-cucumber-tests-platform-publiclighting-7x89j] [main] INFO o.o.c.platform.database.CoreDatabase@normalDeleteAll:154 - Starting normalDeleteAll()
[2025-04-04 13:34:45.115] [osgp-cucumber-tests-platform-publiclighting-7x89j] [main] WARN o.o.c.p.p.m.o.MockOslpChannelHandler@send:341 - Unable to connect to: httpd:443/<unresolved>:12122
[2025-04-04 13:34:45.117] [osgp-cucumber-tests-platform-publiclighting-7x89j] [main] WARN o.o.c.p.p.m.o.MockOslpChannelHandler@send:341 - Unable to connect to: httpd:443/<unresolved>:12122
[2025-04-04 13:34:45.118] [osgp-cucumber-tests-platform-publiclighting-7x89j] [main] ERROR o.o.cucumber.core.Wait@handleException:151 - Caught an exception: [no response yet]
[2025-04-04 13:34:45.118] [osgp-cucumber-tests-platform-publiclighting-7x89j] [main] INFO o.o.cucumber.core.Wait@untilAndReturn:74 - ... polling in Wait.until (0 seconds) ...
[2025-04-04 13:34:45.618] [osgp-cucumber-tests-platform-publiclighting-7x89j] [main] ERROR o.o.cucumber.core.Wait@handleException:151 - Caught an exception: [no response yet]
[2025-04-04 13:34:45.618] [osgp-cucumber-tests-platform-publiclighting-7x89j] [main] INFO o.o.cucumber.core.Wait@untilAndReturn:74 - ... polling in Wait.until (0 seconds) ...
[2025-04-04 13:34:46.118] [osgp-cucumber-tests-platform-publiclighting-7x89j] [main] ERROR o.o.cucumber.core.Wait@handleException:151 - Caught an exception: [no response yet]
[2025-04-04 13:34:46.119] [osgp-cucumber-tests-platform-publiclighting-7x89j] [main] INFO o.o.cucumber.core.Wait@untilAndReturn:74 - ... polling in Wait.until (1 seconds) ...
[2025-04-04 13:34:46.619] [osgp-cucumber-tests-platform-publiclighting-7x89j] [main] ERROR o.o.cucumber.core.Wait@handleException:151 - Caught an exception: [no response yet]
[2025-04-04 13:34:46.619] [osgp-cucumber-tests-platform-publiclighting-7x89j] [main] INFO o.o.cucumber.core.Wait@untilAndReturn:74 - ... polling in Wait.until (1 seconds) ...
[2025-04-04 13:34:47.119] [osgp-cucumber-tests-platform-publiclighting-7x89j] [main] ERROR o.o.cucumber.core.Wait@handleException:151 - Caught an exception: [no response yet]
[2025-04-04 13:34:47.119] [osgp-cucumber-tests-platform-publiclighting-7x89j] [main] INFO o.o.cucumber.core.Wait@untilAndReturn:74 - ... polling in Wait.until (2 seconds) ...
[2025-04-04 13:34:47.620] [osgp-cucumber-tests-platform-publiclighting-7x89j] [main] ERROR o.o.cucumber.core.Wait@handleException:151 - Caught an exception: [no response yet]
[2025-04-04 13:34:47.620] [osgp-cucumber-tests-platform-publiclighting-7x89j] [main] INFO o.o.cucumber.core.Wait@untilAndReturn:74 - ... polling in Wait.until (2 seconds) ...
[2025-04-04 13:34:48.120] [osgp-cucumber-tests-platform-publiclighting-7x89j] [main] ERROR o.o.cucumber.core.Wait@handleException:151 - Caught an exception: [no response yet]
[2025-04-04 13:34:48.120] [osgp-cucumber-tests-platform-publiclighting-7x89j] [main] INFO o.o.cucumber.core.Wait@untilAndReturn:74 - ... polling in Wait.until (3 seconds) ...
[2025-04-04 13:34:48.621] [osgp-cucumber-tests-platform-publiclighting-7x89j] [main] ERROR o.o.cucumber.core.Wait@handleException:151 - Caught an exception: [no response yet]
[2025-04-04 13:34:48.621] [osgp-cucumber-tests-platform-publiclighting-7x89j] [main] INFO o.o.cucumber.core.Wait@untilAndReturn:74 - ... polling in Wait.until (3 seconds) ...
[2025-04-04 13:34:49.121] [osgp-cucumber-tests-platform-publiclighting-7x89j] [main] ERROR o.o.cucumber.core.Wait@handleException:151 - Caught an exception: [no response yet]
[2025-04-04 13:34:49.121] [osgp-cucumber-tests-platform-publiclighting-7x89j] [main] INFO o.o.cucumber.core.Wait@untilAndReturn:74 - ... polling in Wait.until (4 seconds) ...
[2025-04-04 13:34:49.621] [osgp-cucumber-tests-platform-publiclighting-7x89j] [main] ERROR o.o.cucumber.core.Wait@handleException:151 - Caught an exception: [no response yet]
[2025-04-04 13:34:49.621] [osgp-cucumber-tests-platform-publiclighting-7x89j] [main] INFO o.o.cucumber.core.Wait@untilAndReturn:74 - ... polling in Wait.until (4 seconds) ...
[2025-04-04 13:34:50.122] [osgp-cucumber-tests-platform-publiclighting-7x89j] [main] ERROR o.o.cucumber.core.Wait@handleException:151 - Caught an exception: [no response yet]
[2025-04-04 13:34:50.122] [osgp-cucumber-tests-platform-publiclighting-7x89j] [main] INFO o.o.cucumber.core.Wait@untilAndReturn:74 - ... polling in Wait.until (5 seconds) ...
[2025-04-04 13:34:50.622] [osgp-cucumber-tests-platform-publiclighting-7x89j] [main] ERROR o.o.cucumber.core.Wait@handleException:151 - Caught an exception: [no response yet]
[2025-04-04 13:34:50.622] [osgp-cucumber-tests-platform-publiclighting-7x89j] [main] INFO o.o.cucumber.core.Wait@untilAndReturn:74 - ... polling in Wait.until (5 seconds) ...
[2025-04-04 13:34:51.122] [osgp-cucumber-tests-platform-publiclighting-7x89j] [main] ERROR o.o.cucumber.core.Wait@handleException:151 - Caught an exception: [no response yet]
[2025-04-04 13:34:51.122] [osgp-cucumber-tests-platform-publiclighting-7x89j] [main] INFO o.o.cucumber.core.Wait@untilAndReturn:74 - ... polling in Wait.until (6 seconds) ...
[2025-04-04 13:34:51.623] [osgp-cucumber-tests-platform-publiclighting-7x89j] [main] ERROR o.o.cucumber.core.Wait@handleException:151 - Caught an exception: [no response yet]
[2025-04-04 13:34:51.623] [osgp-cucumber-tests-platform-publiclighting-7x89j] [main] INFO o.o.cucumber.core.Wait@untilAndReturn:74 - ... polling in Wait.until (6 seconds) ...
[2025-04-04 13:34:52.123] [osgp-cucumber-tests-platform-publiclighting-7x89j] [main] ERROR o.o.cucumber.core.Wait@handleException:151 - Caught an exception: [no response yet]
[2025-04-04 13:34:52.123] [osgp-cucumber-tests-platform-publiclighting-7x89j] [main] INFO o.o.cucumber.core.Wait@untilAndReturn:74 - ... polling in Wait.until (7 seconds) ...
[2025-04-04 13:34:52.624] [osgp-cucumber-tests-platform-publiclighting-7x89j] [main] ERROR o.o.cucumber.core.Wait@handleException:151 - Caught an exception: [no response yet]
[2025-04-04 13:34:52.624] [osgp-cucumber-tests-platform-publiclighting-7x89j] [main] INFO o.o.cucumber.core.Wait@untilAndReturn:74 - ... polling in Wait.until (7 seconds) ...
[2025-04-04 13:34:53.124] [osgp-cucumber-tests-platform-publiclighting-7x89j] [main] ERROR o.o.cucumber.core.Wait@handleException:151 - Caught an exception: [no response yet]
[2025-04-04 13:34:53.124] [osgp-cucumber-tests-platform-publiclighting-7x89j] [main] INFO o.o.cucumber.core.Wait@untilAndReturn:74 - ... polling in Wait.until (8 seconds) ...
[2025-04-04 13:34:53.624] [osgp-cucumber-tests-platform-publiclighting-7x89j] [main] ERROR o.o.cucumber.core.Wait@handleException:151 - Caught an exception: [no response yet]
[2025-04-04 13:34:53.625] [osgp-cucumber-tests-platform-publiclighting-7x89j] [main] INFO o.o.cucumber.core.Wait@untilAndReturn:74 - ... polling in Wait.until (8 seconds) ...
[2025-04-04 13:34:54.125] [osgp-cucumber-tests-platform-publiclighting-7x89j] [main] ERROR o.o.cucumber.core.Wait@handleException:151 - Caught an exception: [no response yet]
[2025-04-04 13:34:54.125] [osgp-cucumber-tests-platform-publiclighting-7x89j] [main] INFO o.o.cucumber.core.Wait@untilAndReturn:74 - ... polling in Wait.until (9 seconds) ...
[2025-04-04 13:34:54.625] [osgp-cucumber-tests-platform-publiclighting-7x89j] [main] ERROR o.o.cucumber.core.Wait@handleException:151 - Caught an exception: [no response yet]
[2025-04-04 13:34:54.625] [osgp-cucumber-tests-platform-publiclighting-7x89j] [main] INFO o.o.cucumber.core.Wait@untilAndReturn:74 - ... polling in Wait.until (9 seconds) ...
[2025-04-04 13:34:55.126] [osgp-cucumber-tests-platform-publiclighting-7x89j] [main] ERROR o.o.cucumber.core.Wait@handleException:151 - Caught an exception: [no response yet]
[2025-04-04 13:34:55.126] [osgp-cucumber-tests-platform-publiclighting-7x89j] [main] INFO o.o.cucumber.core.Wait@untilAndReturn:74 - ... polling in Wait.until (10 seconds) ...
[2025-04-04 13:34:55.626] [osgp-cucumber-tests-platform-publiclighting-7x89j] [main] ERROR o.o.cucumber.core.Wait@handleException:151 - Caught an exception: [no response yet]
[2025-04-04 13:34:55.626] [osgp-cucumber-tests-platform-publiclighting-7x89j] [main] INFO o.o.cucumber.core.Wait@untilAndReturn:74 - ... polling in Wait.until (10 seconds) ...
[2025-04-04 13:34:56.126] [osgp-cucumber-tests-platform-publiclighting-7x89j] [main] ERROR o.o.cucumber.core.Wait@handleException:151 - Caught an exception: [no response yet]
[2025-04-04 13:34:56.127] [osgp-cucumber-tests-platform-publiclighting-7x89j] [main] INFO o.o.cucumber.core.Wait@untilAndReturn:74 - ... polling in Wait.until (11 seconds) ...
[2025-04-04 13:34:56.627] [osgp-cucumber-tests-platform-publiclighting-7x89j] [main] ERROR o.o.cucumber.core.Wait@handleException:151 - Caught an exception: [no response yet]
[2025-04-04 13:34:56.627] [osgp-cucumber-tests-platform-publiclighting-7x89j] [main] INFO o.o.cucumber.core.Wait@untilAndReturn:74 - ... polling in Wait.until (11 seconds) ...
[2025-04-04 13:34:57.127] [osgp-cucumber-tests-platform-publiclighting-7x89j] [main] ERROR o.o.cucumber.core.Wait@handleException:151 - Caught an exception: [no response yet]
[2025-04-04 13:34:57.127] [osgp-cucumber-tests-platform-publiclighting-7x89j] [main] INFO o.o.cucumber.core.Wait@untilAndReturn:74 - ... polling in Wait.until (12 seconds) ...
[2025-04-04 13:34:57.628] [osgp-cucumber-tests-platform-publiclighting-7x89j] [main] ERROR o.o.cucumber.core.Wait@handleException:151 - Caught an exception: [no response yet]
[2025-04-04 13:34:57.628] [osgp-cucumber-tests-platform-publiclighting-7x89j] [main] INFO o.o.cucumber.core.Wait@untilAndReturn:74 - ... polling in Wait.until (12 seconds) ...
[2025-04-04 13:34:58.128] [osgp-cucumber-tests-platform-publiclighting-7x89j] [main] ERROR o.o.cucumber.core.Wait@handleException:151 - Caught an exception: [no response yet]
[2025-04-04 13:34:58.128] [osgp-cucumber-tests-platform-publiclighting-7x89j] [main] INFO o.o.cucumber.core.Wait@untilAndReturn:74 - ... polling in Wait.until (13 seconds) ...
[2025-04-04 13:34:58.628] [osgp-cucumber-tests-platform-publiclighting-7x89j] [main] ERROR o.o.cucumber.core.Wait@handleException:151 - Caught an exception: [no response yet]
[2025-04-04 13:34:58.628] [osgp-cucumber-tests-platform-publiclighting-7x89j] [main] INFO o.o.cucumber.core.Wait@untilAndReturn:74 - ... polling in Wait.until (13 seconds) ...
[2025-04-04 13:34:59.129] [osgp-cucumber-tests-platform-publiclighting-7x89j] [main] ERROR o.o.cucumber.core.Wait@handleException:151 - Caught an exception: [no response yet]
[2025-04-04 13:34:59.129] [osgp-cucumber-tests-platform-publiclighting-7x89j] [main] INFO o.o.cucumber.core.Wait@untilAndReturn:74 - ... polling in Wait.until (14 seconds) ...
[2025-04-04 13:34:59.629] [osgp-cucumber-tests-platform-publiclighting-7x89j] [main] ERROR o.o.cucumber.core.Wait@handleException:151 - Caught an exception: [no response yet]
[2025-04-04 13:34:59.629] [osgp-cucumber-tests-platform-publiclighting-7x89j] [main] INFO o.o.cucumber.core.Wait@untilAndReturn:74 - ... polling in Wait.until (14 seconds) ...
[2025-04-04 13:35:00.129] [osgp-cucumber-tests-platform-publiclighting-7x89j] [main] ERROR o.o.cucumber.core.Wait@handleException:151 - Caught an exception: [no response yet]
[2025-04-04 13:35:00.130] [osgp-cucumber-tests-platform-publiclighting-7x89j] [main] INFO o.o.cucumber.core.Wait@untilAndReturn:74 - ... polling in Wait.until (15 seconds) ...
[2025-04-04 13:35:00.630] [osgp-cucumber-tests-platform-publiclighting-7x89j] [main] ERROR o.o.cucumber.core.Wait@handleException:151 - Caught an exception: [no response yet]
[2025-04-04 13:35:00.630] [osgp-cucumber-tests-platform-publiclighting-7x89j] [main] INFO o.o.cucumber.core.Wait@untilAndReturn:74 - ... polling in Wait.until (15 seconds) ...
[2025-04-04 13:35:01.130] [osgp-cucumber-tests-platform-publiclighting-7x89j] [main] ERROR o.o.cucumber.core.Wait@handleException:151 - Caught an exception: [no response yet]
[2025-04-04 13:35:01.130] [osgp-cucumber-tests-platform-publiclighting-7x89j] [main] INFO o.o.cucumber.core.Wait@untilAndReturn:74 - ... polling in Wait.until (16 seconds) ...
[2025-04-04 13:35:01.631] [osgp-cucumber-tests-platform-publiclighting-7x89j] [main] ERROR o.o.cucumber.core.Wait@handleException:151 - Caught an exception: [no response yet]
[2025-04-04 13:35:01.631] [osgp-cucumber-tests-platform-publiclighting-7x89j] [main] INFO o.o.cucumber.core.Wait@untilAndReturn:74 - ... polling in Wait.until (16 seconds) ...
[2025-04-04 13:35:02.131] [osgp-cucumber-tests-platform-publiclighting-7x89j] [main] ERROR o.o.cucumber.core.Wait@handleException:151 - Caught an exception: [no response yet]
[2025-04-04 13:35:02.131] [osgp-cucumber-tests-platform-publiclighting-7x89j] [main] INFO o.o.cucumber.core.Wait@untilAndReturn:74 - ... polling in Wait.until (17 seconds) ...
[2025-04-04 13:35:02.631] [osgp-cucumber-tests-platform-publiclighting-7x89j] [main] ERROR o.o.cucumber.core.Wait@handleException:151 - Caught an exception: [no response yet]
[2025-04-04 13:35:02.632] [osgp-cucumber-tests-platform-publiclighting-7x89j] [main] INFO o.o.cucumber.core.Wait@untilAndReturn:74 - ... polling in Wait.until (17 seconds) ...
[2025-04-04 13:35:03.132] [osgp-cucumber-tests-platform-publiclighting-7x89j] [main] ERROR o.o.cucumber.core.Wait@handleException:151 - Caught an exception: [no response yet]
[2025-04-04 13:35:03.132] [osgp-cucumber-tests-platform-publiclighting-7x89j] [main] INFO o.o.cucumber.core.Wait@untilAndReturn:74 - ... polling in Wait.until (18 seconds) ...
[2025-04-04 13:35:03.632] [osgp-cucumber-tests-platform-publiclighting-7x89j] [main] ERROR o.o.cucumber.core.Wait@handleException:151 - Caught an exception: [no response yet]
[2025-04-04 13:35:03.632] [osgp-cucumber-tests-platform-publiclighting-7x89j] [main] INFO o.o.cucumber.core.Wait@untilAndReturn:74 - ... polling in Wait.until (18 seconds) ...
[2025-04-04 13:35:04.133] [osgp-cucumber-tests-platform-publiclighting-7x89j] [main] ERROR o.o.cucumber.core.Wait@handleException:151 - Caught an exception: [no response yet]
[2025-04-04 13:35:04.133] [osgp-cucumber-tests-platform-publiclighting-7x89j] [main] INFO o.o.cucumber.core.Wait@untilAndReturn:74 - ... polling in Wait.until (19 seconds) ...
[2025-04-04 13:35:04.633] [osgp-cucumber-tests-platform-publiclighting-7x89j] [main] ERROR o.o.cucumber.core.Wait@handleException:151 - Caught an exception: [no response yet]
[2025-04-04 13:35:04.633] [osgp-cucumber-tests-platform-publiclighting-7x89j] [main] INFO o.o.cucumber.core.Wait@untilAndReturn:74 - ... polling in Wait.until (19 seconds) ...
[2025-04-04 13:35:05.133] [osgp-cucumber-tests-platform-publiclighting-7x89j] [main] ERROR o.o.cucumber.core.Wait@handleException:151 - Caught an exception: [no response yet]
[2025-04-04 13:35:05.134] [osgp-cucumber-tests-platform-publiclighting-7x89j] [main] INFO o.o.cucumber.core.Wait@untilAndReturn:74 - ... polling in Wait.until (20 seconds) ...
[2025-04-04 13:35:05.634] [osgp-cucumber-tests-platform-publiclighting-7x89j] [main] ERROR o.o.cucumber.core.Wait@handleException:151 - Caught an exception: [no response yet]
[2025-04-04 13:35:05.634] [osgp-cucumber-tests-platform-publiclighting-7x89j] [main] INFO o.o.cucumber.core.Wait@untilAndReturn:74 - ... polling in Wait.until (20 seconds) ...
[2025-04-04 13:35:06.134] [osgp-cucumber-tests-platform-publiclighting-7x89j] [main] ERROR o.o.cucumber.core.Wait@handleException:151 - Caught an exception: [no response yet]
[2025-04-04 13:35:06.134] [osgp-cucumber-tests-platform-publiclighting-7x89j] [main] INFO o.o.cucumber.core.Wait@untilAndReturn:74 - ... polling in Wait.until (21 seconds) ...
[2025-04-04 13:35:06.634] [osgp-cucumber-tests-platform-publiclighting-7x89j] [main] ERROR o.o.cucumber.core.Wait@handleException:151 - Caught an exception: [no response yet]
[2025-04-04 13:35:06.635] [osgp-cucumber-tests-platform-publiclighting-7x89j] [main] INFO o.o.cucumber.core.Wait@untilAndReturn:74 - ... polling in Wait.until (21 seconds) ...
[2025-04-04 13:35:07.135] [osgp-cucumber-tests-platform-publiclighting-7x89j] [main] ERROR o.o.cucumber.core.Wait@handleException:151 - Caught an exception: [no response yet]
[2025-04-04 13:35:07.135] [osgp-cucumber-tests-platform-publiclighting-7x89j] [main] INFO o.o.cucumber.core.Wait@untilAndReturn:74 - ... polling in Wait.until (22 seconds) ...
[2025-04-04 13:35:07.635] [osgp-cucumber-tests-platform-publiclighting-7x89j] [main] ERROR o.o.cucumber.core.Wait@handleException:151 - Caught an exception: [no response yet]
[2025-04-04 13:35:07.635] [osgp-cucumber-tests-platform-publiclighting-7x89j] [main] INFO o.o.cucumber.core.Wait@untilAndReturn:74 - ... polling in Wait.until (22 seconds) ...
[2025-04-04 13:35:08.136] [osgp-cucumber-tests-platform-publiclighting-7x89j] [main] ERROR o.o.cucumber.core.Wait@handleException:151 - Caught an exception: [no response yet]
[2025-04-04 13:35:08.136] [osgp-cucumber-tests-platform-publiclighting-7x89j] [main] INFO o.o.cucumber.core.Wait@untilAndReturn:74 - ... polling in Wait.until (23 seconds) ...
[2025-04-04 13:35:08.636] [osgp-cucumber-tests-platform-publiclighting-7x89j] [main] ERROR o.o.cucumber.core.Wait@handleException:151 - Caught an exception: [no response yet]
[2025-04-04 13:35:08.636] [osgp-cucumber-tests-platform-publiclighting-7x89j] [main] INFO o.o.cucumber.core.Wait@untilAndReturn:74 - ... polling in Wait.until (23 seconds) ...
[2025-04-04 13:35:09.136] [osgp-cucumber-tests-platform-publiclighting-7x89j] [main] ERROR o.o.cucumber.core.Wait@handleException:151 - Caught an exception: [no response yet]
[2025-04-04 13:35:09.136] [osgp-cucumber-tests-platform-publiclighting-7x89j] [main] INFO o.o.cucumber.core.Wait@untilAndReturn:74 - ... polling in Wait.until (24 seconds) ...
[2025-04-04 13:35:09.637] [osgp-cucumber-tests-platform-publiclighting-7x89j] [main] ERROR o.o.cucumber.core.Wait@handleException:151 - Caught an exception: [no response yet]
[2025-04-04 13:35:09.637] [osgp-cucumber-tests-platform-publiclighting-7x89j] [main] INFO o.o.cucumber.core.Wait@untilAndReturn:74 - ... polling in Wait.until (24 seconds) ...
[2025-04-04 13:35:10.137] [osgp-cucumber-tests-platform-publiclighting-7x89j] [main] ERROR o.o.cucumber.core.Wait@handleException:151 - Caught an exception: [no response yet]
[2025-04-04 13:35:10.137] [osgp-cucumber-tests-platform-publiclighting-7x89j] [main] INFO o.o.cucumber.core.Wait@untilAndReturn:74 - ... polling in Wait.until (25 seconds) ...
[2025-04-04 13:35:10.638] [osgp-cucumber-tests-platform-publiclighting-7x89j] [main] ERROR o.o.cucumber.core.Wait@handleException:151 - Caught an exception: [no response yet]
[2025-04-04 13:35:10.638] [osgp-cucumber-tests-platform-publiclighting-7x89j] [main] INFO o.o.cucumber.core.Wait@untilAndReturn:74 - ... polling in Wait.until (25 seconds) ...
[2025-04-04 13:35:11.138] [osgp-cucumber-tests-platform-publiclighting-7x89j] [main] ERROR o.o.cucumber.core.Wait@handleException:151 - Caught an exception: [no response yet]
[2025-04-04 13:35:11.138] [osgp-cucumber-tests-platform-publiclighting-7x89j] [main] INFO o.o.cucumber.core.Wait@untilAndReturn:74 - ... polling in Wait.until (26 seconds) ...
[2025-04-04 13:35:11.638] [osgp-cucumber-tests-platform-publiclighting-7x89j] [main] ERROR o.o.cucumber.core.Wait@handleException:151 - Caught an exception: [no response yet]
[2025-04-04 13:35:11.638] [osgp-cucumber-tests-platform-publiclighting-7x89j] [main] INFO o.o.cucumber.core.Wait@untilAndReturn:74 - ... polling in Wait.until (26 seconds) ...
[2025-04-04 13:35:12.139] [osgp-cucumber-tests-platform-publiclighting-7x89j] [main] ERROR o.o.cucumber.core.Wait@handleException:151 - Caught an exception: [no response yet]
[2025-04-04 13:35:12.139] [osgp-cucumber-tests-platform-publiclighting-7x89j] [main] INFO o.o.cucumber.core.Wait@untilAndReturn:74 - ... polling in Wait.until (27 seconds) ...
[2025-04-04 13:35:12.639] [osgp-cucumber-tests-platform-publiclighting-7x89j] [main] ERROR o.o.cucumber.core.Wait@handleException:151 - Caught an exception: [no response yet]
[2025-04-04 13:35:12.639] [osgp-cucumber-tests-platform-publiclighting-7x89j] [main] INFO o.o.cucumber.core.Wait@untilAndReturn:74 - ... polling in Wait.until (27 seconds) ...
[2025-04-04 13:35:13.139] [osgp-cucumber-tests-platform-publiclighting-7x89j] [main] ERROR o.o.cucumber.core.Wait@handleException:151 - Caught an exception: [no response yet]
[2025-04-04 13:35:13.140] [osgp-cucumber-tests-platform-publiclighting-7x89j] [main] INFO o.o.cucumber.core.Wait@untilAndReturn:74 - ... polling in Wait.until (28 seconds) ...
[2025-04-04 13:35:13.640] [osgp-cucumber-tests-platform-publiclighting-7x89j] [main] ERROR o.o.cucumber.core.Wait@handleException:151 - Caught an exception: [no response yet]
[2025-04-04 13:35:13.640] [osgp-cucumber-tests-platform-publiclighting-7x89j] [main] INFO o.o.cucumber.core.Wait@untilAndReturn:74 - ... polling in Wait.until (28 seconds) ...
[2025-04-04 13:35:14.140] [osgp-cucumber-tests-platform-publiclighting-7x89j] [main] ERROR o.o.cucumber.core.Wait@handleException:151 - Caught an exception: [no response yet]
[2025-04-04 13:35:14.140] [osgp-cucumber-tests-platform-publiclighting-7x89j] [main] INFO o.o.cucumber.core.Wait@untilAndReturn:74 - ... polling in Wait.until (29 seconds) ...
[2025-04-04 13:35:14.641] [osgp-cucumber-tests-platform-publiclighting-7x89j] [main] ERROR o.o.cucumber.core.Wait@handleException:151 - Caught an exception: [no response yet]
[2025-04-04 13:35:14.641] [osgp-cucumber-tests-platform-publiclighting-7x89j] [main] INFO o.o.cucumber.core.Wait@untilAndReturn:74 - ... polling in Wait.until (29 seconds) ...
]]></system-out>
  <system-err><![CDATA[]]></system-err>
</testsuite>
