<?xml version="1.0" encoding="UTF-8" ?>
<testsuite errors="0" failures="0" hostname="osgp-cucumber-tests-platform-publiclighting-7x89j" name="Set transition as an unknown organization(PublicLightingAdhocManagement Set Transition)" skipped="0" tests="1" time="0.059" timestamp="2025-04-04T12:50:29">
  <properties />
  <system-out><![CDATA[[2025-04-04 12:50:29.612] [osgp-cucumber-tests-platform-publiclighting-7x89j] [main] INFO o.o.c.platform.database.CoreDatabase@batchDeleteAll:131 - Starting batchDeleteAll()
[2025-04-04 12:50:29.624] [osgp-cucumber-tests-platform-publiclighting-7x89j] [main] INFO o.o.c.platform.database.CoreDatabase@normalDeleteAll:154 - Starting normalDeleteAll()
]]></system-out>
  <system-err><![CDATA[]]></system-err>
  <testcase classname="org.opensmartgridplatform.cucumber.execution.DescriptionAsTest" name="Set transition as an unknown organization(PublicLightingAdhocManagement Set Transition)" time="0.059" />
</testsuite>
