<?xml version="1.0" encoding="UTF-8" ?>
<testsuite errors="0" failures="0" hostname="osgp-cucumber-tests-platform-publiclighting-7x89j" name="Set light schedule with 2 schedules containing illegal combinations of ActionTime, TriggerWindow and TriggerType # Fail(PublicLightingScheduleManagement Set Light Schedule)" skipped="0" tests="1" time="0.153" timestamp="2025-04-04T13:08:32">
  <properties />
  <system-out><![CDATA[[2025-04-04 13:08:32.380] [osgp-cucumber-tests-platform-publiclighting-7x89j] [main] INFO o.o.c.platform.database.CoreDatabase@batchDeleteAll:131 - Starting batchDeleteAll()
[2025-04-04 13:08:32.388] [osgp-cucumber-tests-platform-publiclighting-7x89j] [main] INFO o.o.c.platform.database.CoreDatabase@normalDeleteAll:154 - Starting normalDeleteAll()
[2025-04-04 13:08:32.525] [osgp-cucumber-tests-platform-publiclighting-7x89j] [disposableNioEventLoopGroup-6-24] INFO o.o.c.p.p.m.o.MockOslpChannelHandler@handleRequest:403 - Device dGVzdDEyMzQ1Njc4 received [setScheduleRequest {
  schedules {
    weekday: ALL
    actionTime: ABSOLUTETIME
    time: "180000"
    value {
      index: "\002"
      on: true
    }
    triggerType: ASTRONOMICAL
  }
  schedules {
    weekday: ALL
    actionTime: ABSOLUTETIME
    time: "180000"
    value {
      index: "\002"
      on: true
    }
    triggerType: ASTRONOMICAL
  }
  scheduleType: LIGHT
}
], sequence number [[0, 0]]
[2025-04-04 13:08:32.525] [osgp-cucumber-tests-platform-publiclighting-7x89j] [disposableNioEventLoopGroup-6-24] INFO o.o.c.p.p.m.o.MockOslpChannelHandler@handleRequest:425 - Device dGVzdDEyMzQ1Njc4 mocked response: [setScheduleResponse {
  status: OK
}
]
[2025-04-04 13:08:32.528] [osgp-cucumber-tests-platform-publiclighting-7x89j] [main] INFO o.o.c.p.p.g.s.w.p.s.SetLightScheduleSteps@lambda$thePlatformBuffersASetLightScheduleResponseMessageForDeviceContainsSoapFault$1:343 - Received a SOAP fault on setSchedule
]]></system-out>
  <system-err><![CDATA[]]></system-err>
  <testcase classname="org.opensmartgridplatform.cucumber.execution.DescriptionAsTest" name="Set light schedule with 2 schedules containing illegal combinations of ActionTime, TriggerWindow and TriggerType # Fail(PublicLightingScheduleManagement Set Light Schedule)" time="0.153" />
</testsuite>
