<?xml version="1.0" encoding="UTF-8" ?>
<testsuite errors="0" failures="0" hostname="osgp-cucumber-tests-platform-publiclighting-7x89j" name="Register a device but register device request for an empty deviceUid(ProtocolAdapterOSLP Device Registration)" skipped="0" tests="1" time="0.04" timestamp="2025-04-04T13:36:15">
  <properties />
  <system-out><![CDATA[[2025-04-04 13:36:15.427] [osgp-cucumber-tests-platform-publiclighting-7x89j] [main] INFO o.o.c.platform.database.CoreDatabase@batchDeleteAll:131 - Starting batchDeleteAll()
[2025-04-04 13:36:15.434] [osgp-cucumber-tests-platform-publiclighting-7x89j] [main] INFO o.o.c.platform.database.CoreDatabase@normalDeleteAll:154 - Starting normalDeleteAll()
]]></system-out>
  <system-err><![CDATA[]]></system-err>
  <testcase classname="org.opensmartgridplatform.cucumber.execution.DescriptionAsTest" name="Register a device but register device request for an empty deviceUid(ProtocolAdapterOSLP Device Registration)" time="0.04" />
</testsuite>
