<?xml version="1.0" encoding="UTF-8" ?>
<testsuite errors="0" failures="0" hostname="osgp-cucumber-tests-platform-publiclighting-7x89j" name="Resume Schedule for a device with no has schedule(PublicLightingAdhocManagement Resume Schedule)" skipped="0" tests="1" time="0.876" timestamp="2025-04-04T12:45:01">
  <properties />
  <system-out><![CDATA[[2025-04-04 12:45:01.371] [osgp-cucumber-tests-platform-publiclighting-7x89j] [main] INFO o.o.c.platform.database.CoreDatabase@batchDeleteAll:131 - Starting batchDeleteAll()
[2025-04-04 12:45:01.382] [osgp-cucumber-tests-platform-publiclighting-7x89j] [main] INFO o.o.c.platform.database.CoreDatabase@normalDeleteAll:154 - Starting normalDeleteAll()
[2025-04-04 12:45:01.516] [osgp-cucumber-tests-platform-publiclighting-7x89j] [main] INFO o.o.c.p.p.g.s.w.p.a.ResumeScheduleSteps@theResumeScheduleAsyncResponseContains:111 - Got CorrelationUid: [test-org|||TEST1024000000001|||20250404124501446|||afae03dc-4baf-4118-a644-ae6b78505865]
[2025-04-04 12:45:01.625] [osgp-cucumber-tests-platform-publiclighting-7x89j] [main] ERROR o.o.cucumber.core.Wait@handleException:151 - Caught an exception: [UNSCHEDULED_DEVICE]
[2025-04-04 12:45:01.625] [osgp-cucumber-tests-platform-publiclighting-7x89j] [main] INFO o.o.cucumber.core.Wait@untilAndReturn:74 - ... polling in Wait.until (0 seconds) ...
]]></system-out>
  <system-err><![CDATA[]]></system-err>
  <testcase classname="org.opensmartgridplatform.cucumber.execution.DescriptionAsTest" name="Resume Schedule for a device with no has schedule(PublicLightingAdhocManagement Resume Schedule)" time="0.876" />
</testsuite>
