<?xml version="1.0" encoding="UTF-8" ?>
<testsuite errors="0" failures="0" hostname="osgp-cucumber-tests-platform-publiclighting-7x89j" name="Get configuration data with unknown device(CoreConfigurationManagement GetConfiguration)" skipped="0" tests="1" time="1.207" timestamp="2025-04-04T12:07:53">
  <properties />
  <system-out><![CDATA[[2025-04-04 12:07:53.219] [osgp-cucumber-tests-platform-publiclighting-7x89j] [main] INFO o.o.c.platform.database.CoreDatabase@batchDeleteAll:131 - Starting batchDeleteAll()
[2025-04-04 12:07:53.234] [osgp-cucumber-tests-platform-publiclighting-7x89j] [main] INFO o.o.c.platform.database.CoreDatabase@normalDeleteAll:154 - Starting normalDeleteAll()
]]></system-out>
  <system-err><![CDATA[]]></system-err>
  <testcase classname="org.opensmartgridplatform.cucumber.execution.DescriptionAsTest" name="Get configuration data with unknown device(CoreConfigurationManagement GetConfiguration)" time="1.207" />
</testsuite>
