<?xml version="1.0" encoding="UTF-8" ?>
<testsuite errors="0" failures="0" hostname="osgp-cucumber-tests-platform-publiclighting-7x89j" name="Set light schedule when a previous request with astronomical offsets is in progress(PublicLightingScheduleManagement Set Light Schedule)" skipped="0" tests="1" time="0.673" timestamp="2025-04-04T13:06:49">
  <properties />
  <system-out><![CDATA[[2025-04-04 13:06:49.898] [osgp-cucumber-tests-platform-publiclighting-7x89j] [main] INFO o.o.c.platform.database.CoreDatabase@batchDeleteAll:131 - Starting batchDeleteAll()
[2025-04-04 13:06:49.905] [osgp-cucumber-tests-platform-publiclighting-7x89j] [main] INFO o.o.c.platform.database.CoreDatabase@normalDeleteAll:154 - Starting normalDeleteAll()
[2025-04-04 13:06:50.033] [osgp-cucumber-tests-platform-publiclighting-7x89j] [main] INFO o.o.c.p.p.g.s.w.p.s.SetLightScheduleSteps@theSetLightScheduleAsyncResponseContains:274 - Got CorrelationUid: [test-org|||TEST1024000000001|||20250404130649960|||4c03cb2a-0ab9-4ad2-b981-96571b162f04]
[2025-04-04 13:06:50.049] [osgp-cucumber-tests-platform-publiclighting-7x89j] [main] INFO o.o.c.p.p.g.s.w.p.s.SetLightScheduleSteps@lambda$thePlatformBuffersASetLightScheduleResponseMessageForDevice$0:303 - Received a SOAP fault on setSchedule
[2025-04-04 13:06:50.049] [osgp-cucumber-tests-platform-publiclighting-7x89j] [main] ERROR o.o.cucumber.core.Wait@handleException:151 - Caught an exception: [Received a SOAP fault on setSchedule that could be rejected because the CorrelationUid is unknown]
[2025-04-04 13:06:50.049] [osgp-cucumber-tests-platform-publiclighting-7x89j] [main] INFO o.o.cucumber.core.Wait@untilAndReturn:74 - ... polling in Wait.until (0 seconds) ...
[2025-04-04 13:06:50.422] [osgp-cucumber-tests-platform-publiclighting-7x89j] [pool-5-thread-2] INFO o.o.c.p.p.s.w.e.PublicLightingNotificationEndpoint@sendNotification:43 - Incoming SendNotificationRequest for organisation: OSGP device: TEST1024000000001.
[2025-04-04 13:06:50.422] [osgp-cucumber-tests-platform-publiclighting-7x89j] [pool-5-thread-2] INFO o.o.c.p.p.s.w.p.PublicLightingNotificationService@handleNotification:29 - Notification received: test-org|||TEST1024000000001|||20250404130649960|||4c03cb2a-0ab9-4ad2-b981-96571b162f04 for type SET_LIGHT_SCHEDULE with result NOT_OK
]]></system-out>
  <system-err><![CDATA[]]></system-err>
  <testcase classname="org.opensmartgridplatform.cucumber.execution.DescriptionAsTest" name="Set light schedule when a previous request with astronomical offsets is in progress(PublicLightingScheduleManagement Set Light Schedule)" time="0.673" />
</testsuite>
