<?xml version="1.0" encoding="UTF-8" ?>
<testsuite errors="0" failures="0" hostname="osgp-cucumber-tests-platform-publiclighting-7x89j" name="Get status for an unregistered device(TariffSwitchingAdhocManagement GetTariffStatus)" skipped="0" tests="1" time="0.062" timestamp="2025-04-04T13:27:47">
  <properties />
  <system-out><![CDATA[[2025-04-04 13:27:47.871] [osgp-cucumber-tests-platform-publiclighting-7x89j] [main] INFO o.o.c.platform.database.CoreDatabase@batchDeleteAll:131 - Starting batchDeleteAll()
[2025-04-04 13:27:47.877] [osgp-cucumber-tests-platform-publiclighting-7x89j] [main] INFO o.o.c.platform.database.CoreDatabase@normalDeleteAll:154 - Starting normalDeleteAll()
]]></system-out>
  <system-err><![CDATA[]]></system-err>
  <testcase classname="org.opensmartgridplatform.cucumber.execution.DescriptionAsTest" name="Get status for an unregistered device(TariffSwitchingAdhocManagement GetTariffStatus)" time="0.062" />
</testsuite>
