<?xml version="1.0" encoding="UTF-8" ?>
<testsuite errors="0" failures="1" hostname="osgp-cucumber-tests-platform-publiclighting-7x89j" name="Set light schedule with 50 schedules # Success(PublicLightingScheduleManagement Set Light Schedule)" skipped="0" tests="1" time="37.61" timestamp="2025-04-04T13:07:54">
  <properties />
  <testcase classname="org.opensmartgridplatform.cucumber.execution.DescriptionAsTest" name="Set light schedule with 50 schedules # Success(PublicLightingScheduleManagement Set Light Schedule)" time="37.61">
    <error message="Timeout after [30] seconds." type="org.opentest4j.AssertionFailedError">org.opentest4j.AssertionFailedError: Timeout after [30] seconds.
	at org.opensmartgridplatform.cucumber.core.Wait.untilAndReturn(Wait.java:53)
	at org.opensmartgridplatform.cucumber.platform.publiclighting.glue.steps.ws.publiclighting.schedulemanagement.SetLightScheduleSteps.thePlatformBuffersASetLightScheduleResponseMessageForDevice(SetLightScheduleSteps.java:298)
	at âœ½.the platform buffers a set light schedule response message for device &quot;TEST1024000000001&quot;(classpath:features/publiclighting/osgp-adapter-ws-publiclighting/ScheduleManagement/SetLightSchedule.feature:361)
</error>
  </testcase>
  <system-out><![CDATA[[2025-04-04 13:07:54.252] [osgp-cucumber-tests-platform-publiclighting-7x89j] [main] INFO o.o.c.platform.database.CoreDatabase@batchDeleteAll:131 - Starting batchDeleteAll()
[2025-04-04 13:07:54.258] [osgp-cucumber-tests-platform-publiclighting-7x89j] [main] INFO o.o.c.platform.database.CoreDatabase@normalDeleteAll:154 - Starting normalDeleteAll()
[2025-04-04 13:07:54.287] [osgp-cucumber-tests-platform-publiclighting-7x89j] [main] INFO o.o.c.p.p.m.o.MockOslpServer@mockSetScheduleResponse:611 - Mocking response for device dGVzdDEyMzQ1Njc4 of message type: SET_LIGHT_SCHEDULE
[2025-04-04 13:07:54.287] [osgp-cucumber-tests-platform-publiclighting-7x89j] [main] INFO o.o.c.p.p.m.o.MockOslpServer@mockSetScheduleResponse:611 - Mocking response for device dGVzdDEyMzQ1Njc4 of message type: SET_LIGHT_SCHEDULE
[2025-04-04 13:07:54.287] [osgp-cucumber-tests-platform-publiclighting-7x89j] [main] INFO o.o.c.p.p.m.o.MockOslpServer@mockSetScheduleResponse:611 - Mocking response for device dGVzdDEyMzQ1Njc4 of message type: SET_LIGHT_SCHEDULE
[2025-04-04 13:07:54.287] [osgp-cucumber-tests-platform-publiclighting-7x89j] [main] INFO o.o.c.p.p.m.o.MockOslpServer@mockSetScheduleResponse:611 - Mocking response for device dGVzdDEyMzQ1Njc4 of message type: SET_LIGHT_SCHEDULE
[2025-04-04 13:07:54.288] [osgp-cucumber-tests-platform-publiclighting-7x89j] [main] INFO o.o.c.p.p.m.o.MockOslpServer@mockSetScheduleResponse:611 - Mocking response for device dGVzdDEyMzQ1Njc4 of message type: SET_LIGHT_SCHEDULE
[2025-04-04 13:07:54.288] [osgp-cucumber-tests-platform-publiclighting-7x89j] [main] INFO o.o.c.p.p.m.o.MockOslpServer@mockSetScheduleResponse:611 - Mocking response for device dGVzdDEyMzQ1Njc4 of message type: SET_LIGHT_SCHEDULE
[2025-04-04 13:07:54.288] [osgp-cucumber-tests-platform-publiclighting-7x89j] [main] INFO o.o.c.p.p.m.o.MockOslpServer@mockSetScheduleResponse:611 - Mocking response for device dGVzdDEyMzQ1Njc4 of message type: SET_LIGHT_SCHEDULE
[2025-04-04 13:07:54.288] [osgp-cucumber-tests-platform-publiclighting-7x89j] [main] INFO o.o.c.p.p.m.o.MockOslpServer@mockSetScheduleResponse:611 - Mocking response for device dGVzdDEyMzQ1Njc4 of message type: SET_LIGHT_SCHEDULE
[2025-04-04 13:07:54.289] [osgp-cucumber-tests-platform-publiclighting-7x89j] [main] INFO o.o.c.p.p.m.o.MockOslpServer@mockSetScheduleResponse:611 - Mocking response for device dGVzdDEyMzQ1Njc4 of message type: SET_LIGHT_SCHEDULE
[2025-04-04 13:07:54.289] [osgp-cucumber-tests-platform-publiclighting-7x89j] [main] INFO o.o.c.p.p.m.o.MockOslpServer@mockSetScheduleResponse:611 - Mocking response for device dGVzdDEyMzQ1Njc4 of message type: SET_LIGHT_SCHEDULE
[2025-04-04 13:07:54.463] [osgp-cucumber-tests-platform-publiclighting-7x89j] [main] INFO o.o.c.p.p.g.s.w.p.s.SetLightScheduleSteps@theSetLightScheduleAsyncResponseContains:274 - Got CorrelationUid: [test-org|||TEST1024000000001|||20250404130754329|||f90a9522-1a5a-43c9-9e97-74bb8efc6b71]
[2025-04-04 13:07:54.894] [osgp-cucumber-tests-platform-publiclighting-7x89j] [disposableNioEventLoopGroup-6-23] INFO o.o.c.p.p.m.o.MockOslpChannelHandler@handleRequest:403 - Device dGVzdDEyMzQ1Njc4 received [setScheduleRequest {
  schedules {
    weekday: ABSOLUTEDAY
    startDay: "20160101"
    endDay: "20161231"
    actionTime: ABSOLUTETIME
    time: "180000"
    window {
      minutesBefore: 30
      minutesAfter: 30
    }
    value {
      index: "\000"
      on: true
    }
    triggerType: LIGHT_TRIGGER
  }
  schedules {
    weekday: ABSOLUTEDAY
    startDay: "20160101"
    endDay: "20161231"
    actionTime: ABSOLUTETIME
    time: "180000"
    window {
      minutesBefore: 30
      minutesAfter: 30
    }
    value {
      index: "\000"
      on: true
    }
    triggerType: LIGHT_TRIGGER
  }
  schedules {
    weekday: ABSOLUTEDAY
    startDay: "20160101"
    endDay: "20161231"
    actionTime: ABSOLUTETIME
    time: "180000"
    window {
      minutesBefore: 30
      minutesAfter: 30
    }
    value {
      index: "\000"
      on: true
    }
    triggerType: LIGHT_TRIGGER
  }
  schedules {
    weekday: ABSOLUTEDAY
    startDay: "20160101"
    endDay: "20161231"
    actionTime: ABSOLUTETIME
    time: "180000"
    window {
      minutesBefore: 30
      minutesAfter: 30
    }
    value {
      index: "\000"
      on: true
    }
    triggerType: LIGHT_TRIGGER
  }
  schedules {
    weekday: ABSOLUTEDAY
    startDay: "20160101"
    endDay: "20161231"
    actionTime: ABSOLUTETIME
    time: "180000"
    window {
      minutesBefore: 30
      minutesAfter: 30
    }
    value {
      index: "\000"
      on: true
    }
    triggerType: LIGHT_TRIGGER
  }
  pageInfo {
    currentPage: 1
    pageSize: 5
    totalPages: 10
  }
  scheduleType: LIGHT
}
], sequence number [[0, 0]]
[2025-04-04 13:07:54.895] [osgp-cucumber-tests-platform-publiclighting-7x89j] [disposableNioEventLoopGroup-6-23] INFO o.o.c.p.p.m.o.MockOslpChannelHandler@handleRequest:425 - Device dGVzdDEyMzQ1Njc4 mocked response: [setScheduleResponse {
  status: OK
}
]
[2025-04-04 13:08:01.465] [osgp-cucumber-tests-platform-publiclighting-7x89j] [main] INFO o.o.c.p.p.m.o.MockOslpServer@waitForRequest:187 - Device dGVzdDEyMzQ1Njc4 is waiting for request of message type: SET_LIGHT_SCHEDULE, receivedResponses: 0
[2025-04-04 13:08:01.465] [osgp-cucumber-tests-platform-publiclighting-7x89j] [main] INFO o.o.c.p.p.m.o.MockOslpServer@waitForRequest:214 - Device dGVzdDEyMzQ1Njc4 received a request of message type: SET_LIGHT_SCHEDULE
[2025-04-04 13:08:01.486] [osgp-cucumber-tests-platform-publiclighting-7x89j] [main] INFO o.o.c.p.p.g.s.w.p.s.SetLightScheduleSteps@lambda$thePlatformBuffersASetLightScheduleResponseMessageForDevice$0:303 - Received a SOAP fault on setSchedule
[2025-04-04 13:08:01.486] [osgp-cucumber-tests-platform-publiclighting-7x89j] [main] ERROR o.o.cucumber.core.Wait@handleException:151 - Caught an exception: [Received a SOAP fault on setSchedule that could be rejected because the CorrelationUid is unknown]
[2025-04-04 13:08:01.486] [osgp-cucumber-tests-platform-publiclighting-7x89j] [main] INFO o.o.cucumber.core.Wait@untilAndReturn:74 - ... polling in Wait.until (0 seconds) ...
[2025-04-04 13:08:01.999] [osgp-cucumber-tests-platform-publiclighting-7x89j] [main] INFO o.o.c.p.p.g.s.w.p.s.SetLightScheduleSteps@lambda$thePlatformBuffersASetLightScheduleResponseMessageForDevice$0:303 - Received a SOAP fault on setSchedule
[2025-04-04 13:08:01.999] [osgp-cucumber-tests-platform-publiclighting-7x89j] [main] ERROR o.o.cucumber.core.Wait@handleException:151 - Caught an exception: [Received a SOAP fault on setSchedule that could be rejected because the CorrelationUid is unknown]
[2025-04-04 13:08:01.999] [osgp-cucumber-tests-platform-publiclighting-7x89j] [main] INFO o.o.cucumber.core.Wait@untilAndReturn:74 - ... polling in Wait.until (0 seconds) ...
[2025-04-04 13:08:02.513] [osgp-cucumber-tests-platform-publiclighting-7x89j] [main] INFO o.o.c.p.p.g.s.w.p.s.SetLightScheduleSteps@lambda$thePlatformBuffersASetLightScheduleResponseMessageForDevice$0:303 - Received a SOAP fault on setSchedule
[2025-04-04 13:08:02.513] [osgp-cucumber-tests-platform-publiclighting-7x89j] [main] ERROR o.o.cucumber.core.Wait@handleException:151 - Caught an exception: [Received a SOAP fault on setSchedule that could be rejected because the CorrelationUid is unknown]
[2025-04-04 13:08:02.513] [osgp-cucumber-tests-platform-publiclighting-7x89j] [main] INFO o.o.cucumber.core.Wait@untilAndReturn:74 - ... polling in Wait.until (1 seconds) ...
[2025-04-04 13:08:03.028] [osgp-cucumber-tests-platform-publiclighting-7x89j] [main] INFO o.o.c.p.p.g.s.w.p.s.SetLightScheduleSteps@lambda$thePlatformBuffersASetLightScheduleResponseMessageForDevice$0:303 - Received a SOAP fault on setSchedule
[2025-04-04 13:08:03.028] [osgp-cucumber-tests-platform-publiclighting-7x89j] [main] ERROR o.o.cucumber.core.Wait@handleException:151 - Caught an exception: [Received a SOAP fault on setSchedule that could be rejected because the CorrelationUid is unknown]
[2025-04-04 13:08:03.028] [osgp-cucumber-tests-platform-publiclighting-7x89j] [main] INFO o.o.cucumber.core.Wait@untilAndReturn:74 - ... polling in Wait.until (1 seconds) ...
[2025-04-04 13:08:03.543] [osgp-cucumber-tests-platform-publiclighting-7x89j] [main] INFO o.o.c.p.p.g.s.w.p.s.SetLightScheduleSteps@lambda$thePlatformBuffersASetLightScheduleResponseMessageForDevice$0:303 - Received a SOAP fault on setSchedule
[2025-04-04 13:08:03.544] [osgp-cucumber-tests-platform-publiclighting-7x89j] [main] ERROR o.o.cucumber.core.Wait@handleException:151 - Caught an exception: [Received a SOAP fault on setSchedule that could be rejected because the CorrelationUid is unknown]
[2025-04-04 13:08:03.544] [osgp-cucumber-tests-platform-publiclighting-7x89j] [main] INFO o.o.cucumber.core.Wait@untilAndReturn:74 - ... polling in Wait.until (2 seconds) ...
[2025-04-04 13:08:04.058] [osgp-cucumber-tests-platform-publiclighting-7x89j] [main] INFO o.o.c.p.p.g.s.w.p.s.SetLightScheduleSteps@lambda$thePlatformBuffersASetLightScheduleResponseMessageForDevice$0:303 - Received a SOAP fault on setSchedule
[2025-04-04 13:08:04.058] [osgp-cucumber-tests-platform-publiclighting-7x89j] [main] ERROR o.o.cucumber.core.Wait@handleException:151 - Caught an exception: [Received a SOAP fault on setSchedule that could be rejected because the CorrelationUid is unknown]
[2025-04-04 13:08:04.058] [osgp-cucumber-tests-platform-publiclighting-7x89j] [main] INFO o.o.cucumber.core.Wait@untilAndReturn:74 - ... polling in Wait.until (2 seconds) ...
[2025-04-04 13:08:04.572] [osgp-cucumber-tests-platform-publiclighting-7x89j] [main] INFO o.o.c.p.p.g.s.w.p.s.SetLightScheduleSteps@lambda$thePlatformBuffersASetLightScheduleResponseMessageForDevice$0:303 - Received a SOAP fault on setSchedule
[2025-04-04 13:08:04.572] [osgp-cucumber-tests-platform-publiclighting-7x89j] [main] ERROR o.o.cucumber.core.Wait@handleException:151 - Caught an exception: [Received a SOAP fault on setSchedule that could be rejected because the CorrelationUid is unknown]
[2025-04-04 13:08:04.572] [osgp-cucumber-tests-platform-publiclighting-7x89j] [main] INFO o.o.cucumber.core.Wait@untilAndReturn:74 - ... polling in Wait.until (3 seconds) ...
[2025-04-04 13:08:05.086] [osgp-cucumber-tests-platform-publiclighting-7x89j] [main] INFO o.o.c.p.p.g.s.w.p.s.SetLightScheduleSteps@lambda$thePlatformBuffersASetLightScheduleResponseMessageForDevice$0:303 - Received a SOAP fault on setSchedule
[2025-04-04 13:08:05.087] [osgp-cucumber-tests-platform-publiclighting-7x89j] [main] ERROR o.o.cucumber.core.Wait@handleException:151 - Caught an exception: [Received a SOAP fault on setSchedule that could be rejected because the CorrelationUid is unknown]
[2025-04-04 13:08:05.087] [osgp-cucumber-tests-platform-publiclighting-7x89j] [main] INFO o.o.cucumber.core.Wait@untilAndReturn:74 - ... polling in Wait.until (3 seconds) ...
[2025-04-04 13:08:05.600] [osgp-cucumber-tests-platform-publiclighting-7x89j] [main] INFO o.o.c.p.p.g.s.w.p.s.SetLightScheduleSteps@lambda$thePlatformBuffersASetLightScheduleResponseMessageForDevice$0:303 - Received a SOAP fault on setSchedule
[2025-04-04 13:08:05.600] [osgp-cucumber-tests-platform-publiclighting-7x89j] [main] ERROR o.o.cucumber.core.Wait@handleException:151 - Caught an exception: [Received a SOAP fault on setSchedule that could be rejected because the CorrelationUid is unknown]
[2025-04-04 13:08:05.600] [osgp-cucumber-tests-platform-publiclighting-7x89j] [main] INFO o.o.cucumber.core.Wait@untilAndReturn:74 - ... polling in Wait.until (4 seconds) ...
[2025-04-04 13:08:06.114] [osgp-cucumber-tests-platform-publiclighting-7x89j] [main] INFO o.o.c.p.p.g.s.w.p.s.SetLightScheduleSteps@lambda$thePlatformBuffersASetLightScheduleResponseMessageForDevice$0:303 - Received a SOAP fault on setSchedule
[2025-04-04 13:08:06.114] [osgp-cucumber-tests-platform-publiclighting-7x89j] [main] ERROR o.o.cucumber.core.Wait@handleException:151 - Caught an exception: [Received a SOAP fault on setSchedule that could be rejected because the CorrelationUid is unknown]
[2025-04-04 13:08:06.115] [osgp-cucumber-tests-platform-publiclighting-7x89j] [main] INFO o.o.cucumber.core.Wait@untilAndReturn:74 - ... polling in Wait.until (4 seconds) ...
[2025-04-04 13:08:06.643] [osgp-cucumber-tests-platform-publiclighting-7x89j] [main] INFO o.o.c.p.p.g.s.w.p.s.SetLightScheduleSteps@lambda$thePlatformBuffersASetLightScheduleResponseMessageForDevice$0:303 - Received a SOAP fault on setSchedule
[2025-04-04 13:08:06.643] [osgp-cucumber-tests-platform-publiclighting-7x89j] [main] ERROR o.o.cucumber.core.Wait@handleException:151 - Caught an exception: [Received a SOAP fault on setSchedule that could be rejected because the CorrelationUid is unknown]
[2025-04-04 13:08:06.643] [osgp-cucumber-tests-platform-publiclighting-7x89j] [main] INFO o.o.cucumber.core.Wait@untilAndReturn:74 - ... polling in Wait.until (5 seconds) ...
[2025-04-04 13:08:07.157] [osgp-cucumber-tests-platform-publiclighting-7x89j] [main] INFO o.o.c.p.p.g.s.w.p.s.SetLightScheduleSteps@lambda$thePlatformBuffersASetLightScheduleResponseMessageForDevice$0:303 - Received a SOAP fault on setSchedule
[2025-04-04 13:08:07.158] [osgp-cucumber-tests-platform-publiclighting-7x89j] [main] ERROR o.o.cucumber.core.Wait@handleException:151 - Caught an exception: [Received a SOAP fault on setSchedule that could be rejected because the CorrelationUid is unknown]
[2025-04-04 13:08:07.158] [osgp-cucumber-tests-platform-publiclighting-7x89j] [main] INFO o.o.cucumber.core.Wait@untilAndReturn:74 - ... polling in Wait.until (5 seconds) ...
[2025-04-04 13:08:07.674] [osgp-cucumber-tests-platform-publiclighting-7x89j] [main] INFO o.o.c.p.p.g.s.w.p.s.SetLightScheduleSteps@lambda$thePlatformBuffersASetLightScheduleResponseMessageForDevice$0:303 - Received a SOAP fault on setSchedule
[2025-04-04 13:08:07.674] [osgp-cucumber-tests-platform-publiclighting-7x89j] [main] ERROR o.o.cucumber.core.Wait@handleException:151 - Caught an exception: [Received a SOAP fault on setSchedule that could be rejected because the CorrelationUid is unknown]
[2025-04-04 13:08:07.674] [osgp-cucumber-tests-platform-publiclighting-7x89j] [main] INFO o.o.cucumber.core.Wait@untilAndReturn:74 - ... polling in Wait.until (6 seconds) ...
[2025-04-04 13:08:08.188] [osgp-cucumber-tests-platform-publiclighting-7x89j] [main] INFO o.o.c.p.p.g.s.w.p.s.SetLightScheduleSteps@lambda$thePlatformBuffersASetLightScheduleResponseMessageForDevice$0:303 - Received a SOAP fault on setSchedule
[2025-04-04 13:08:08.188] [osgp-cucumber-tests-platform-publiclighting-7x89j] [main] ERROR o.o.cucumber.core.Wait@handleException:151 - Caught an exception: [Received a SOAP fault on setSchedule that could be rejected because the CorrelationUid is unknown]
[2025-04-04 13:08:08.188] [osgp-cucumber-tests-platform-publiclighting-7x89j] [main] INFO o.o.cucumber.core.Wait@untilAndReturn:74 - ... polling in Wait.until (6 seconds) ...
[2025-04-04 13:08:08.704] [osgp-cucumber-tests-platform-publiclighting-7x89j] [main] INFO o.o.c.p.p.g.s.w.p.s.SetLightScheduleSteps@lambda$thePlatformBuffersASetLightScheduleResponseMessageForDevice$0:303 - Received a SOAP fault on setSchedule
[2025-04-04 13:08:08.704] [osgp-cucumber-tests-platform-publiclighting-7x89j] [main] ERROR o.o.cucumber.core.Wait@handleException:151 - Caught an exception: [Received a SOAP fault on setSchedule that could be rejected because the CorrelationUid is unknown]
[2025-04-04 13:08:08.704] [osgp-cucumber-tests-platform-publiclighting-7x89j] [main] INFO o.o.cucumber.core.Wait@untilAndReturn:74 - ... polling in Wait.until (7 seconds) ...
[2025-04-04 13:08:09.217] [osgp-cucumber-tests-platform-publiclighting-7x89j] [main] INFO o.o.c.p.p.g.s.w.p.s.SetLightScheduleSteps@lambda$thePlatformBuffersASetLightScheduleResponseMessageForDevice$0:303 - Received a SOAP fault on setSchedule
[2025-04-04 13:08:09.217] [osgp-cucumber-tests-platform-publiclighting-7x89j] [main] ERROR o.o.cucumber.core.Wait@handleException:151 - Caught an exception: [Received a SOAP fault on setSchedule that could be rejected because the CorrelationUid is unknown]
[2025-04-04 13:08:09.217] [osgp-cucumber-tests-platform-publiclighting-7x89j] [main] INFO o.o.cucumber.core.Wait@untilAndReturn:74 - ... polling in Wait.until (7 seconds) ...
[2025-04-04 13:08:09.731] [osgp-cucumber-tests-platform-publiclighting-7x89j] [main] INFO o.o.c.p.p.g.s.w.p.s.SetLightScheduleSteps@lambda$thePlatformBuffersASetLightScheduleResponseMessageForDevice$0:303 - Received a SOAP fault on setSchedule
[2025-04-04 13:08:09.731] [osgp-cucumber-tests-platform-publiclighting-7x89j] [main] ERROR o.o.cucumber.core.Wait@handleException:151 - Caught an exception: [Received a SOAP fault on setSchedule that could be rejected because the CorrelationUid is unknown]
[2025-04-04 13:08:09.731] [osgp-cucumber-tests-platform-publiclighting-7x89j] [main] INFO o.o.cucumber.core.Wait@untilAndReturn:74 - ... polling in Wait.until (8 seconds) ...
[2025-04-04 13:08:10.244] [osgp-cucumber-tests-platform-publiclighting-7x89j] [main] INFO o.o.c.p.p.g.s.w.p.s.SetLightScheduleSteps@lambda$thePlatformBuffersASetLightScheduleResponseMessageForDevice$0:303 - Received a SOAP fault on setSchedule
[2025-04-04 13:08:10.244] [osgp-cucumber-tests-platform-publiclighting-7x89j] [main] ERROR o.o.cucumber.core.Wait@handleException:151 - Caught an exception: [Received a SOAP fault on setSchedule that could be rejected because the CorrelationUid is unknown]
[2025-04-04 13:08:10.244] [osgp-cucumber-tests-platform-publiclighting-7x89j] [main] INFO o.o.cucumber.core.Wait@untilAndReturn:74 - ... polling in Wait.until (8 seconds) ...
[2025-04-04 13:08:10.762] [osgp-cucumber-tests-platform-publiclighting-7x89j] [main] INFO o.o.c.p.p.g.s.w.p.s.SetLightScheduleSteps@lambda$thePlatformBuffersASetLightScheduleResponseMessageForDevice$0:303 - Received a SOAP fault on setSchedule
[2025-04-04 13:08:10.762] [osgp-cucumber-tests-platform-publiclighting-7x89j] [main] ERROR o.o.cucumber.core.Wait@handleException:151 - Caught an exception: [Received a SOAP fault on setSchedule that could be rejected because the CorrelationUid is unknown]
[2025-04-04 13:08:10.762] [osgp-cucumber-tests-platform-publiclighting-7x89j] [main] INFO o.o.cucumber.core.Wait@untilAndReturn:74 - ... polling in Wait.until (9 seconds) ...
[2025-04-04 13:08:11.275] [osgp-cucumber-tests-platform-publiclighting-7x89j] [main] INFO o.o.c.p.p.g.s.w.p.s.SetLightScheduleSteps@lambda$thePlatformBuffersASetLightScheduleResponseMessageForDevice$0:303 - Received a SOAP fault on setSchedule
[2025-04-04 13:08:11.275] [osgp-cucumber-tests-platform-publiclighting-7x89j] [main] ERROR o.o.cucumber.core.Wait@handleException:151 - Caught an exception: [Received a SOAP fault on setSchedule that could be rejected because the CorrelationUid is unknown]
[2025-04-04 13:08:11.275] [osgp-cucumber-tests-platform-publiclighting-7x89j] [main] INFO o.o.cucumber.core.Wait@untilAndReturn:74 - ... polling in Wait.until (9 seconds) ...
[2025-04-04 13:08:11.790] [osgp-cucumber-tests-platform-publiclighting-7x89j] [main] INFO o.o.c.p.p.g.s.w.p.s.SetLightScheduleSteps@lambda$thePlatformBuffersASetLightScheduleResponseMessageForDevice$0:303 - Received a SOAP fault on setSchedule
[2025-04-04 13:08:11.790] [osgp-cucumber-tests-platform-publiclighting-7x89j] [main] ERROR o.o.cucumber.core.Wait@handleException:151 - Caught an exception: [Received a SOAP fault on setSchedule that could be rejected because the CorrelationUid is unknown]
[2025-04-04 13:08:11.790] [osgp-cucumber-tests-platform-publiclighting-7x89j] [main] INFO o.o.cucumber.core.Wait@untilAndReturn:74 - ... polling in Wait.until (10 seconds) ...
[2025-04-04 13:08:12.305] [osgp-cucumber-tests-platform-publiclighting-7x89j] [main] INFO o.o.c.p.p.g.s.w.p.s.SetLightScheduleSteps@lambda$thePlatformBuffersASetLightScheduleResponseMessageForDevice$0:303 - Received a SOAP fault on setSchedule
[2025-04-04 13:08:12.305] [osgp-cucumber-tests-platform-publiclighting-7x89j] [main] ERROR o.o.cucumber.core.Wait@handleException:151 - Caught an exception: [Received a SOAP fault on setSchedule that could be rejected because the CorrelationUid is unknown]
[2025-04-04 13:08:12.305] [osgp-cucumber-tests-platform-publiclighting-7x89j] [main] INFO o.o.cucumber.core.Wait@untilAndReturn:74 - ... polling in Wait.until (10 seconds) ...
[2025-04-04 13:08:12.819] [osgp-cucumber-tests-platform-publiclighting-7x89j] [main] INFO o.o.c.p.p.g.s.w.p.s.SetLightScheduleSteps@lambda$thePlatformBuffersASetLightScheduleResponseMessageForDevice$0:303 - Received a SOAP fault on setSchedule
[2025-04-04 13:08:12.819] [osgp-cucumber-tests-platform-publiclighting-7x89j] [main] ERROR o.o.cucumber.core.Wait@handleException:151 - Caught an exception: [Received a SOAP fault on setSchedule that could be rejected because the CorrelationUid is unknown]
[2025-04-04 13:08:12.819] [osgp-cucumber-tests-platform-publiclighting-7x89j] [main] INFO o.o.cucumber.core.Wait@untilAndReturn:74 - ... polling in Wait.until (11 seconds) ...
[2025-04-04 13:08:13.332] [osgp-cucumber-tests-platform-publiclighting-7x89j] [main] INFO o.o.c.p.p.g.s.w.p.s.SetLightScheduleSteps@lambda$thePlatformBuffersASetLightScheduleResponseMessageForDevice$0:303 - Received a SOAP fault on setSchedule
[2025-04-04 13:08:13.332] [osgp-cucumber-tests-platform-publiclighting-7x89j] [main] ERROR o.o.cucumber.core.Wait@handleException:151 - Caught an exception: [Received a SOAP fault on setSchedule that could be rejected because the CorrelationUid is unknown]
[2025-04-04 13:08:13.332] [osgp-cucumber-tests-platform-publiclighting-7x89j] [main] INFO o.o.cucumber.core.Wait@untilAndReturn:74 - ... polling in Wait.until (11 seconds) ...
[2025-04-04 13:08:13.846] [osgp-cucumber-tests-platform-publiclighting-7x89j] [main] INFO o.o.c.p.p.g.s.w.p.s.SetLightScheduleSteps@lambda$thePlatformBuffersASetLightScheduleResponseMessageForDevice$0:303 - Received a SOAP fault on setSchedule
[2025-04-04 13:08:13.846] [osgp-cucumber-tests-platform-publiclighting-7x89j] [main] ERROR o.o.cucumber.core.Wait@handleException:151 - Caught an exception: [Received a SOAP fault on setSchedule that could be rejected because the CorrelationUid is unknown]
[2025-04-04 13:08:13.846] [osgp-cucumber-tests-platform-publiclighting-7x89j] [main] INFO o.o.cucumber.core.Wait@untilAndReturn:74 - ... polling in Wait.until (12 seconds) ...
[2025-04-04 13:08:14.359] [osgp-cucumber-tests-platform-publiclighting-7x89j] [main] INFO o.o.c.p.p.g.s.w.p.s.SetLightScheduleSteps@lambda$thePlatformBuffersASetLightScheduleResponseMessageForDevice$0:303 - Received a SOAP fault on setSchedule
[2025-04-04 13:08:14.359] [osgp-cucumber-tests-platform-publiclighting-7x89j] [main] ERROR o.o.cucumber.core.Wait@handleException:151 - Caught an exception: [Received a SOAP fault on setSchedule that could be rejected because the CorrelationUid is unknown]
[2025-04-04 13:08:14.359] [osgp-cucumber-tests-platform-publiclighting-7x89j] [main] INFO o.o.cucumber.core.Wait@untilAndReturn:74 - ... polling in Wait.until (12 seconds) ...
[2025-04-04 13:08:14.872] [osgp-cucumber-tests-platform-publiclighting-7x89j] [main] INFO o.o.c.p.p.g.s.w.p.s.SetLightScheduleSteps@lambda$thePlatformBuffersASetLightScheduleResponseMessageForDevice$0:303 - Received a SOAP fault on setSchedule
[2025-04-04 13:08:14.872] [osgp-cucumber-tests-platform-publiclighting-7x89j] [main] ERROR o.o.cucumber.core.Wait@handleException:151 - Caught an exception: [Received a SOAP fault on setSchedule that could be rejected because the CorrelationUid is unknown]
[2025-04-04 13:08:14.872] [osgp-cucumber-tests-platform-publiclighting-7x89j] [main] INFO o.o.cucumber.core.Wait@untilAndReturn:74 - ... polling in Wait.until (13 seconds) ...
[2025-04-04 13:08:15.388] [osgp-cucumber-tests-platform-publiclighting-7x89j] [main] INFO o.o.c.p.p.g.s.w.p.s.SetLightScheduleSteps@lambda$thePlatformBuffersASetLightScheduleResponseMessageForDevice$0:303 - Received a SOAP fault on setSchedule
[2025-04-04 13:08:15.388] [osgp-cucumber-tests-platform-publiclighting-7x89j] [main] ERROR o.o.cucumber.core.Wait@handleException:151 - Caught an exception: [Received a SOAP fault on setSchedule that could be rejected because the CorrelationUid is unknown]
[2025-04-04 13:08:15.388] [osgp-cucumber-tests-platform-publiclighting-7x89j] [main] INFO o.o.cucumber.core.Wait@untilAndReturn:74 - ... polling in Wait.until (13 seconds) ...
[2025-04-04 13:08:15.901] [osgp-cucumber-tests-platform-publiclighting-7x89j] [main] INFO o.o.c.p.p.g.s.w.p.s.SetLightScheduleSteps@lambda$thePlatformBuffersASetLightScheduleResponseMessageForDevice$0:303 - Received a SOAP fault on setSchedule
[2025-04-04 13:08:15.901] [osgp-cucumber-tests-platform-publiclighting-7x89j] [main] ERROR o.o.cucumber.core.Wait@handleException:151 - Caught an exception: [Received a SOAP fault on setSchedule that could be rejected because the CorrelationUid is unknown]
[2025-04-04 13:08:15.901] [osgp-cucumber-tests-platform-publiclighting-7x89j] [main] INFO o.o.cucumber.core.Wait@untilAndReturn:74 - ... polling in Wait.until (14 seconds) ...
[2025-04-04 13:08:16.415] [osgp-cucumber-tests-platform-publiclighting-7x89j] [main] INFO o.o.c.p.p.g.s.w.p.s.SetLightScheduleSteps@lambda$thePlatformBuffersASetLightScheduleResponseMessageForDevice$0:303 - Received a SOAP fault on setSchedule
[2025-04-04 13:08:16.415] [osgp-cucumber-tests-platform-publiclighting-7x89j] [main] ERROR o.o.cucumber.core.Wait@handleException:151 - Caught an exception: [Received a SOAP fault on setSchedule that could be rejected because the CorrelationUid is unknown]
[2025-04-04 13:08:16.415] [osgp-cucumber-tests-platform-publiclighting-7x89j] [main] INFO o.o.cucumber.core.Wait@untilAndReturn:74 - ... polling in Wait.until (14 seconds) ...
[2025-04-04 13:08:16.942] [osgp-cucumber-tests-platform-publiclighting-7x89j] [main] INFO o.o.c.p.p.g.s.w.p.s.SetLightScheduleSteps@lambda$thePlatformBuffersASetLightScheduleResponseMessageForDevice$0:303 - Received a SOAP fault on setSchedule
[2025-04-04 13:08:16.943] [osgp-cucumber-tests-platform-publiclighting-7x89j] [main] ERROR o.o.cucumber.core.Wait@handleException:151 - Caught an exception: [Received a SOAP fault on setSchedule that could be rejected because the CorrelationUid is unknown]
[2025-04-04 13:08:16.943] [osgp-cucumber-tests-platform-publiclighting-7x89j] [main] INFO o.o.cucumber.core.Wait@untilAndReturn:74 - ... polling in Wait.until (15 seconds) ...
[2025-04-04 13:08:17.456] [osgp-cucumber-tests-platform-publiclighting-7x89j] [main] INFO o.o.c.p.p.g.s.w.p.s.SetLightScheduleSteps@lambda$thePlatformBuffersASetLightScheduleResponseMessageForDevice$0:303 - Received a SOAP fault on setSchedule
[2025-04-04 13:08:17.456] [osgp-cucumber-tests-platform-publiclighting-7x89j] [main] ERROR o.o.cucumber.core.Wait@handleException:151 - Caught an exception: [Received a SOAP fault on setSchedule that could be rejected because the CorrelationUid is unknown]
[2025-04-04 13:08:17.456] [osgp-cucumber-tests-platform-publiclighting-7x89j] [main] INFO o.o.cucumber.core.Wait@untilAndReturn:74 - ... polling in Wait.until (15 seconds) ...
[2025-04-04 13:08:17.969] [osgp-cucumber-tests-platform-publiclighting-7x89j] [main] INFO o.o.c.p.p.g.s.w.p.s.SetLightScheduleSteps@lambda$thePlatformBuffersASetLightScheduleResponseMessageForDevice$0:303 - Received a SOAP fault on setSchedule
[2025-04-04 13:08:17.969] [osgp-cucumber-tests-platform-publiclighting-7x89j] [main] ERROR o.o.cucumber.core.Wait@handleException:151 - Caught an exception: [Received a SOAP fault on setSchedule that could be rejected because the CorrelationUid is unknown]
[2025-04-04 13:08:17.969] [osgp-cucumber-tests-platform-publiclighting-7x89j] [main] INFO o.o.cucumber.core.Wait@untilAndReturn:74 - ... polling in Wait.until (16 seconds) ...
[2025-04-04 13:08:18.483] [osgp-cucumber-tests-platform-publiclighting-7x89j] [main] INFO o.o.c.p.p.g.s.w.p.s.SetLightScheduleSteps@lambda$thePlatformBuffersASetLightScheduleResponseMessageForDevice$0:303 - Received a SOAP fault on setSchedule
[2025-04-04 13:08:18.483] [osgp-cucumber-tests-platform-publiclighting-7x89j] [main] ERROR o.o.cucumber.core.Wait@handleException:151 - Caught an exception: [Received a SOAP fault on setSchedule that could be rejected because the CorrelationUid is unknown]
[2025-04-04 13:08:18.483] [osgp-cucumber-tests-platform-publiclighting-7x89j] [main] INFO o.o.cucumber.core.Wait@untilAndReturn:74 - ... polling in Wait.until (17 seconds) ...
[2025-04-04 13:08:18.996] [osgp-cucumber-tests-platform-publiclighting-7x89j] [main] INFO o.o.c.p.p.g.s.w.p.s.SetLightScheduleSteps@lambda$thePlatformBuffersASetLightScheduleResponseMessageForDevice$0:303 - Received a SOAP fault on setSchedule
[2025-04-04 13:08:18.996] [osgp-cucumber-tests-platform-publiclighting-7x89j] [main] ERROR o.o.cucumber.core.Wait@handleException:151 - Caught an exception: [Received a SOAP fault on setSchedule that could be rejected because the CorrelationUid is unknown]
[2025-04-04 13:08:18.996] [osgp-cucumber-tests-platform-publiclighting-7x89j] [main] INFO o.o.cucumber.core.Wait@untilAndReturn:74 - ... polling in Wait.until (17 seconds) ...
[2025-04-04 13:08:19.508] [osgp-cucumber-tests-platform-publiclighting-7x89j] [main] INFO o.o.c.p.p.g.s.w.p.s.SetLightScheduleSteps@lambda$thePlatformBuffersASetLightScheduleResponseMessageForDevice$0:303 - Received a SOAP fault on setSchedule
[2025-04-04 13:08:19.508] [osgp-cucumber-tests-platform-publiclighting-7x89j] [main] ERROR o.o.cucumber.core.Wait@handleException:151 - Caught an exception: [Received a SOAP fault on setSchedule that could be rejected because the CorrelationUid is unknown]
[2025-04-04 13:08:19.509] [osgp-cucumber-tests-platform-publiclighting-7x89j] [main] INFO o.o.cucumber.core.Wait@untilAndReturn:74 - ... polling in Wait.until (18 seconds) ...
[2025-04-04 13:08:20.024] [osgp-cucumber-tests-platform-publiclighting-7x89j] [main] INFO o.o.c.p.p.g.s.w.p.s.SetLightScheduleSteps@lambda$thePlatformBuffersASetLightScheduleResponseMessageForDevice$0:303 - Received a SOAP fault on setSchedule
[2025-04-04 13:08:20.024] [osgp-cucumber-tests-platform-publiclighting-7x89j] [main] ERROR o.o.cucumber.core.Wait@handleException:151 - Caught an exception: [Received a SOAP fault on setSchedule that could be rejected because the CorrelationUid is unknown]
[2025-04-04 13:08:20.024] [osgp-cucumber-tests-platform-publiclighting-7x89j] [main] INFO o.o.cucumber.core.Wait@untilAndReturn:74 - ... polling in Wait.until (18 seconds) ...
[2025-04-04 13:08:20.537] [osgp-cucumber-tests-platform-publiclighting-7x89j] [main] INFO o.o.c.p.p.g.s.w.p.s.SetLightScheduleSteps@lambda$thePlatformBuffersASetLightScheduleResponseMessageForDevice$0:303 - Received a SOAP fault on setSchedule
[2025-04-04 13:08:20.538] [osgp-cucumber-tests-platform-publiclighting-7x89j] [main] ERROR o.o.cucumber.core.Wait@handleException:151 - Caught an exception: [Received a SOAP fault on setSchedule that could be rejected because the CorrelationUid is unknown]
[2025-04-04 13:08:20.538] [osgp-cucumber-tests-platform-publiclighting-7x89j] [main] INFO o.o.cucumber.core.Wait@untilAndReturn:74 - ... polling in Wait.until (19 seconds) ...
[2025-04-04 13:08:21.053] [osgp-cucumber-tests-platform-publiclighting-7x89j] [main] INFO o.o.c.p.p.g.s.w.p.s.SetLightScheduleSteps@lambda$thePlatformBuffersASetLightScheduleResponseMessageForDevice$0:303 - Received a SOAP fault on setSchedule
[2025-04-04 13:08:21.053] [osgp-cucumber-tests-platform-publiclighting-7x89j] [main] ERROR o.o.cucumber.core.Wait@handleException:151 - Caught an exception: [Received a SOAP fault on setSchedule that could be rejected because the CorrelationUid is unknown]
[2025-04-04 13:08:21.053] [osgp-cucumber-tests-platform-publiclighting-7x89j] [main] INFO o.o.cucumber.core.Wait@untilAndReturn:74 - ... polling in Wait.until (19 seconds) ...
[2025-04-04 13:08:21.569] [osgp-cucumber-tests-platform-publiclighting-7x89j] [main] INFO o.o.c.p.p.g.s.w.p.s.SetLightScheduleSteps@lambda$thePlatformBuffersASetLightScheduleResponseMessageForDevice$0:303 - Received a SOAP fault on setSchedule
[2025-04-04 13:08:21.569] [osgp-cucumber-tests-platform-publiclighting-7x89j] [main] ERROR o.o.cucumber.core.Wait@handleException:151 - Caught an exception: [Received a SOAP fault on setSchedule that could be rejected because the CorrelationUid is unknown]
[2025-04-04 13:08:21.570] [osgp-cucumber-tests-platform-publiclighting-7x89j] [main] INFO o.o.cucumber.core.Wait@untilAndReturn:74 - ... polling in Wait.until (20 seconds) ...
[2025-04-04 13:08:22.084] [osgp-cucumber-tests-platform-publiclighting-7x89j] [main] INFO o.o.c.p.p.g.s.w.p.s.SetLightScheduleSteps@lambda$thePlatformBuffersASetLightScheduleResponseMessageForDevice$0:303 - Received a SOAP fault on setSchedule
[2025-04-04 13:08:22.085] [osgp-cucumber-tests-platform-publiclighting-7x89j] [main] ERROR o.o.cucumber.core.Wait@handleException:151 - Caught an exception: [Received a SOAP fault on setSchedule that could be rejected because the CorrelationUid is unknown]
[2025-04-04 13:08:22.085] [osgp-cucumber-tests-platform-publiclighting-7x89j] [main] INFO o.o.cucumber.core.Wait@untilAndReturn:74 - ... polling in Wait.until (20 seconds) ...
[2025-04-04 13:08:22.598] [osgp-cucumber-tests-platform-publiclighting-7x89j] [main] INFO o.o.c.p.p.g.s.w.p.s.SetLightScheduleSteps@lambda$thePlatformBuffersASetLightScheduleResponseMessageForDevice$0:303 - Received a SOAP fault on setSchedule
[2025-04-04 13:08:22.598] [osgp-cucumber-tests-platform-publiclighting-7x89j] [main] ERROR o.o.cucumber.core.Wait@handleException:151 - Caught an exception: [Received a SOAP fault on setSchedule that could be rejected because the CorrelationUid is unknown]
[2025-04-04 13:08:22.598] [osgp-cucumber-tests-platform-publiclighting-7x89j] [main] INFO o.o.cucumber.core.Wait@untilAndReturn:74 - ... polling in Wait.until (21 seconds) ...
[2025-04-04 13:08:23.113] [osgp-cucumber-tests-platform-publiclighting-7x89j] [main] INFO o.o.c.p.p.g.s.w.p.s.SetLightScheduleSteps@lambda$thePlatformBuffersASetLightScheduleResponseMessageForDevice$0:303 - Received a SOAP fault on setSchedule
[2025-04-04 13:08:23.113] [osgp-cucumber-tests-platform-publiclighting-7x89j] [main] ERROR o.o.cucumber.core.Wait@handleException:151 - Caught an exception: [Received a SOAP fault on setSchedule that could be rejected because the CorrelationUid is unknown]
[2025-04-04 13:08:23.113] [osgp-cucumber-tests-platform-publiclighting-7x89j] [main] INFO o.o.cucumber.core.Wait@untilAndReturn:74 - ... polling in Wait.until (21 seconds) ...
[2025-04-04 13:08:23.626] [osgp-cucumber-tests-platform-publiclighting-7x89j] [main] INFO o.o.c.p.p.g.s.w.p.s.SetLightScheduleSteps@lambda$thePlatformBuffersASetLightScheduleResponseMessageForDevice$0:303 - Received a SOAP fault on setSchedule
[2025-04-04 13:08:23.626] [osgp-cucumber-tests-platform-publiclighting-7x89j] [main] ERROR o.o.cucumber.core.Wait@handleException:151 - Caught an exception: [Received a SOAP fault on setSchedule that could be rejected because the CorrelationUid is unknown]
[2025-04-04 13:08:23.626] [osgp-cucumber-tests-platform-publiclighting-7x89j] [main] INFO o.o.cucumber.core.Wait@untilAndReturn:74 - ... polling in Wait.until (22 seconds) ...
[2025-04-04 13:08:24.140] [osgp-cucumber-tests-platform-publiclighting-7x89j] [main] INFO o.o.c.p.p.g.s.w.p.s.SetLightScheduleSteps@lambda$thePlatformBuffersASetLightScheduleResponseMessageForDevice$0:303 - Received a SOAP fault on setSchedule
[2025-04-04 13:08:24.140] [osgp-cucumber-tests-platform-publiclighting-7x89j] [main] ERROR o.o.cucumber.core.Wait@handleException:151 - Caught an exception: [Received a SOAP fault on setSchedule that could be rejected because the CorrelationUid is unknown]
[2025-04-04 13:08:24.140] [osgp-cucumber-tests-platform-publiclighting-7x89j] [main] INFO o.o.cucumber.core.Wait@untilAndReturn:74 - ... polling in Wait.until (22 seconds) ...
[2025-04-04 13:08:24.653] [osgp-cucumber-tests-platform-publiclighting-7x89j] [main] INFO o.o.c.p.p.g.s.w.p.s.SetLightScheduleSteps@lambda$thePlatformBuffersASetLightScheduleResponseMessageForDevice$0:303 - Received a SOAP fault on setSchedule
[2025-04-04 13:08:24.653] [osgp-cucumber-tests-platform-publiclighting-7x89j] [main] ERROR o.o.cucumber.core.Wait@handleException:151 - Caught an exception: [Received a SOAP fault on setSchedule that could be rejected because the CorrelationUid is unknown]
[2025-04-04 13:08:24.654] [osgp-cucumber-tests-platform-publiclighting-7x89j] [main] INFO o.o.cucumber.core.Wait@untilAndReturn:74 - ... polling in Wait.until (23 seconds) ...
[2025-04-04 13:08:25.166] [osgp-cucumber-tests-platform-publiclighting-7x89j] [main] INFO o.o.c.p.p.g.s.w.p.s.SetLightScheduleSteps@lambda$thePlatformBuffersASetLightScheduleResponseMessageForDevice$0:303 - Received a SOAP fault on setSchedule
[2025-04-04 13:08:25.166] [osgp-cucumber-tests-platform-publiclighting-7x89j] [main] ERROR o.o.cucumber.core.Wait@handleException:151 - Caught an exception: [Received a SOAP fault on setSchedule that could be rejected because the CorrelationUid is unknown]
[2025-04-04 13:08:25.166] [osgp-cucumber-tests-platform-publiclighting-7x89j] [main] INFO o.o.cucumber.core.Wait@untilAndReturn:74 - ... polling in Wait.until (23 seconds) ...
[2025-04-04 13:08:25.678] [osgp-cucumber-tests-platform-publiclighting-7x89j] [main] INFO o.o.c.p.p.g.s.w.p.s.SetLightScheduleSteps@lambda$thePlatformBuffersASetLightScheduleResponseMessageForDevice$0:303 - Received a SOAP fault on setSchedule
[2025-04-04 13:08:25.679] [osgp-cucumber-tests-platform-publiclighting-7x89j] [main] ERROR o.o.cucumber.core.Wait@handleException:151 - Caught an exception: [Received a SOAP fault on setSchedule that could be rejected because the CorrelationUid is unknown]
[2025-04-04 13:08:25.679] [osgp-cucumber-tests-platform-publiclighting-7x89j] [main] INFO o.o.cucumber.core.Wait@untilAndReturn:74 - ... polling in Wait.until (24 seconds) ...
[2025-04-04 13:08:26.192] [osgp-cucumber-tests-platform-publiclighting-7x89j] [main] INFO o.o.c.p.p.g.s.w.p.s.SetLightScheduleSteps@lambda$thePlatformBuffersASetLightScheduleResponseMessageForDevice$0:303 - Received a SOAP fault on setSchedule
[2025-04-04 13:08:26.192] [osgp-cucumber-tests-platform-publiclighting-7x89j] [main] ERROR o.o.cucumber.core.Wait@handleException:151 - Caught an exception: [Received a SOAP fault on setSchedule that could be rejected because the CorrelationUid is unknown]
[2025-04-04 13:08:26.192] [osgp-cucumber-tests-platform-publiclighting-7x89j] [main] INFO o.o.cucumber.core.Wait@untilAndReturn:74 - ... polling in Wait.until (24 seconds) ...
[2025-04-04 13:08:26.706] [osgp-cucumber-tests-platform-publiclighting-7x89j] [main] INFO o.o.c.p.p.g.s.w.p.s.SetLightScheduleSteps@lambda$thePlatformBuffersASetLightScheduleResponseMessageForDevice$0:303 - Received a SOAP fault on setSchedule
[2025-04-04 13:08:26.706] [osgp-cucumber-tests-platform-publiclighting-7x89j] [main] ERROR o.o.cucumber.core.Wait@handleException:151 - Caught an exception: [Received a SOAP fault on setSchedule that could be rejected because the CorrelationUid is unknown]
[2025-04-04 13:08:26.706] [osgp-cucumber-tests-platform-publiclighting-7x89j] [main] INFO o.o.cucumber.core.Wait@untilAndReturn:74 - ... polling in Wait.until (25 seconds) ...
[2025-04-04 13:08:27.234] [osgp-cucumber-tests-platform-publiclighting-7x89j] [main] INFO o.o.c.p.p.g.s.w.p.s.SetLightScheduleSteps@lambda$thePlatformBuffersASetLightScheduleResponseMessageForDevice$0:303 - Received a SOAP fault on setSchedule
[2025-04-04 13:08:27.234] [osgp-cucumber-tests-platform-publiclighting-7x89j] [main] ERROR o.o.cucumber.core.Wait@handleException:151 - Caught an exception: [Received a SOAP fault on setSchedule that could be rejected because the CorrelationUid is unknown]
[2025-04-04 13:08:27.234] [osgp-cucumber-tests-platform-publiclighting-7x89j] [main] INFO o.o.cucumber.core.Wait@untilAndReturn:74 - ... polling in Wait.until (25 seconds) ...
[2025-04-04 13:08:27.747] [osgp-cucumber-tests-platform-publiclighting-7x89j] [main] INFO o.o.c.p.p.g.s.w.p.s.SetLightScheduleSteps@lambda$thePlatformBuffersASetLightScheduleResponseMessageForDevice$0:303 - Received a SOAP fault on setSchedule
[2025-04-04 13:08:27.747] [osgp-cucumber-tests-platform-publiclighting-7x89j] [main] ERROR o.o.cucumber.core.Wait@handleException:151 - Caught an exception: [Received a SOAP fault on setSchedule that could be rejected because the CorrelationUid is unknown]
[2025-04-04 13:08:27.748] [osgp-cucumber-tests-platform-publiclighting-7x89j] [main] INFO o.o.cucumber.core.Wait@untilAndReturn:74 - ... polling in Wait.until (26 seconds) ...
[2025-04-04 13:08:28.261] [osgp-cucumber-tests-platform-publiclighting-7x89j] [main] INFO o.o.c.p.p.g.s.w.p.s.SetLightScheduleSteps@lambda$thePlatformBuffersASetLightScheduleResponseMessageForDevice$0:303 - Received a SOAP fault on setSchedule
[2025-04-04 13:08:28.261] [osgp-cucumber-tests-platform-publiclighting-7x89j] [main] ERROR o.o.cucumber.core.Wait@handleException:151 - Caught an exception: [Received a SOAP fault on setSchedule that could be rejected because the CorrelationUid is unknown]
[2025-04-04 13:08:28.261] [osgp-cucumber-tests-platform-publiclighting-7x89j] [main] INFO o.o.cucumber.core.Wait@untilAndReturn:74 - ... polling in Wait.until (26 seconds) ...
[2025-04-04 13:08:28.775] [osgp-cucumber-tests-platform-publiclighting-7x89j] [main] INFO o.o.c.p.p.g.s.w.p.s.SetLightScheduleSteps@lambda$thePlatformBuffersASetLightScheduleResponseMessageForDevice$0:303 - Received a SOAP fault on setSchedule
[2025-04-04 13:08:28.775] [osgp-cucumber-tests-platform-publiclighting-7x89j] [main] ERROR o.o.cucumber.core.Wait@handleException:151 - Caught an exception: [Received a SOAP fault on setSchedule that could be rejected because the CorrelationUid is unknown]
[2025-04-04 13:08:28.775] [osgp-cucumber-tests-platform-publiclighting-7x89j] [main] INFO o.o.cucumber.core.Wait@untilAndReturn:74 - ... polling in Wait.until (27 seconds) ...
[2025-04-04 13:08:29.296] [osgp-cucumber-tests-platform-publiclighting-7x89j] [main] INFO o.o.c.p.p.g.s.w.p.s.SetLightScheduleSteps@lambda$thePlatformBuffersASetLightScheduleResponseMessageForDevice$0:303 - Received a SOAP fault on setSchedule
[2025-04-04 13:08:29.296] [osgp-cucumber-tests-platform-publiclighting-7x89j] [main] ERROR o.o.cucumber.core.Wait@handleException:151 - Caught an exception: [Received a SOAP fault on setSchedule that could be rejected because the CorrelationUid is unknown]
[2025-04-04 13:08:29.296] [osgp-cucumber-tests-platform-publiclighting-7x89j] [main] INFO o.o.cucumber.core.Wait@untilAndReturn:74 - ... polling in Wait.until (27 seconds) ...
[2025-04-04 13:08:29.809] [osgp-cucumber-tests-platform-publiclighting-7x89j] [main] INFO o.o.c.p.p.g.s.w.p.s.SetLightScheduleSteps@lambda$thePlatformBuffersASetLightScheduleResponseMessageForDevice$0:303 - Received a SOAP fault on setSchedule
[2025-04-04 13:08:29.809] [osgp-cucumber-tests-platform-publiclighting-7x89j] [main] ERROR o.o.cucumber.core.Wait@handleException:151 - Caught an exception: [Received a SOAP fault on setSchedule that could be rejected because the CorrelationUid is unknown]
[2025-04-04 13:08:29.809] [osgp-cucumber-tests-platform-publiclighting-7x89j] [main] INFO o.o.cucumber.core.Wait@untilAndReturn:74 - ... polling in Wait.until (28 seconds) ...
[2025-04-04 13:08:30.323] [osgp-cucumber-tests-platform-publiclighting-7x89j] [main] INFO o.o.c.p.p.g.s.w.p.s.SetLightScheduleSteps@lambda$thePlatformBuffersASetLightScheduleResponseMessageForDevice$0:303 - Received a SOAP fault on setSchedule
[2025-04-04 13:08:30.323] [osgp-cucumber-tests-platform-publiclighting-7x89j] [main] ERROR o.o.cucumber.core.Wait@handleException:151 - Caught an exception: [Received a SOAP fault on setSchedule that could be rejected because the CorrelationUid is unknown]
[2025-04-04 13:08:30.324] [osgp-cucumber-tests-platform-publiclighting-7x89j] [main] INFO o.o.cucumber.core.Wait@untilAndReturn:74 - ... polling in Wait.until (28 seconds) ...
[2025-04-04 13:08:30.838] [osgp-cucumber-tests-platform-publiclighting-7x89j] [main] INFO o.o.c.p.p.g.s.w.p.s.SetLightScheduleSteps@lambda$thePlatformBuffersASetLightScheduleResponseMessageForDevice$0:303 - Received a SOAP fault on setSchedule
[2025-04-04 13:08:30.838] [osgp-cucumber-tests-platform-publiclighting-7x89j] [main] ERROR o.o.cucumber.core.Wait@handleException:151 - Caught an exception: [Received a SOAP fault on setSchedule that could be rejected because the CorrelationUid is unknown]
[2025-04-04 13:08:30.839] [osgp-cucumber-tests-platform-publiclighting-7x89j] [main] INFO o.o.cucumber.core.Wait@untilAndReturn:74 - ... polling in Wait.until (29 seconds) ...
[2025-04-04 13:08:31.352] [osgp-cucumber-tests-platform-publiclighting-7x89j] [main] INFO o.o.c.p.p.g.s.w.p.s.SetLightScheduleSteps@lambda$thePlatformBuffersASetLightScheduleResponseMessageForDevice$0:303 - Received a SOAP fault on setSchedule
[2025-04-04 13:08:31.352] [osgp-cucumber-tests-platform-publiclighting-7x89j] [main] ERROR o.o.cucumber.core.Wait@handleException:151 - Caught an exception: [Received a SOAP fault on setSchedule that could be rejected because the CorrelationUid is unknown]
[2025-04-04 13:08:31.352] [osgp-cucumber-tests-platform-publiclighting-7x89j] [main] INFO o.o.cucumber.core.Wait@untilAndReturn:74 - ... polling in Wait.until (29 seconds) ...
]]></system-out>
  <system-err><![CDATA[]]></system-err>
</testsuite>
