<?xml version="1.0" encoding="UTF-8" ?>
<testsuite errors="0" failures="0" hostname="osgp-cucumber-tests-platform-publiclighting-7x89j" name="Failed set configuration of a device(CoreConfigurationManagement SetConfiguration)" skipped="0" tests="1" time="1.189" timestamp="2025-04-04T12:16:34">
  <properties />
  <system-out><![CDATA[[2025-04-04 12:16:34.193] [osgp-cucumber-tests-platform-publiclighting-7x89j] [main] INFO o.o.c.platform.database.CoreDatabase@batchDeleteAll:131 - Starting batchDeleteAll()
[2025-04-04 12:16:34.202] [osgp-cucumber-tests-platform-publiclighting-7x89j] [main] INFO o.o.c.platform.database.CoreDatabase@normalDeleteAll:154 - Starting normalDeleteAll()
[2025-04-04 12:16:34.254] [osgp-cucumber-tests-platform-publiclighting-7x89j] [main] INFO o.o.c.p.p.m.o.MockOslpServer@mockSetConfigurationResponse:420 - Mocking response for device dGVzdDEyMzQ1Njc4 of message type: SET_CONFIGURATION
[2025-04-04 12:16:34.354] [osgp-cucumber-tests-platform-publiclighting-7x89j] [main] INFO o.o.c.p.c.g.s.w.c.c.SetConfigurationSteps@theSetConfigurationResponseContains:196 - Got CorrelationUid: [test-org|||TEST1024000000001|||20250404121634277|||01652105-6d0c-4a53-8a77-94492ee86f87]
[2025-04-04 12:16:34.355] [osgp-cucumber-tests-platform-publiclighting-7x89j] [main] INFO o.o.c.p.p.m.o.MockOslpServer@waitForRequest:187 - Device dGVzdDEyMzQ1Njc4 is waiting for request of message type: SET_CONFIGURATION, receivedResponses: 0
[2025-04-04 12:16:34.355] [osgp-cucumber-tests-platform-publiclighting-7x89j] [main] INFO o.o.c.p.p.m.o.MockOslpServer@waitForRequest:199 - Sleeping 1s 1 - Device dGVzdDEyMzQ1Njc4 is waiting for a request of message type: SET_CONFIGURATION
[2025-04-04 12:16:34.779] [osgp-cucumber-tests-platform-publiclighting-7x89j] [disposableNioEventLoopGroup-6-19] INFO o.o.c.p.p.m.o.MockOslpChannelHandler@handleRequest:403 - Device dGVzdDEyMzQ1Njc4 received [setConfigurationRequest {
}
], sequence number [[0, 0]]
[2025-04-04 12:16:34.779] [osgp-cucumber-tests-platform-publiclighting-7x89j] [disposableNioEventLoopGroup-6-19] INFO o.o.c.p.p.m.o.MockOslpChannelHandler@handleRequest:425 - Device dGVzdDEyMzQ1Njc4 mocked response: [setConfigurationResponse {
  status: FAILURE
}
]
[2025-04-04 12:16:35.355] [osgp-cucumber-tests-platform-publiclighting-7x89j] [main] INFO o.o.c.p.p.m.o.MockOslpServer@waitForRequest:214 - Device dGVzdDEyMzQ1Njc4 received a request of message type: SET_CONFIGURATION
]]></system-out>
  <system-err><![CDATA[]]></system-err>
  <testcase classname="org.opensmartgridplatform.cucumber.execution.DescriptionAsTest" name="Failed set configuration of a device(CoreConfigurationManagement SetConfiguration)" time="1.189" />
</testsuite>
