<?xml version="1.0" encoding="UTF-8" ?>
<testsuite errors="0" failures="0" hostname="osgp-cucumber-tests-platform-publiclighting-7x89j" name="Set configuration data with invalid data which result in validation errors(CoreConfigurationManagement SetConfiguration)" skipped="0" tests="1" time="0.075" timestamp="2025-04-04T12:16:33">
  <properties />
  <system-out><![CDATA[[2025-04-04 12:16:33.786] [osgp-cucumber-tests-platform-publiclighting-7x89j] [main] INFO o.o.c.platform.database.CoreDatabase@batchDeleteAll:131 - Starting batchDeleteAll()
[2025-04-04 12:16:33.793] [osgp-cucumber-tests-platform-publiclighting-7x89j] [main] INFO o.o.c.platform.database.CoreDatabase@normalDeleteAll:154 - Starting normalDeleteAll()
[2025-04-04 12:16:33.837] [osgp-cucumber-tests-platform-publiclighting-7x89j] [main] INFO o.o.c.p.p.m.o.MockOslpServer@mockSetConfigurationResponse:420 - Mocking response for device dGVzdDEyMzQ1Njc4 of message type: SET_CONFIGURATION
]]></system-out>
  <system-err><![CDATA[]]></system-err>
  <testcase classname="org.opensmartgridplatform.cucumber.execution.DescriptionAsTest" name="Set configuration data with invalid data which result in validation errors(CoreConfigurationManagement SetConfiguration)" time="0.075" />
</testsuite>
