<?xml version="1.0" encoding="UTF-8" ?>
<testsuite errors="0" failures="0" hostname="osgp-cucumber-tests-platform-publiclighting-7x89j" name="Rejected set configuration of a device(CoreConfigurationManagement SetConfiguration)" skipped="0" tests="1" time="1.182" timestamp="2025-04-04T12:16:35">
  <properties />
  <system-out><![CDATA[[2025-04-04 12:16:35.381] [osgp-cucumber-tests-platform-publiclighting-7x89j] [main] INFO o.o.c.platform.database.CoreDatabase@batchDeleteAll:131 - Starting batchDeleteAll()
[2025-04-04 12:16:35.392] [osgp-cucumber-tests-platform-publiclighting-7x89j] [main] INFO o.o.c.platform.database.CoreDatabase@normalDeleteAll:154 - Starting normalDeleteAll()
[2025-04-04 12:16:35.432] [osgp-cucumber-tests-platform-publiclighting-7x89j] [main] INFO o.o.c.p.p.m.o.MockOslpServer@mockSetConfigurationResponse:420 - Mocking response for device dGVzdDEyMzQ1Njc4 of message type: SET_CONFIGURATION
[2025-04-04 12:16:35.534] [osgp-cucumber-tests-platform-publiclighting-7x89j] [main] INFO o.o.c.p.c.g.s.w.c.c.SetConfigurationSteps@theSetConfigurationResponseContains:196 - Got CorrelationUid: [test-org|||TEST1024000000001|||20250404121635458|||f0a11ac4-d256-4b92-8795-b2034a989e7f]
[2025-04-04 12:16:35.535] [osgp-cucumber-tests-platform-publiclighting-7x89j] [main] INFO o.o.c.p.p.m.o.MockOslpServer@waitForRequest:187 - Device dGVzdDEyMzQ1Njc4 is waiting for request of message type: SET_CONFIGURATION, receivedResponses: 0
[2025-04-04 12:16:35.535] [osgp-cucumber-tests-platform-publiclighting-7x89j] [main] INFO o.o.c.p.p.m.o.MockOslpServer@waitForRequest:199 - Sleeping 1s 1 - Device dGVzdDEyMzQ1Njc4 is waiting for a request of message type: SET_CONFIGURATION
[2025-04-04 12:16:35.931] [osgp-cucumber-tests-platform-publiclighting-7x89j] [disposableNioEventLoopGroup-6-20] INFO o.o.c.p.p.m.o.MockOslpChannelHandler@handleRequest:403 - Device dGVzdDEyMzQ1Njc4 received [setConfigurationRequest {
}
], sequence number [[0, 0]]
[2025-04-04 12:16:35.931] [osgp-cucumber-tests-platform-publiclighting-7x89j] [disposableNioEventLoopGroup-6-20] INFO o.o.c.p.p.m.o.MockOslpChannelHandler@handleRequest:425 - Device dGVzdDEyMzQ1Njc4 mocked response: [setConfigurationResponse {
  status: REJECTED
}
]
[2025-04-04 12:16:36.535] [osgp-cucumber-tests-platform-publiclighting-7x89j] [main] INFO o.o.c.p.p.m.o.MockOslpServer@waitForRequest:214 - Device dGVzdDEyMzQ1Njc4 received a request of message type: SET_CONFIGURATION
]]></system-out>
  <system-err><![CDATA[]]></system-err>
  <testcase classname="org.opensmartgridplatform.cucumber.execution.DescriptionAsTest" name="Rejected set configuration of a device(CoreConfigurationManagement SetConfiguration)" time="1.182" />
</testsuite>
