<?xml version="1.0" encoding="UTF-8" ?>
<testsuite errors="0" failures="0" hostname="osgp-cucumber-tests-platform-publiclighting-7x89j" name="Resume Schedule for an unknown device(PublicLightingAdhocManagement Resume Schedule)" skipped="0" tests="1" time="0.047" timestamp="2025-04-04T12:45:02">
  <properties />
  <system-out><![CDATA[[2025-04-04 12:45:02.297] [osgp-cucumber-tests-platform-publiclighting-7x89j] [main] INFO o.o.c.platform.database.CoreDatabase@batchDeleteAll:131 - Starting batchDeleteAll()
[2025-04-04 12:45:02.303] [osgp-cucumber-tests-platform-publiclighting-7x89j] [main] INFO o.o.c.platform.database.CoreDatabase@normalDeleteAll:154 - Starting normalDeleteAll()
]]></system-out>
  <system-err><![CDATA[]]></system-err>
  <testcase classname="org.opensmartgridplatform.cucumber.execution.DescriptionAsTest" name="Resume Schedule for an unknown device(PublicLightingAdhocManagement Resume Schedule)" time="0.047" />
</testsuite>
