<?xml version="1.0" encoding="UTF-8" ?>
<testsuite errors="0" failures="0" hostname="osgp-cucumber-tests-platform-publiclighting-7x89j" name="Resend missed notifications(PublicLighting Notifications - Resend notifications)" skipped="0" tests="1" time="59.512" timestamp="2025-04-04T13:10:00">
  <properties />
  <system-out><![CDATA[[2025-04-04 13:10:00.755] [osgp-cucumber-tests-platform-publiclighting-7x89j] [main] INFO o.o.c.platform.database.CoreDatabase@batchDeleteAll:131 - Starting batchDeleteAll()
[2025-04-04 13:10:00.762] [osgp-cucumber-tests-platform-publiclighting-7x89j] [main] INFO o.o.c.platform.database.CoreDatabase@normalDeleteAll:154 - Starting normalDeleteAll()
[2025-04-04 13:10:00.790] [osgp-cucumber-tests-platform-publiclighting-7x89j] [main] INFO o.o.c.p.p.g.s.w.p.n.PublicLightingNotificationSteps@waitForNotification:105 - Waiting to make sure a notification is received for correlation UID test-org|||TEST1024000000001|||20170101000000000 for at most 65000 milliseconds.
[2025-04-04 13:11:00.054] [osgp-cucumber-tests-platform-publiclighting-7x89j] [pool-5-thread-3] INFO o.o.c.p.p.s.w.e.PublicLightingNotificationEndpoint@sendNotification:43 - Incoming SendNotificationRequest for organisation: OSGP device: TEST1024000000001.
[2025-04-04 13:11:00.054] [osgp-cucumber-tests-platform-publiclighting-7x89j] [pool-5-thread-3] INFO o.o.c.p.p.s.w.p.PublicLightingNotificationService@handleNotification:29 - Notification received: test-org|||TEST1024000000001|||20170101000000000 for type SET_LIGHT_SCHEDULE with result OK
[2025-04-04 13:11:00.054] [osgp-cucumber-tests-platform-publiclighting-7x89j] [main] INFO o.o.c.p.p.g.s.w.p.n.PublicLightingNotificationSteps@waitForNotification:117 - Successfully received notification for correlation UID: test-org|||TEST1024000000001|||20170101000000000
]]></system-out>
  <system-err><![CDATA[]]></system-err>
  <testcase classname="org.opensmartgridplatform.cucumber.execution.DescriptionAsTest" name="Resend missed notifications(PublicLighting Notifications - Resend notifications)" time="59.512" />
</testsuite>
