<?xml version="1.0" encoding="UTF-8" ?>
<testsuite errors="0" failures="1" hostname="osgp-cucumber-tests-platform-publiclighting-7x89j" name="Set configuration of a device(CoreConfigurationManagement SetConfiguration)" skipped="0" tests="1" time="32.259" timestamp="2025-04-04T12:16:00">
  <properties />
  <testcase classname="org.opensmartgridplatform.cucumber.execution.DescriptionAsTest" name="Set configuration of a device(CoreConfigurationManagement SetConfiguration)" time="32.259">
    <error message="Polling for a request failed, no request found" type="org.opentest4j.AssertionFailedError">org.opentest4j.AssertionFailedError: Polling for a request failed, no request found
	at org.opensmartgridplatform.cucumber.platform.publiclighting.mocks.oslpdevice.MockOslpServer.waitForRequest(MockOslpServer.java:210)
	at org.opensmartgridplatform.cucumber.platform.publiclighting.glue.steps.mocks.OslpDeviceSteps.aSetRebootOslpMessageIsSentToSpecificDevice(OslpDeviceSteps.java:494)
	at org.opensmartgridplatform.cucumber.platform.publiclighting.glue.steps.mocks.OslpDeviceSteps.aSetRebootOslpMessageIsSentToDevice(OslpDeviceSteps.java:480)
	at âœ½.a set reboot &quot;OSLP ELSTER&quot; message is sent to device &quot;TEST1024000000001&quot;(classpath:features/publiclighting/osgp-adapter-ws-core/ConfigurationManagement/SetConfiguration.feature:37)
</error>
  </testcase>
  <system-out><![CDATA[[2025-04-04 12:16:00.632] [osgp-cucumber-tests-platform-publiclighting-7x89j] [main] INFO o.o.c.platform.database.CoreDatabase@batchDeleteAll:131 - Starting batchDeleteAll()
[2025-04-04 12:16:00.642] [osgp-cucumber-tests-platform-publiclighting-7x89j] [main] INFO o.o.c.platform.database.CoreDatabase@normalDeleteAll:154 - Starting normalDeleteAll()
[2025-04-04 12:16:00.679] [osgp-cucumber-tests-platform-publiclighting-7x89j] [main] INFO o.o.c.p.p.m.o.MockOslpServer@mockSetConfigurationResponse:420 - Mocking response for device dGVzdDEyMzQ1Njc4 of message type: SET_CONFIGURATION
[2025-04-04 12:16:00.680] [osgp-cucumber-tests-platform-publiclighting-7x89j] [main] INFO o.o.c.p.p.m.o.MockOslpServer@mockSetRebootResponse:548 - Mocking response for device dGVzdDEyMzQ1Njc4 of message type: SET_REBOOT
[2025-04-04 12:16:00.874] [osgp-cucumber-tests-platform-publiclighting-7x89j] [main] INFO o.o.c.p.c.g.s.w.c.c.SetConfigurationSteps@theSetConfigurationResponseContains:196 - Got CorrelationUid: [test-org|||TEST1024000000001|||20250404121600719|||b4692a33-c093-4fb1-a72f-b91e6c9185e1]
[2025-04-04 12:16:00.875] [osgp-cucumber-tests-platform-publiclighting-7x89j] [main] INFO o.o.c.p.p.m.o.MockOslpServer@waitForRequest:187 - Device dGVzdDEyMzQ1Njc4 is waiting for request of message type: SET_CONFIGURATION, receivedResponses: 0
[2025-04-04 12:16:00.875] [osgp-cucumber-tests-platform-publiclighting-7x89j] [main] INFO o.o.c.p.p.m.o.MockOslpServer@waitForRequest:199 - Sleeping 1s 1 - Device dGVzdDEyMzQ1Njc4 is waiting for a request of message type: SET_CONFIGURATION
[2025-04-04 12:16:01.566] [osgp-cucumber-tests-platform-publiclighting-7x89j] [disposableNioEventLoopGroup-6-18] INFO o.o.c.p.p.m.o.MockOslpChannelHandler@handleRequest:403 - Device dGVzdDEyMzQ1Njc4 received [setConfigurationRequest {
  ospgIpAddress: "\n\024\0362"
  osgpPortNumber: 12123
}
], sequence number [[0, 0]]
[2025-04-04 12:16:01.568] [osgp-cucumber-tests-platform-publiclighting-7x89j] [disposableNioEventLoopGroup-6-18] INFO o.o.c.p.p.m.o.MockOslpChannelHandler@handleRequest:425 - Device dGVzdDEyMzQ1Njc4 mocked response: [setConfigurationResponse {
  status: OK
}
]
[2025-04-04 12:16:01.875] [osgp-cucumber-tests-platform-publiclighting-7x89j] [main] INFO o.o.c.p.p.m.o.MockOslpServer@waitForRequest:214 - Device dGVzdDEyMzQ1Njc4 received a request of message type: SET_CONFIGURATION
[2025-04-04 12:16:01.876] [osgp-cucumber-tests-platform-publiclighting-7x89j] [main] INFO o.o.c.p.p.m.o.MockOslpServer@waitForRequest:187 - Device dGVzdDEyMzQ1Njc4 is waiting for request of message type: SET_REBOOT, receivedResponses: 0
[2025-04-04 12:16:01.877] [osgp-cucumber-tests-platform-publiclighting-7x89j] [main] INFO o.o.c.p.p.m.o.MockOslpServer@waitForRequest:199 - Sleeping 1s 1 - Device dGVzdDEyMzQ1Njc4 is waiting for a request of message type: SET_REBOOT
[2025-04-04 12:16:02.877] [osgp-cucumber-tests-platform-publiclighting-7x89j] [main] INFO o.o.c.p.p.m.o.MockOslpServer@waitForRequest:199 - Sleeping 1s 2 - Device dGVzdDEyMzQ1Njc4 is waiting for a request of message type: SET_REBOOT
[2025-04-04 12:16:03.877] [osgp-cucumber-tests-platform-publiclighting-7x89j] [main] INFO o.o.c.p.p.m.o.MockOslpServer@waitForRequest:199 - Sleeping 1s 3 - Device dGVzdDEyMzQ1Njc4 is waiting for a request of message type: SET_REBOOT
[2025-04-04 12:16:04.877] [osgp-cucumber-tests-platform-publiclighting-7x89j] [main] INFO o.o.c.p.p.m.o.MockOslpServer@waitForRequest:199 - Sleeping 1s 4 - Device dGVzdDEyMzQ1Njc4 is waiting for a request of message type: SET_REBOOT
[2025-04-04 12:16:05.878] [osgp-cucumber-tests-platform-publiclighting-7x89j] [main] INFO o.o.c.p.p.m.o.MockOslpServer@waitForRequest:199 - Sleeping 1s 5 - Device dGVzdDEyMzQ1Njc4 is waiting for a request of message type: SET_REBOOT
[2025-04-04 12:16:06.878] [osgp-cucumber-tests-platform-publiclighting-7x89j] [main] INFO o.o.c.p.p.m.o.MockOslpServer@waitForRequest:199 - Sleeping 1s 6 - Device dGVzdDEyMzQ1Njc4 is waiting for a request of message type: SET_REBOOT
[2025-04-04 12:16:07.878] [osgp-cucumber-tests-platform-publiclighting-7x89j] [main] INFO o.o.c.p.p.m.o.MockOslpServer@waitForRequest:199 - Sleeping 1s 7 - Device dGVzdDEyMzQ1Njc4 is waiting for a request of message type: SET_REBOOT
[2025-04-04 12:16:08.879] [osgp-cucumber-tests-platform-publiclighting-7x89j] [main] INFO o.o.c.p.p.m.o.MockOslpServer@waitForRequest:199 - Sleeping 1s 8 - Device dGVzdDEyMzQ1Njc4 is waiting for a request of message type: SET_REBOOT
[2025-04-04 12:16:09.879] [osgp-cucumber-tests-platform-publiclighting-7x89j] [main] INFO o.o.c.p.p.m.o.MockOslpServer@waitForRequest:199 - Sleeping 1s 9 - Device dGVzdDEyMzQ1Njc4 is waiting for a request of message type: SET_REBOOT
[2025-04-04 12:16:10.879] [osgp-cucumber-tests-platform-publiclighting-7x89j] [main] INFO o.o.c.p.p.m.o.MockOslpServer@waitForRequest:199 - Sleeping 1s 10 - Device dGVzdDEyMzQ1Njc4 is waiting for a request of message type: SET_REBOOT
[2025-04-04 12:16:11.879] [osgp-cucumber-tests-platform-publiclighting-7x89j] [main] INFO o.o.c.p.p.m.o.MockOslpServer@waitForRequest:199 - Sleeping 1s 11 - Device dGVzdDEyMzQ1Njc4 is waiting for a request of message type: SET_REBOOT
[2025-04-04 12:16:12.880] [osgp-cucumber-tests-platform-publiclighting-7x89j] [main] INFO o.o.c.p.p.m.o.MockOslpServer@waitForRequest:199 - Sleeping 1s 12 - Device dGVzdDEyMzQ1Njc4 is waiting for a request of message type: SET_REBOOT
[2025-04-04 12:16:13.880] [osgp-cucumber-tests-platform-publiclighting-7x89j] [main] INFO o.o.c.p.p.m.o.MockOslpServer@waitForRequest:199 - Sleeping 1s 13 - Device dGVzdDEyMzQ1Njc4 is waiting for a request of message type: SET_REBOOT
[2025-04-04 12:16:14.880] [osgp-cucumber-tests-platform-publiclighting-7x89j] [main] INFO o.o.c.p.p.m.o.MockOslpServer@waitForRequest:199 - Sleeping 1s 14 - Device dGVzdDEyMzQ1Njc4 is waiting for a request of message type: SET_REBOOT
[2025-04-04 12:16:15.881] [osgp-cucumber-tests-platform-publiclighting-7x89j] [main] INFO o.o.c.p.p.m.o.MockOslpServer@waitForRequest:199 - Sleeping 1s 15 - Device dGVzdDEyMzQ1Njc4 is waiting for a request of message type: SET_REBOOT
[2025-04-04 12:16:16.881] [osgp-cucumber-tests-platform-publiclighting-7x89j] [main] INFO o.o.c.p.p.m.o.MockOslpServer@waitForRequest:199 - Sleeping 1s 16 - Device dGVzdDEyMzQ1Njc4 is waiting for a request of message type: SET_REBOOT
[2025-04-04 12:16:17.881] [osgp-cucumber-tests-platform-publiclighting-7x89j] [main] INFO o.o.c.p.p.m.o.MockOslpServer@waitForRequest:199 - Sleeping 1s 17 - Device dGVzdDEyMzQ1Njc4 is waiting for a request of message type: SET_REBOOT
[2025-04-04 12:16:18.882] [osgp-cucumber-tests-platform-publiclighting-7x89j] [main] INFO o.o.c.p.p.m.o.MockOslpServer@waitForRequest:199 - Sleeping 1s 18 - Device dGVzdDEyMzQ1Njc4 is waiting for a request of message type: SET_REBOOT
[2025-04-04 12:16:19.882] [osgp-cucumber-tests-platform-publiclighting-7x89j] [main] INFO o.o.c.p.p.m.o.MockOslpServer@waitForRequest:199 - Sleeping 1s 19 - Device dGVzdDEyMzQ1Njc4 is waiting for a request of message type: SET_REBOOT
[2025-04-04 12:16:20.883] [osgp-cucumber-tests-platform-publiclighting-7x89j] [main] INFO o.o.c.p.p.m.o.MockOslpServer@waitForRequest:199 - Sleeping 1s 20 - Device dGVzdDEyMzQ1Njc4 is waiting for a request of message type: SET_REBOOT
[2025-04-04 12:16:21.883] [osgp-cucumber-tests-platform-publiclighting-7x89j] [main] INFO o.o.c.p.p.m.o.MockOslpServer@waitForRequest:199 - Sleeping 1s 21 - Device dGVzdDEyMzQ1Njc4 is waiting for a request of message type: SET_REBOOT
[2025-04-04 12:16:22.883] [osgp-cucumber-tests-platform-publiclighting-7x89j] [main] INFO o.o.c.p.p.m.o.MockOslpServer@waitForRequest:199 - Sleeping 1s 22 - Device dGVzdDEyMzQ1Njc4 is waiting for a request of message type: SET_REBOOT
[2025-04-04 12:16:23.884] [osgp-cucumber-tests-platform-publiclighting-7x89j] [main] INFO o.o.c.p.p.m.o.MockOslpServer@waitForRequest:199 - Sleeping 1s 23 - Device dGVzdDEyMzQ1Njc4 is waiting for a request of message type: SET_REBOOT
[2025-04-04 12:16:24.884] [osgp-cucumber-tests-platform-publiclighting-7x89j] [main] INFO o.o.c.p.p.m.o.MockOslpServer@waitForRequest:199 - Sleeping 1s 24 - Device dGVzdDEyMzQ1Njc4 is waiting for a request of message type: SET_REBOOT
[2025-04-04 12:16:25.884] [osgp-cucumber-tests-platform-publiclighting-7x89j] [main] INFO o.o.c.p.p.m.o.MockOslpServer@waitForRequest:199 - Sleeping 1s 25 - Device dGVzdDEyMzQ1Njc4 is waiting for a request of message type: SET_REBOOT
[2025-04-04 12:16:26.885] [osgp-cucumber-tests-platform-publiclighting-7x89j] [main] INFO o.o.c.p.p.m.o.MockOslpServer@waitForRequest:199 - Sleeping 1s 26 - Device dGVzdDEyMzQ1Njc4 is waiting for a request of message type: SET_REBOOT
[2025-04-04 12:16:27.885] [osgp-cucumber-tests-platform-publiclighting-7x89j] [main] INFO o.o.c.p.p.m.o.MockOslpServer@waitForRequest:199 - Sleeping 1s 27 - Device dGVzdDEyMzQ1Njc4 is waiting for a request of message type: SET_REBOOT
[2025-04-04 12:16:28.885] [osgp-cucumber-tests-platform-publiclighting-7x89j] [main] INFO o.o.c.p.p.m.o.MockOslpServer@waitForRequest:199 - Sleeping 1s 28 - Device dGVzdDEyMzQ1Njc4 is waiting for a request of message type: SET_REBOOT
[2025-04-04 12:16:29.886] [osgp-cucumber-tests-platform-publiclighting-7x89j] [main] INFO o.o.c.p.p.m.o.MockOslpServer@waitForRequest:199 - Sleeping 1s 29 - Device dGVzdDEyMzQ1Njc4 is waiting for a request of message type: SET_REBOOT
[2025-04-04 12:16:30.886] [osgp-cucumber-tests-platform-publiclighting-7x89j] [main] INFO o.o.c.p.p.m.o.MockOslpServer@waitForRequest:199 - Sleeping 1s 30 - Device dGVzdDEyMzQ1Njc4 is waiting for a request of message type: SET_REBOOT
[2025-04-04 12:16:31.886] [osgp-cucumber-tests-platform-publiclighting-7x89j] [main] INFO o.o.c.p.p.m.o.MockOslpServer@waitForRequest:199 - Sleeping 1s 31 - Device dGVzdDEyMzQ1Njc4 is waiting for a request of message type: SET_REBOOT
]]></system-out>
  <system-err><![CDATA[]]></system-err>
</testsuite>
