<?xml version="1.0" encoding="UTF-8" ?>
<testsuite errors="0" failures="0" hostname="osgp-cucumber-tests-platform-publiclighting-7x89j" name="Set Transition(PublicLightingAdhocManagement Set Transition)" skipped="0" tests="1" time="1.347" timestamp="2025-04-04T12:50:28">
  <properties />
  <system-out><![CDATA[[2025-04-04 12:50:28.265] [osgp-cucumber-tests-platform-publiclighting-7x89j] [main] INFO o.o.c.platform.database.CoreDatabase@batchDeleteAll:131 - Starting batchDeleteAll()
[2025-04-04 12:50:28.277] [osgp-cucumber-tests-platform-publiclighting-7x89j] [main] INFO o.o.c.platform.database.CoreDatabase@normalDeleteAll:154 - Starting normalDeleteAll()
[2025-04-04 12:50:28.323] [osgp-cucumber-tests-platform-publiclighting-7x89j] [main] INFO o.o.c.p.p.m.o.MockOslpServer@mockSetTransitionResponse:559 - Mocking response for device dGVzdDEyMzQ1Njc4 of message type: SET_TRANSITION
[2025-04-04 12:50:28.418] [osgp-cucumber-tests-platform-publiclighting-7x89j] [main] INFO o.o.c.p.p.g.s.w.p.a.SetTransitionSteps@theSetTransitionAsyncResponseContains:138 - Got CorrelationUid: [test-org|||TEST1024000000001|||20250404125028344|||08a5f60f-c812-4c13-a57e-fd26de4e7060]
[2025-04-04 12:50:28.419] [osgp-cucumber-tests-platform-publiclighting-7x89j] [main] INFO o.o.c.p.p.m.o.MockOslpServer@waitForRequest:187 - Device dGVzdDEyMzQ1Njc4 is waiting for request of message type: SET_TRANSITION, receivedResponses: 0
[2025-04-04 12:50:28.419] [osgp-cucumber-tests-platform-publiclighting-7x89j] [main] INFO o.o.c.p.p.m.o.MockOslpServer@waitForRequest:199 - Sleeping 1s 1 - Device dGVzdDEyMzQ1Njc4 is waiting for a request of message type: SET_TRANSITION
[2025-04-04 12:50:28.755] [osgp-cucumber-tests-platform-publiclighting-7x89j] [disposableNioEventLoopGroup-6-21] INFO o.o.c.p.p.m.o.MockOslpChannelHandler@handleRequest:403 - Device dGVzdDEyMzQ1Njc4 received [setTransitionRequest {
  transitionType: NIGHT_DAY
  time: "19700101"
}
], sequence number [[0, 0]]
[2025-04-04 12:50:28.755] [osgp-cucumber-tests-platform-publiclighting-7x89j] [disposableNioEventLoopGroup-6-21] INFO o.o.c.p.p.m.o.MockOslpChannelHandler@handleRequest:425 - Device dGVzdDEyMzQ1Njc4 mocked response: [setTransitionResponse {
  status: OK
}
]
[2025-04-04 12:50:29.419] [osgp-cucumber-tests-platform-publiclighting-7x89j] [main] INFO o.o.c.p.p.m.o.MockOslpServer@waitForRequest:214 - Device dGVzdDEyMzQ1Njc4 received a request of message type: SET_TRANSITION
]]></system-out>
  <system-err><![CDATA[]]></system-err>
  <testcase classname="org.opensmartgridplatform.cucumber.execution.DescriptionAsTest" name="Set Transition(PublicLightingAdhocManagement Set Transition)" time="1.347" />
</testsuite>
