<?xml version="1.0" encoding="UTF-8" ?>
<testsuite errors="0" failures="1" hostname="osgp-cucumber-tests-platform-publiclighting-7x89j" name="Set light schedule with astronomical offsets(PublicLightingScheduleManagement Set Light Schedule)" skipped="0" tests="1" time="32.201" timestamp="2025-04-04T13:06:16">
  <properties />
  <testcase classname="org.opensmartgridplatform.cucumber.execution.DescriptionAsTest" name="Set light schedule with astronomical offsets(PublicLightingScheduleManagement Set Light Schedule)" time="32.201">
    <error message="Polling for a request failed, no request found" type="org.opentest4j.AssertionFailedError">org.opentest4j.AssertionFailedError: Polling for a request failed, no request found
	at org.opensmartgridplatform.cucumber.platform.publiclighting.mocks.oslpdevice.MockOslpServer.waitForRequest(MockOslpServer.java:210)
	at org.opensmartgridplatform.cucumber.platform.publiclighting.glue.steps.mocks.OslpDeviceSteps.aSetRebootOslpMessageIsSentToSpecificDevice(OslpDeviceSteps.java:494)
	at org.opensmartgridplatform.cucumber.platform.publiclighting.glue.steps.mocks.OslpDeviceSteps.aSetRebootOslpMessageIsSentToDevice(OslpDeviceSteps.java:480)
	at âœ½.a set reboot &quot;OSLP ELSTER&quot; message is sent to device &quot;TEST1024000000001&quot;(classpath:features/publiclighting/osgp-adapter-ws-publiclighting/ScheduleManagement/SetLightSchedule.feature:103)
</error>
  </testcase>
  <system-out><![CDATA[[2025-04-04 13:06:16.998] [osgp-cucumber-tests-platform-publiclighting-7x89j] [main] INFO o.o.c.platform.database.CoreDatabase@batchDeleteAll:131 - Starting batchDeleteAll()
[2025-04-04 13:06:17.008] [osgp-cucumber-tests-platform-publiclighting-7x89j] [main] INFO o.o.c.platform.database.CoreDatabase@normalDeleteAll:154 - Starting normalDeleteAll()
[2025-04-04 13:06:17.065] [osgp-cucumber-tests-platform-publiclighting-7x89j] [main] INFO o.o.c.p.p.m.o.MockOslpServer@mockGetConfigurationResponse:411 - Mocking response for device dGVzdDEyMzQ1Njc4 of message type: GET_CONFIGURATION
[2025-04-04 13:06:17.065] [osgp-cucumber-tests-platform-publiclighting-7x89j] [main] INFO o.o.c.p.p.m.o.MockOslpServer@mockSetConfigurationResponse:420 - Mocking response for device dGVzdDEyMzQ1Njc4 of message type: SET_CONFIGURATION
[2025-04-04 13:06:17.066] [osgp-cucumber-tests-platform-publiclighting-7x89j] [main] INFO o.o.c.p.p.m.o.MockOslpServer@mockSetScheduleResponse:611 - Mocking response for device dGVzdDEyMzQ1Njc4 of message type: SET_LIGHT_SCHEDULE
[2025-04-04 13:06:17.179] [osgp-cucumber-tests-platform-publiclighting-7x89j] [main] INFO o.o.c.p.p.g.s.w.p.s.SetLightScheduleSteps@theSetLightScheduleAsyncResponseContains:274 - Got CorrelationUid: [test-org|||TEST1024000000001|||20250404130617084|||16a8d24e-d149-4010-af3f-cd3807d901ef]
[2025-04-04 13:06:17.179] [osgp-cucumber-tests-platform-publiclighting-7x89j] [main] INFO o.o.c.p.p.m.o.MockOslpServer@mockSetRebootResponse:548 - Mocking response for device dGVzdDEyMzQ1Njc4 of message type: SET_REBOOT
[2025-04-04 13:06:17.180] [osgp-cucumber-tests-platform-publiclighting-7x89j] [main] INFO o.o.c.p.p.m.o.MockOslpServer@waitForRequest:187 - Device dGVzdDEyMzQ1Njc4 is waiting for request of message type: GET_CONFIGURATION, receivedResponses: 0
[2025-04-04 13:06:17.180] [osgp-cucumber-tests-platform-publiclighting-7x89j] [main] INFO o.o.c.p.p.m.o.MockOslpServer@waitForRequest:199 - Sleeping 1s 1 - Device dGVzdDEyMzQ1Njc4 is waiting for a request of message type: GET_CONFIGURATION
[2025-04-04 13:06:17.534] [osgp-cucumber-tests-platform-publiclighting-7x89j] [disposableNioEventLoopGroup-6-20] INFO o.o.c.p.p.m.o.MockOslpChannelHandler@handleRequest:403 - Device dGVzdDEyMzQ1Njc4 received [getConfigurationRequest {
}
], sequence number [[0, 0]]
[2025-04-04 13:06:17.534] [osgp-cucumber-tests-platform-publiclighting-7x89j] [disposableNioEventLoopGroup-6-20] INFO o.o.c.p.p.m.o.MockOslpChannelHandler@handleRequest:425 - Device dGVzdDEyMzQ1Njc4 mocked response: [getConfigurationResponse {
  status: OK
  lightType: RELAY
  shortTermHistoryIntervalMinutes: 0
  longTermHistoryInterval: 0
  ospgIpAddress: "\n\024\036("
  osgpPortNumber: 12122
}
]
[2025-04-04 13:06:18.180] [osgp-cucumber-tests-platform-publiclighting-7x89j] [main] INFO o.o.c.p.p.m.o.MockOslpServer@waitForRequest:214 - Device dGVzdDEyMzQ1Njc4 received a request of message type: GET_CONFIGURATION
[2025-04-04 13:06:18.181] [osgp-cucumber-tests-platform-publiclighting-7x89j] [main] INFO o.o.c.p.p.m.o.MockOslpServer@waitForRequest:187 - Device dGVzdDEyMzQ1Njc4 is waiting for request of message type: SET_REBOOT, receivedResponses: 0
[2025-04-04 13:06:18.181] [osgp-cucumber-tests-platform-publiclighting-7x89j] [main] INFO o.o.c.p.p.m.o.MockOslpServer@waitForRequest:199 - Sleeping 1s 1 - Device dGVzdDEyMzQ1Njc4 is waiting for a request of message type: SET_REBOOT
[2025-04-04 13:06:19.181] [osgp-cucumber-tests-platform-publiclighting-7x89j] [main] INFO o.o.c.p.p.m.o.MockOslpServer@waitForRequest:199 - Sleeping 1s 2 - Device dGVzdDEyMzQ1Njc4 is waiting for a request of message type: SET_REBOOT
[2025-04-04 13:06:20.181] [osgp-cucumber-tests-platform-publiclighting-7x89j] [main] INFO o.o.c.p.p.m.o.MockOslpServer@waitForRequest:199 - Sleeping 1s 3 - Device dGVzdDEyMzQ1Njc4 is waiting for a request of message type: SET_REBOOT
[2025-04-04 13:06:21.182] [osgp-cucumber-tests-platform-publiclighting-7x89j] [main] INFO o.o.c.p.p.m.o.MockOslpServer@waitForRequest:199 - Sleeping 1s 4 - Device dGVzdDEyMzQ1Njc4 is waiting for a request of message type: SET_REBOOT
[2025-04-04 13:06:22.182] [osgp-cucumber-tests-platform-publiclighting-7x89j] [main] INFO o.o.c.p.p.m.o.MockOslpServer@waitForRequest:199 - Sleeping 1s 5 - Device dGVzdDEyMzQ1Njc4 is waiting for a request of message type: SET_REBOOT
[2025-04-04 13:06:23.182] [osgp-cucumber-tests-platform-publiclighting-7x89j] [main] INFO o.o.c.p.p.m.o.MockOslpServer@waitForRequest:199 - Sleeping 1s 6 - Device dGVzdDEyMzQ1Njc4 is waiting for a request of message type: SET_REBOOT
[2025-04-04 13:06:24.183] [osgp-cucumber-tests-platform-publiclighting-7x89j] [main] INFO o.o.c.p.p.m.o.MockOslpServer@waitForRequest:199 - Sleeping 1s 7 - Device dGVzdDEyMzQ1Njc4 is waiting for a request of message type: SET_REBOOT
[2025-04-04 13:06:25.183] [osgp-cucumber-tests-platform-publiclighting-7x89j] [main] INFO o.o.c.p.p.m.o.MockOslpServer@waitForRequest:199 - Sleeping 1s 8 - Device dGVzdDEyMzQ1Njc4 is waiting for a request of message type: SET_REBOOT
[2025-04-04 13:06:26.183] [osgp-cucumber-tests-platform-publiclighting-7x89j] [main] INFO o.o.c.p.p.m.o.MockOslpServer@waitForRequest:199 - Sleeping 1s 9 - Device dGVzdDEyMzQ1Njc4 is waiting for a request of message type: SET_REBOOT
[2025-04-04 13:06:27.184] [osgp-cucumber-tests-platform-publiclighting-7x89j] [main] INFO o.o.c.p.p.m.o.MockOslpServer@waitForRequest:199 - Sleeping 1s 10 - Device dGVzdDEyMzQ1Njc4 is waiting for a request of message type: SET_REBOOT
[2025-04-04 13:06:28.184] [osgp-cucumber-tests-platform-publiclighting-7x89j] [main] INFO o.o.c.p.p.m.o.MockOslpServer@waitForRequest:199 - Sleeping 1s 11 - Device dGVzdDEyMzQ1Njc4 is waiting for a request of message type: SET_REBOOT
[2025-04-04 13:06:29.185] [osgp-cucumber-tests-platform-publiclighting-7x89j] [main] INFO o.o.c.p.p.m.o.MockOslpServer@waitForRequest:199 - Sleeping 1s 12 - Device dGVzdDEyMzQ1Njc4 is waiting for a request of message type: SET_REBOOT
[2025-04-04 13:06:30.185] [osgp-cucumber-tests-platform-publiclighting-7x89j] [main] INFO o.o.c.p.p.m.o.MockOslpServer@waitForRequest:199 - Sleeping 1s 13 - Device dGVzdDEyMzQ1Njc4 is waiting for a request of message type: SET_REBOOT
[2025-04-04 13:06:31.185] [osgp-cucumber-tests-platform-publiclighting-7x89j] [main] INFO o.o.c.p.p.m.o.MockOslpServer@waitForRequest:199 - Sleeping 1s 14 - Device dGVzdDEyMzQ1Njc4 is waiting for a request of message type: SET_REBOOT
[2025-04-04 13:06:32.186] [osgp-cucumber-tests-platform-publiclighting-7x89j] [main] INFO o.o.c.p.p.m.o.MockOslpServer@waitForRequest:199 - Sleeping 1s 15 - Device dGVzdDEyMzQ1Njc4 is waiting for a request of message type: SET_REBOOT
[2025-04-04 13:06:33.186] [osgp-cucumber-tests-platform-publiclighting-7x89j] [main] INFO o.o.c.p.p.m.o.MockOslpServer@waitForRequest:199 - Sleeping 1s 16 - Device dGVzdDEyMzQ1Njc4 is waiting for a request of message type: SET_REBOOT
[2025-04-04 13:06:34.186] [osgp-cucumber-tests-platform-publiclighting-7x89j] [main] INFO o.o.c.p.p.m.o.MockOslpServer@waitForRequest:199 - Sleeping 1s 17 - Device dGVzdDEyMzQ1Njc4 is waiting for a request of message type: SET_REBOOT
[2025-04-04 13:06:35.187] [osgp-cucumber-tests-platform-publiclighting-7x89j] [main] INFO o.o.c.p.p.m.o.MockOslpServer@waitForRequest:199 - Sleeping 1s 18 - Device dGVzdDEyMzQ1Njc4 is waiting for a request of message type: SET_REBOOT
[2025-04-04 13:06:36.187] [osgp-cucumber-tests-platform-publiclighting-7x89j] [main] INFO o.o.c.p.p.m.o.MockOslpServer@waitForRequest:199 - Sleeping 1s 19 - Device dGVzdDEyMzQ1Njc4 is waiting for a request of message type: SET_REBOOT
[2025-04-04 13:06:37.187] [osgp-cucumber-tests-platform-publiclighting-7x89j] [main] INFO o.o.c.p.p.m.o.MockOslpServer@waitForRequest:199 - Sleeping 1s 20 - Device dGVzdDEyMzQ1Njc4 is waiting for a request of message type: SET_REBOOT
[2025-04-04 13:06:38.187] [osgp-cucumber-tests-platform-publiclighting-7x89j] [main] INFO o.o.c.p.p.m.o.MockOslpServer@waitForRequest:199 - Sleeping 1s 21 - Device dGVzdDEyMzQ1Njc4 is waiting for a request of message type: SET_REBOOT
[2025-04-04 13:06:39.188] [osgp-cucumber-tests-platform-publiclighting-7x89j] [main] INFO o.o.c.p.p.m.o.MockOslpServer@waitForRequest:199 - Sleeping 1s 22 - Device dGVzdDEyMzQ1Njc4 is waiting for a request of message type: SET_REBOOT
[2025-04-04 13:06:40.188] [osgp-cucumber-tests-platform-publiclighting-7x89j] [main] INFO o.o.c.p.p.m.o.MockOslpServer@waitForRequest:199 - Sleeping 1s 23 - Device dGVzdDEyMzQ1Njc4 is waiting for a request of message type: SET_REBOOT
[2025-04-04 13:06:41.188] [osgp-cucumber-tests-platform-publiclighting-7x89j] [main] INFO o.o.c.p.p.m.o.MockOslpServer@waitForRequest:199 - Sleeping 1s 24 - Device dGVzdDEyMzQ1Njc4 is waiting for a request of message type: SET_REBOOT
[2025-04-04 13:06:42.189] [osgp-cucumber-tests-platform-publiclighting-7x89j] [main] INFO o.o.c.p.p.m.o.MockOslpServer@waitForRequest:199 - Sleeping 1s 25 - Device dGVzdDEyMzQ1Njc4 is waiting for a request of message type: SET_REBOOT
[2025-04-04 13:06:43.189] [osgp-cucumber-tests-platform-publiclighting-7x89j] [main] INFO o.o.c.p.p.m.o.MockOslpServer@waitForRequest:199 - Sleeping 1s 26 - Device dGVzdDEyMzQ1Njc4 is waiting for a request of message type: SET_REBOOT
[2025-04-04 13:06:44.189] [osgp-cucumber-tests-platform-publiclighting-7x89j] [main] INFO o.o.c.p.p.m.o.MockOslpServer@waitForRequest:199 - Sleeping 1s 27 - Device dGVzdDEyMzQ1Njc4 is waiting for a request of message type: SET_REBOOT
[2025-04-04 13:06:45.190] [osgp-cucumber-tests-platform-publiclighting-7x89j] [main] INFO o.o.c.p.p.m.o.MockOslpServer@waitForRequest:199 - Sleeping 1s 28 - Device dGVzdDEyMzQ1Njc4 is waiting for a request of message type: SET_REBOOT
[2025-04-04 13:06:46.190] [osgp-cucumber-tests-platform-publiclighting-7x89j] [main] INFO o.o.c.p.p.m.o.MockOslpServer@waitForRequest:199 - Sleeping 1s 29 - Device dGVzdDEyMzQ1Njc4 is waiting for a request of message type: SET_REBOOT
[2025-04-04 13:06:47.190] [osgp-cucumber-tests-platform-publiclighting-7x89j] [main] INFO o.o.c.p.p.m.o.MockOslpServer@waitForRequest:199 - Sleeping 1s 30 - Device dGVzdDEyMzQ1Njc4 is waiting for a request of message type: SET_REBOOT
[2025-04-04 13:06:48.191] [osgp-cucumber-tests-platform-publiclighting-7x89j] [main] INFO o.o.c.p.p.m.o.MockOslpServer@waitForRequest:199 - Sleeping 1s 31 - Device dGVzdDEyMzQ1Njc4 is waiting for a request of message type: SET_REBOOT
]]></system-out>
  <system-err><![CDATA[]]></system-err>
</testsuite>
