<?xml version="1.0" encoding="UTF-8" ?>
<testsuite errors="0" failures="0" hostname="osgp-cucumber-tests-platform-publiclighting-7x89j" name="Find all devices, only LMD present(PublicLightingAdhocManagement FindAllDevices)" skipped="0" tests="1" time="0.085" timestamp="2025-04-04T12:27:44">
  <properties />
  <system-out><![CDATA[[2025-04-04 12:27:44.465] [osgp-cucumber-tests-platform-publiclighting-7x89j] [main] INFO o.o.c.platform.database.CoreDatabase@batchDeleteAll:131 - Starting batchDeleteAll()
[2025-04-04 12:27:44.475] [osgp-cucumber-tests-platform-publiclighting-7x89j] [main] INFO o.o.c.platform.database.CoreDatabase@normalDeleteAll:154 - Starting normalDeleteAll()
]]></system-out>
  <system-err><![CDATA[]]></system-err>
  <testcase classname="org.opensmartgridplatform.cucumber.execution.DescriptionAsTest" name="Find all devices, only LMD present(PublicLightingAdhocManagement FindAllDevices)" time="0.085" />
</testsuite>
