<?xml version="1.0" encoding="UTF-8" ?>
<testsuite errors="0" failures="0" hostname="osgp-cucumber-tests-platform-publiclighting-7x89j" name="Get status for an inactive device(PublicLightingAdhocManagement GetStatus)" skipped="0" tests="1" time="0.068" timestamp="2025-04-04T12:42:24">
  <properties />
  <system-out><![CDATA[[2025-04-04 12:42:24.466] [osgp-cucumber-tests-platform-publiclighting-7x89j] [main] INFO o.o.c.platform.database.CoreDatabase@batchDeleteAll:131 - Starting batchDeleteAll()
[2025-04-04 12:42:24.474] [osgp-cucumber-tests-platform-publiclighting-7x89j] [main] INFO o.o.c.platform.database.CoreDatabase@normalDeleteAll:154 - Starting normalDeleteAll()
]]></system-out>
  <system-err><![CDATA[]]></system-err>
  <testcase classname="org.opensmartgridplatform.cucumber.execution.DescriptionAsTest" name="Get status for an inactive device(PublicLightingAdhocManagement GetStatus)" time="0.068" />
</testsuite>
