<?xml version="1.0" encoding="UTF-8" ?>
<testsuite errors="0" failures="0" hostname="osgp-cucumber-tests-platform-publiclighting-7x89j" name="Filter retrieved event notifications on device(OslpAdapter Retrieve Received Event Notifications)" skipped="0" tests="1" time="0.12" timestamp="2025-04-04T13:36:15">
  <properties />
  <system-out><![CDATA[[2025-04-04 13:36:16.000] [osgp-cucumber-tests-platform-publiclighting-7x89j] [main] INFO o.o.c.platform.database.CoreDatabase@batchDeleteAll:131 - Starting batchDeleteAll()
[2025-04-04 13:36:16.008] [osgp-cucumber-tests-platform-publiclighting-7x89j] [main] INFO o.o.c.platform.database.CoreDatabase@normalDeleteAll:154 - Starting normalDeleteAll()
]]></system-out>
  <system-err><![CDATA[]]></system-err>
  <testcase classname="org.opensmartgridplatform.cucumber.execution.DescriptionAsTest" name="Filter retrieved event notifications on device(OslpAdapter Retrieve Received Event Notifications)" time="0.12" />
</testsuite>
