<?xml version="1.0" encoding="UTF-8" ?>
<testsuite errors="0" failures="0" hostname="osgp-cucumber-tests-platform-publiclighting-7x89j" name="Retrieve multiple event notifications(OslpAdapter Retrieve Received Event Notifications)" skipped="0" tests="1" time="1.653" timestamp="2025-04-04T13:36:18">
  <properties />
  <system-out><![CDATA[[2025-04-04 13:36:18.401] [osgp-cucumber-tests-platform-publiclighting-7x89j] [main] INFO o.o.c.platform.database.CoreDatabase@batchDeleteAll:131 - Starting batchDeleteAll()
[2025-04-04 13:36:18.408] [osgp-cucumber-tests-platform-publiclighting-7x89j] [main] INFO o.o.c.platform.database.CoreDatabase@normalDeleteAll:154 - Starting normalDeleteAll()
]]></system-out>
  <system-err><![CDATA[]]></system-err>
  <testcase classname="org.opensmartgridplatform.cucumber.execution.DescriptionAsTest" name="Retrieve multiple event notifications(OslpAdapter Retrieve Received Event Notifications)" time="1.653" />
</testsuite>
