<?xml version="1.0" encoding="UTF-8" ?>
<testsuite errors="0" failures="0" hostname="osgp-cucumber-tests-platform-publiclighting-7x89j" name="Call a device function and verify whether this is allowed(BasicOsgpFunctions PublicLighting Authorizing Device Functions)" skipped="0" tests="1" time="0.08" timestamp="2025-04-04T11:52:43">
  <properties />
  <system-out><![CDATA[[2025-04-04 11:52:43.241] [osgp-cucumber-tests-platform-publiclighting-7x89j] [main] INFO o.o.c.platform.database.CoreDatabase@batchDeleteAll:131 - Starting batchDeleteAll()
[2025-04-04 11:52:43.249] [osgp-cucumber-tests-platform-publiclighting-7x89j] [main] INFO o.o.c.platform.database.CoreDatabase@normalDeleteAll:154 - Starting normalDeleteAll()
[2025-04-04 11:52:43.315] [osgp-cucumber-tests-platform-publiclighting-7x89j] [main] INFO o.o.c.p.p.g.s.w.b.AuthorizeDeviceFunctionsSteps@receivingAPublicLightingDeviceFunctionRequest:104 - Exception: SoapFaultClientException
]]></system-out>
  <system-err><![CDATA[]]></system-err>
  <testcase classname="org.opensmartgridplatform.cucumber.execution.DescriptionAsTest" name="Call a device function and verify whether this is allowed(BasicOsgpFunctions PublicLighting Authorizing Device Functions)" time="0.08" />
</testsuite>
