<?xml version="1.0" encoding="UTF-8" ?>
<testsuite errors="0" failures="0" hostname="osgp-cucumber-tests-platform-publiclighting-7x89j" name="Instances of one protocol with or without variant(BasicOsgpFunctions Protocol functions)" skipped="0" tests="1" time="0.069" timestamp="2025-04-04T11:52:43">
  <properties />
  <system-out><![CDATA[[2025-04-04 11:52:43.413] [osgp-cucumber-tests-platform-publiclighting-7x89j] [main] INFO o.o.c.platform.database.CoreDatabase@batchDeleteAll:131 - Starting batchDeleteAll()
[2025-04-04 11:52:43.425] [osgp-cucumber-tests-platform-publiclighting-7x89j] [main] INFO o.o.c.platform.database.CoreDatabase@normalDeleteAll:154 - Starting normalDeleteAll()
]]></system-out>
  <system-err><![CDATA[]]></system-err>
  <testcase classname="org.opensmartgridplatform.cucumber.execution.DescriptionAsTest" name="Instances of one protocol with or without variant(BasicOsgpFunctions Protocol functions)" time="0.069" />
</testsuite>
