<?xml version="1.0" encoding="UTF-8" ?>
<testsuite errors="0" failures="0" hostname="osgp-cucumber-tests-platform-publiclighting-7x89j" name="Successfully update device CDMA settings(OSGP - Core - Update Device CDMA Settings)" skipped="0" tests="1" time="0.701" timestamp="2025-04-04T12:24:36">
  <properties />
  <system-out><![CDATA[[2025-04-04 12:24:36.202] [osgp-cucumber-tests-platform-publiclighting-7x89j] [main] INFO o.o.c.platform.database.CoreDatabase@batchDeleteAll:131 - Starting batchDeleteAll()
[2025-04-04 12:24:36.211] [osgp-cucumber-tests-platform-publiclighting-7x89j] [main] INFO o.o.c.platform.database.CoreDatabase@normalDeleteAll:154 - Starting normalDeleteAll()
[2025-04-04 12:24:36.250] [osgp-cucumber-tests-platform-publiclighting-7x89j] [main] INFO o.o.c.p.c.g.s.w.c.d.UpdateDeviceCdmaSettingsSteps@receiveAnUpdateDeviceCdmaSettingsRequest:52 - WHEN: Receive UpdateDeviceCdmaSettingsRequest [deviceIdentification=TEST1024000000001, mastSegment=null, batchNumber=null]
[2025-04-04 12:24:36.354] [osgp-cucumber-tests-platform-publiclighting-7x89j] [main] INFO o.o.c.p.c.g.s.w.c.d.UpdateDeviceCdmaSettingsSteps@thePlatformShouldBufferAnUpdateDeviceCdmaSettingsResponseMessage:87 - THEN: Buffer UpdateCdmaSettingsResponse [correlationUid=test-org|||TEST1024000000001|||20250404122436276|||3522268f-f92f-444b-b8ea-99bd41f55187, deviceIdentification=TEST1024000000001, result=OK]
[2025-04-04 12:24:36.374] [osgp-cucumber-tests-platform-publiclighting-7x89j] [main] ERROR o.o.cucumber.core.Wait@handleAssertionError:145 - Assertion error: 
Expecting:
 <NOT_FOUND>
to be equal to:
 <OK>
but was not.
[2025-04-04 12:24:36.374] [osgp-cucumber-tests-platform-publiclighting-7x89j] [main] INFO o.o.cucumber.core.Wait@until:126 - ... polling in Wait.until (0 seconds) ...
[2025-04-04 12:24:36.457] [osgp-cucumber-tests-platform-publiclighting-7x89j] [pool-2-thread-2] INFO o.o.c.p.c.s.w.e.CoreNotificationEndpoint@sendNotification:40 - Incoming SendNotificationRequest for organisation: OSGP device: TEST1024000000001.
[2025-04-04 12:24:36.457] [osgp-cucumber-tests-platform-publiclighting-7x89j] [pool-2-thread-2] INFO o.o.c.p.c.s.w.c.n.CoreNotificationService@handleNotification:34 - Notification received: test-org|||TEST1024000000001|||20250404122436276|||3522268f-f92f-444b-b8ea-99bd41f55187 for type UPDATE_DEVICE_CDMA_SETTINGS with result OK
[2025-04-04 12:24:36.896] [osgp-cucumber-tests-platform-publiclighting-7x89j] [main] INFO o.o.c.p.c.g.s.w.c.d.UpdateDeviceCdmaSettingsSteps@theDeviceCdmaSettingsShouldBeSet:120 - THEN: Store null
]]></system-out>
  <system-err><![CDATA[]]></system-err>
  <testcase classname="org.opensmartgridplatform.cucumber.execution.DescriptionAsTest" name="Successfully update device CDMA settings(OSGP - Core - Update Device CDMA Settings)" time="0.701" />
</testsuite>
