<?xml version="1.0" encoding="UTF-8" ?>
<testsuite errors="0" failures="0" hostname="osgp-cucumber-tests-platform-publiclighting-7x89j" name="Set reverse tariff schedule with 50 schedules # Success(TariffSwitchingScheduleManagement Set Reverse Tariff Schedule)" skipped="0" tests="1" time="1.199" timestamp="2025-04-04T13:30:59">
  <properties />
  <system-out><![CDATA[[2025-04-04 13:30:59.533] [osgp-cucumber-tests-platform-publiclighting-7x89j] [main] INFO o.o.c.platform.database.CoreDatabase@batchDeleteAll:131 - Starting batchDeleteAll()
[2025-04-04 13:30:59.539] [osgp-cucumber-tests-platform-publiclighting-7x89j] [main] INFO o.o.c.platform.database.CoreDatabase@normalDeleteAll:154 - Starting normalDeleteAll()
[2025-04-04 13:30:59.567] [osgp-cucumber-tests-platform-publiclighting-7x89j] [main] INFO o.o.c.p.p.m.o.MockOslpServer@mockSetScheduleResponse:611 - Mocking response for device dGVzdDEyMzQ1Njc4 of message type: SET_TARIFF_SCHEDULE
[2025-04-04 13:30:59.688] [osgp-cucumber-tests-platform-publiclighting-7x89j] [main] INFO o.o.c.p.p.g.s.w.t.s.SetTariffScheduleSteps@theSetTariffScheduleAsyncResponseContains:212 - Got CorrelationUid: [test-org|||TEST1024000000001|||20250404133059611|||0dff9ac5-7973-456d-8678-4d7f16652ade]
[2025-04-04 13:30:59.690] [osgp-cucumber-tests-platform-publiclighting-7x89j] [main] INFO o.o.c.p.p.m.o.MockOslpServer@waitForRequest:187 - Device dGVzdDEyMzQ1Njc4 is waiting for request of message type: SET_TARIFF_SCHEDULE, receivedResponses: 0
[2025-04-04 13:30:59.690] [osgp-cucumber-tests-platform-publiclighting-7x89j] [main] INFO o.o.c.p.p.m.o.MockOslpServer@waitForRequest:199 - Sleeping 1s 1 - Device dGVzdDEyMzQ1Njc4 is waiting for a request of message type: SET_TARIFF_SCHEDULE
[2025-04-04 13:31:00.211] [osgp-cucumber-tests-platform-publiclighting-7x89j] [disposableNioEventLoopGroup-6-30] INFO o.o.c.p.p.m.o.MockOslpChannelHandler@handleRequest:403 - Device dGVzdDEyMzQ1Njc4 received [setScheduleRequest {
  schedules {
    weekday: ABSOLUTEDAY
    startDay: "20160101"
    endDay: "20161231"
    actionTime: ABSOLUTETIME
    time: "180000"
    value {
      index: "\000"
      on: true
    }
  }
  schedules {
    weekday: ABSOLUTEDAY
    startDay: "20160101"
    endDay: "20161231"
    actionTime: ABSOLUTETIME
    time: "180000"
    value {
      index: "\000"
      on: true
    }
  }
  schedules {
    weekday: ABSOLUTEDAY
    startDay: "20160101"
    endDay: "20161231"
    actionTime: ABSOLUTETIME
    time: "180000"
    value {
      index: "\000"
      on: true
    }
  }
  schedules {
    weekday: ABSOLUTEDAY
    startDay: "20160101"
    endDay: "20161231"
    actionTime: ABSOLUTETIME
    time: "180000"
    value {
      index: "\000"
      on: true
    }
  }
  schedules {
    weekday: ABSOLUTEDAY
    startDay: "20160101"
    endDay: "20161231"
    actionTime: ABSOLUTETIME
    time: "180000"
    value {
      index: "\000"
      on: true
    }
  }
  pageInfo {
    currentPage: 1
    pageSize: 5
    totalPages: 10
  }
  scheduleType: TARIFF
}
], sequence number [[0, 0]]
[2025-04-04 13:31:00.212] [osgp-cucumber-tests-platform-publiclighting-7x89j] [disposableNioEventLoopGroup-6-30] INFO o.o.c.p.p.m.o.MockOslpChannelHandler@handleRequest:425 - Device dGVzdDEyMzQ1Njc4 mocked response: [setScheduleResponse {
  status: OK
}
]
[2025-04-04 13:31:00.691] [osgp-cucumber-tests-platform-publiclighting-7x89j] [main] INFO o.o.c.p.p.m.o.MockOslpServer@waitForRequest:214 - Device dGVzdDEyMzQ1Njc4 received a request of message type: SET_TARIFF_SCHEDULE
]]></system-out>
  <system-err><![CDATA[]]></system-err>
  <testcase classname="org.opensmartgridplatform.cucumber.execution.DescriptionAsTest" name="Set reverse tariff schedule with 50 schedules # Success(TariffSwitchingScheduleManagement Set Reverse Tariff Schedule)" time="1.199" />
</testsuite>
