<?xml version="1.0" encoding="UTF-8" ?>
<testsuite errors="0" failures="0" hostname="osgp-cucumber-tests-platform-publiclighting-7x89j" name="Set ssld device status(Core Operations, DeviceLifeCycle)" skipped="0" tests="1" time="0.707" timestamp="2025-04-04T12:22:28">
  <properties />
  <system-out><![CDATA[[2025-04-04 12:22:28.358] [osgp-cucumber-tests-platform-publiclighting-7x89j] [main] INFO o.o.c.platform.database.CoreDatabase@batchDeleteAll:131 - Starting batchDeleteAll()
[2025-04-04 12:22:28.365] [osgp-cucumber-tests-platform-publiclighting-7x89j] [main] INFO o.o.c.platform.database.CoreDatabase@normalDeleteAll:154 - Starting normalDeleteAll()
[2025-04-04 12:22:28.532] [osgp-cucumber-tests-platform-publiclighting-7x89j] [main] ERROR o.o.cucumber.core.Wait@handleAssertionError:145 - Assertion error: 
Expecting:
 <NOT_FOUND>
not to be equal to:
 <NOT_FOUND>

[2025-04-04 12:22:28.532] [osgp-cucumber-tests-platform-publiclighting-7x89j] [main] INFO o.o.cucumber.core.Wait@until:126 - ... polling in Wait.until (0 seconds) ...
[2025-04-04 12:22:28.605] [osgp-cucumber-tests-platform-publiclighting-7x89j] [pool-2-thread-1] INFO o.o.c.p.c.s.w.e.CoreNotificationEndpoint@sendNotification:40 - Incoming SendNotificationRequest for organisation: OSGP device: TEST1024000000001.
[2025-04-04 12:22:28.605] [osgp-cucumber-tests-platform-publiclighting-7x89j] [pool-2-thread-1] INFO o.o.c.p.c.s.w.c.n.CoreNotificationService@handleNotification:34 - Notification received: test-org|||TEST1024000000001|||20250404122228431|||19c1dcdb-52b6-4624-b8ec-4a93f03e7779 for type SET_DEVICE_LIFECYCLE_STATUS with result OK
[2025-04-04 12:22:29.054] [osgp-cucumber-tests-platform-publiclighting-7x89j] [pool-2-thread-1] INFO o.o.c.p.c.s.w.e.CoreNotificationEndpoint@sendNotification:40 - Incoming SendNotificationRequest for organisation: OSGP device: TEST1024000000001.
[2025-04-04 12:22:29.054] [osgp-cucumber-tests-platform-publiclighting-7x89j] [pool-2-thread-1] INFO o.o.c.p.c.s.w.c.n.CoreNotificationService@handleNotification:34 - Notification received: test-org|||TEST1024000000001|||20250404122228431|||19c1dcdb-52b6-4624-b8ec-4a93f03e7779 for type DEVICE_UPDATED with result OK
]]></system-out>
  <system-err><![CDATA[]]></system-err>
  <testcase classname="org.opensmartgridplatform.cucumber.execution.DescriptionAsTest" name="Set ssld device status(Core Operations, DeviceLifeCycle)" time="0.707" />
</testsuite>
