<?xml version="1.0" encoding="UTF-8" ?>
<testsuite errors="0" failures="1" hostname="osgp-cucumber-tests-platform-publiclighting-7x89j" name="Register device with empty DeviceIdentification(ProtocolAdapterOSLP Device Registration)" skipped="0" tests="1" time="0.038" timestamp="2025-04-04T13:36:15">
  <properties />
  <testcase classname="org.opensmartgridplatform.cucumber.execution.DescriptionAsTest" name="Register device with empty DeviceIdentification(ProtocolAdapterOSLP Device Registration)" time="0.038">
    <error message="&#xa;Expecting message to be:&#xa;  &lt;&quot;Failed to receive response within timelimit 20000 ms&quot;&gt;&#xa;but was:&#xa;  &lt;&quot;Unable to connect&quot;&gt;&#xa;&#xa;Throwable that failed the check:&#xa;&#xa;java.io.IOException: Unable to connect&#xa;&#x9;at org.opensmartgridplatform.cucumber.platform.publiclighting.mocks.oslpdevice.MockOslpChannelHandler.send(MockOslpChannelHandler.java:342)&#xa;&#x9;at org.opensmartgridplatform.cucumber.platform.publiclighting.mocks.oslpdevice.MockOslpServer.send(MockOslpServer.java:224)&#xa;&#x9;at org.opensmartgridplatform.cucumber.platform.publiclighting.glue.steps.mocks.OslpDeviceSteps.send(OslpDeviceSteps.java:1473)&#xa;&#x9;at org.opensmartgridplatform.cucumber.platform.publiclighting.glue.steps.mocks.OslpDeviceSteps.theDeviceSendsARegisterDeviceRequestToThePlatform(OslpDeviceSteps.java:1242)&#xa;&#x9;at java.base/jdk.internal.reflect.NativeMethodAccessorImpl.invoke0(Native Method)&#xa;&#x9;at java.base/jdk.internal.reflect.NativeMethodAccessorImpl.invoke(NativeMethodAccessorImpl.java:77)&#xa;&#x9;at java.base/jdk.internal.reflect.DelegatingMethodAccessorImpl.invoke(DelegatingMethodAccessorImpl.java:43)&#xa;&#x9;at java.base/java.lang.reflect.Method.invoke(Method.java:569)&#xa;&#x9;at io.cucumber.java.Invoker.invoke(Invoker.java:27)&#xa;&#x9;at io.cucumber.java.JavaStepDefinition.execute(JavaStepDefinition.java:27)&#xa;&#x9;at io.cucumber.core.runner.PickleStepDefinitionMatch.runStep(PickleStepDefinitionMatch.java:63)&#xa;&#x9;at io.cucumber.core.runner.TestStep.executeStep(TestStep.java:64)&#xa;&#x9;at io.cucumber.core.runner.TestStep.run(TestStep.java:49)&#xa;&#x9;at io.cucumber.core.runner.PickleStepTestStep.run(PickleStepTestStep.java:46)&#xa;&#x9;at io.cucumber.core.runner.TestCase.run(TestCase.java:51)&#xa;&#x9;at io.cucumber.core.runner.Runner.runPickle(Runner.java:67)&#xa;&#x9;at io.cucumber.junit.PickleRunners$NoStepDescriptions.run(PickleRunners.java:149)&#xa;&#x9;at io.cucumber.junit.FeatureRunner.runChild(FeatureRunner.java:83)&#xa;&#x9;at io.cucumber.junit.FeatureRunner.runChild(FeatureRunner.java:24)&#xa;&#x9;at org.junit.runners.ParentRunner$4.run(ParentRunner.java:331)&#xa;&#x9;at org.junit.runners.ParentRunner$1.schedule(ParentRunner.java:79)&#xa;&#x9;at org.junit.runners.ParentRunner.runChildren(ParentRunner.java:329)&#xa;&#x9;at org.junit.runners.ParentRunner.access$100(ParentRunner.java:66)&#xa;&#x9;at org.junit.runners.ParentRunner$2.evaluate(ParentRunner.java:293)&#xa;&#x9;at org.junit.runners.ParentRunner$3.evaluate(ParentRunner.java:306)&#xa;&#x9;at org.junit.runners.ParentRunner.run(ParentRunner.java:413)&#xa;&#x9;at io.cucumber.junit.Cucumber.runChild(Cucumber.java:185)&#xa;&#x9;at io.cucumber.junit.Cucumber.runChild(Cucumber.java:83)&#xa;&#x9;at org.junit.runners.ParentRunner$4.run(ParentRunner.java:331)&#xa;&#x9;at org.junit.runners.ParentRunner$1.schedule(ParentRunner.java:79)&#xa;&#x9;at org.junit.runners.ParentRunner.runChildren(ParentRunner.java:329)&#xa;&#x9;at org.junit.runners.ParentRunner.access$100(ParentRunner.java:66)&#xa;&#x9;at org.junit.runners.ParentRunner$2.evaluate(ParentRunner.java:293)&#xa;&#x9;at io.cucumber.junit.Cucumber$RunCucumber.evaluate(Cucumber.java:219)&#xa;&#x9;at org.junit.runners.ParentRunner$3.evaluate(ParentRunner.java:306)&#xa;&#x9;at org.junit.runners.ParentRunner.run(ParentRunner.java:413)&#xa;&#x9;at org.junit.runners.Suite.runChild(Suite.java:128)&#xa;&#x9;at org.junit.runners.Suite.runChild(Suite.java:27)&#xa;&#x9;at org.junit.runners.ParentRunner$4.run(ParentRunner.java:331)&#xa;&#x9;at org.junit.runners.ParentRunner$1.schedule(ParentRunner.java:79)&#xa;&#x9;at org.junit.runners.ParentRunner.runChildren(ParentRunner.java:329)&#xa;&#x9;at org.junit.runners.ParentRunner.access$100(ParentRunner.java:66)&#xa;&#x9;at org.junit.runners.ParentRunner$2.evaluate(ParentRunner.java:293)&#xa;&#x9;at org.junit.runners.ParentRunner$3.evaluate(ParentRunner.java:306)&#xa;&#x9;at org.junit.runners.ParentRunner.run(ParentRunner.java:413)&#xa;&#x9;at org.junit.runner.JUnitCore.run(JUnitCore.java:137)&#xa;&#x9;at org.junit.runner.JUnitCore.run(JUnitCore.java:115)&#xa;&#x9;at org.opensmartgridplatform.cucumber.execution.AppBase.runTests(AppBase.java:99)&#xa;&#x9;at org.opensmartgridplatform.cucumber.execution.AppBase.run(AppBase.java:54)&#xa;&#x9;at org.opensmartgridplatform.cucumber.platform.publiclighting.App.main(App.java:17)&#xa;" type="org.opentest4j.AssertionFailedError">org.opentest4j.AssertionFailedError: 
Expecting message to be:
  &lt;&quot;Failed to receive response within timelimit 20000 ms&quot;&gt;
but was:
  &lt;&quot;Unable to connect&quot;&gt;

Throwable that failed the check:

java.io.IOException: Unable to connect
	at org.opensmartgridplatform.cucumber.platform.publiclighting.mocks.oslpdevice.MockOslpChannelHandler.send(MockOslpChannelHandler.java:342)
	at org.opensmartgridplatform.cucumber.platform.publiclighting.mocks.oslpdevice.MockOslpServer.send(MockOslpServer.java:224)
	at org.opensmartgridplatform.cucumber.platform.publiclighting.glue.steps.mocks.OslpDeviceSteps.send(OslpDeviceSteps.java:1473)
	at org.opensmartgridplatform.cucumber.platform.publiclighting.glue.steps.mocks.OslpDeviceSteps.theDeviceSendsARegisterDeviceRequestToThePlatform(OslpDeviceSteps.java:1242)
	at java.base/jdk.internal.reflect.NativeMethodAccessorImpl.invoke0(Native Method)
	at java.base/jdk.internal.reflect.NativeMethodAccessorImpl.invoke(NativeMethodAccessorImpl.java:77)
	at java.base/jdk.internal.reflect.DelegatingMethodAccessorImpl.invoke(DelegatingMethodAccessorImpl.java:43)
	at io.cucumber.java.Invoker.invoke(Invoker.java:27)
	at io.cucumber.java.JavaStepDefinition.execute(JavaStepDefinition.java:27)
	at io.cucumber.core.runner.PickleStepDefinitionMatch.runStep(PickleStepDefinitionMatch.java:63)
	at io.cucumber.core.runner.TestStep.executeStep(TestStep.java:64)
	at io.cucumber.core.runner.TestStep.run(TestStep.java:49)
	at io.cucumber.core.runner.PickleStepTestStep.run(PickleStepTestStep.java:46)
	at io.cucumber.core.runner.TestCase.run(TestCase.java:51)
	at io.cucumber.core.runner.Runner.runPickle(Runner.java:67)
	at io.cucumber.junit.PickleRunners$NoStepDescriptions.run(PickleRunners.java:149)
	at io.cucumber.junit.FeatureRunner.runChild(FeatureRunner.java:83)
	at io.cucumber.junit.FeatureRunner.runChild(FeatureRunner.java:24)
	at io.cucumber.junit.Cucumber.runChild(Cucumber.java:185)
	at io.cucumber.junit.Cucumber.runChild(Cucumber.java:83)
	at io.cucumber.junit.Cucumber$RunCucumber.evaluate(Cucumber.java:219)
	at org.opensmartgridplatform.cucumber.execution.AppBase.runTests(AppBase.java:99)
	at org.opensmartgridplatform.cucumber.execution.AppBase.run(AppBase.java:54)
	at org.opensmartgridplatform.cucumber.platform.publiclighting.App.main(App.java:17)

	at jdk.internal.reflect.GeneratedConstructorAccessor108.newInstance(Unknown Source)
	at java.base/jdk.internal.reflect.DelegatingConstructorAccessorImpl.newInstance(DelegatingConstructorAccessorImpl.java:45)
	at java.base/java.lang.reflect.Constructor.newInstanceWithCaller(Constructor.java:500)
	at org.opensmartgridplatform.cucumber.platform.publiclighting.glue.steps.mocks.OslpDeviceSteps.theRegisterDeviceResponseContains(OslpDeviceSteps.java:1426)
	at âœ½.the register device response contains(classpath:features/publiclighting/protocol-adapter-oslp/RegisterDevice.feature:141)
</error>
  </testcase>
  <system-out><![CDATA[[2025-04-04 13:36:15.318] [osgp-cucumber-tests-platform-publiclighting-7x89j] [main] INFO o.o.c.platform.database.CoreDatabase@batchDeleteAll:131 - Starting batchDeleteAll()
[2025-04-04 13:36:15.327] [osgp-cucumber-tests-platform-publiclighting-7x89j] [main] INFO o.o.c.platform.database.CoreDatabase@normalDeleteAll:154 - Starting normalDeleteAll()
[2025-04-04 13:36:15.349] [osgp-cucumber-tests-platform-publiclighting-7x89j] [main] WARN o.o.c.p.p.m.o.MockOslpChannelHandler@send:341 - Unable to connect to: httpd:443/<unresolved>:12122
]]></system-out>
  <system-err><![CDATA[]]></system-err>
</testsuite>
