<?xml version="1.0" encoding="UTF-8" ?>
<testsuite errors="0" failures="1" hostname="osgp-cucumber-tests-platform-publiclighting-7x89j" name="Set tariff schedule(TariffSwitchingScheduleManagement Set Tariff Schedule)" skipped="0" tests="1" time="31.476" timestamp="2025-04-04T13:33:38">
  <properties />
  <testcase classname="org.opensmartgridplatform.cucumber.execution.DescriptionAsTest" name="Set tariff schedule(TariffSwitchingScheduleManagement Set Tariff Schedule)" time="31.476">
    <error message="Timeout after [30] seconds." type="org.opentest4j.AssertionFailedError">org.opentest4j.AssertionFailedError: Timeout after [30] seconds.
	at org.opensmartgridplatform.cucumber.core.Wait.untilAndReturn(Wait.java:53)
	at org.opensmartgridplatform.cucumber.platform.publiclighting.glue.steps.ws.tariffswitching.schedulemanagement.SetTariffScheduleSteps.thePlatformBuffersASetTariffScheduleResponseMessageForDevice(SetTariffScheduleSteps.java:236)
	at âœ½.the platform buffers a set tariff schedule response message for device &quot;TEST1024000000001&quot;(classpath:features/publiclighting/osgp-adapter-ws-tariffswitching/ScheduleManagement/SetTariffSchedule.feature:33)
</error>
  </testcase>
  <system-out><![CDATA[[2025-04-04 13:33:38.338] [osgp-cucumber-tests-platform-publiclighting-7x89j] [main] INFO o.o.c.platform.database.CoreDatabase@batchDeleteAll:131 - Starting batchDeleteAll()
[2025-04-04 13:33:38.349] [osgp-cucumber-tests-platform-publiclighting-7x89j] [main] INFO o.o.c.platform.database.CoreDatabase@normalDeleteAll:154 - Starting normalDeleteAll()
[2025-04-04 13:33:38.382] [osgp-cucumber-tests-platform-publiclighting-7x89j] [main] INFO o.o.c.p.p.m.o.MockOslpServer@mockSetScheduleResponse:611 - Mocking response for device dGVzdDEyMzQ1Njc4 of message type: SET_TARIFF_SCHEDULE
[2025-04-04 13:33:38.473] [osgp-cucumber-tests-platform-publiclighting-7x89j] [main] INFO o.o.c.p.p.g.s.w.t.s.SetTariffScheduleSteps@theSetTariffScheduleAsyncResponseContains:212 - Got CorrelationUid: [test-org|||TEST1024000000001|||20250404133338401|||99be994b-8dff-4e93-94ce-f8a461b08f55]
[2025-04-04 13:33:38.473] [osgp-cucumber-tests-platform-publiclighting-7x89j] [main] INFO o.o.c.p.p.m.o.MockOslpServer@waitForRequest:187 - Device dGVzdDEyMzQ1Njc4 is waiting for request of message type: SET_TARIFF_SCHEDULE, receivedResponses: 0
[2025-04-04 13:33:38.474] [osgp-cucumber-tests-platform-publiclighting-7x89j] [main] INFO o.o.c.p.p.m.o.MockOslpServer@waitForRequest:199 - Sleeping 1s 1 - Device dGVzdDEyMzQ1Njc4 is waiting for a request of message type: SET_TARIFF_SCHEDULE
[2025-04-04 13:33:38.904] [osgp-cucumber-tests-platform-publiclighting-7x89j] [disposableNioEventLoopGroup-6-4] INFO o.o.c.p.p.m.o.MockOslpChannelHandler@handleRequest:403 - Device dGVzdDEyMzQ1Njc4 received [setScheduleRequest {
  schedules {
    weekday: ABSOLUTEDAY
    startDay: "20160101"
    endDay: "20161231"
    actionTime: ABSOLUTETIME
    time: "180000"
    value {
      index: "\000"
      on: false
    }
  }
  scheduleType: TARIFF
}
], sequence number [[0, 0]]
[2025-04-04 13:33:38.904] [osgp-cucumber-tests-platform-publiclighting-7x89j] [disposableNioEventLoopGroup-6-4] INFO o.o.c.p.p.m.o.MockOslpChannelHandler@handleRequest:425 - Device dGVzdDEyMzQ1Njc4 mocked response: [setScheduleResponse {
  status: OK
}
]
[2025-04-04 13:33:39.474] [osgp-cucumber-tests-platform-publiclighting-7x89j] [main] INFO o.o.c.p.p.m.o.MockOslpServer@waitForRequest:214 - Device dGVzdDEyMzQ1Njc4 received a request of message type: SET_TARIFF_SCHEDULE
[2025-04-04 13:33:39.488] [osgp-cucumber-tests-platform-publiclighting-7x89j] [main] ERROR o.o.cucumber.core.Wait@handleException:151 - Caught an exception: [CorrelationUid is unknown.]
[2025-04-04 13:33:39.488] [osgp-cucumber-tests-platform-publiclighting-7x89j] [main] INFO o.o.cucumber.core.Wait@untilAndReturn:74 - ... polling in Wait.until (0 seconds) ...
[2025-04-04 13:33:40.002] [osgp-cucumber-tests-platform-publiclighting-7x89j] [main] ERROR o.o.cucumber.core.Wait@handleException:151 - Caught an exception: [CorrelationUid is unknown.]
[2025-04-04 13:33:40.002] [osgp-cucumber-tests-platform-publiclighting-7x89j] [main] INFO o.o.cucumber.core.Wait@untilAndReturn:74 - ... polling in Wait.until (0 seconds) ...
[2025-04-04 13:33:40.514] [osgp-cucumber-tests-platform-publiclighting-7x89j] [main] ERROR o.o.cucumber.core.Wait@handleException:151 - Caught an exception: [CorrelationUid is unknown.]
[2025-04-04 13:33:40.514] [osgp-cucumber-tests-platform-publiclighting-7x89j] [main] INFO o.o.cucumber.core.Wait@untilAndReturn:74 - ... polling in Wait.until (1 seconds) ...
[2025-04-04 13:33:41.041] [osgp-cucumber-tests-platform-publiclighting-7x89j] [main] ERROR o.o.cucumber.core.Wait@handleException:151 - Caught an exception: [CorrelationUid is unknown.]
[2025-04-04 13:33:41.041] [osgp-cucumber-tests-platform-publiclighting-7x89j] [main] INFO o.o.cucumber.core.Wait@untilAndReturn:74 - ... polling in Wait.until (1 seconds) ...
[2025-04-04 13:33:41.553] [osgp-cucumber-tests-platform-publiclighting-7x89j] [main] ERROR o.o.cucumber.core.Wait@handleException:151 - Caught an exception: [CorrelationUid is unknown.]
[2025-04-04 13:33:41.554] [osgp-cucumber-tests-platform-publiclighting-7x89j] [main] INFO o.o.cucumber.core.Wait@untilAndReturn:74 - ... polling in Wait.until (2 seconds) ...
[2025-04-04 13:33:42.067] [osgp-cucumber-tests-platform-publiclighting-7x89j] [main] ERROR o.o.cucumber.core.Wait@handleException:151 - Caught an exception: [CorrelationUid is unknown.]
[2025-04-04 13:33:42.067] [osgp-cucumber-tests-platform-publiclighting-7x89j] [main] INFO o.o.cucumber.core.Wait@untilAndReturn:74 - ... polling in Wait.until (2 seconds) ...
[2025-04-04 13:33:42.579] [osgp-cucumber-tests-platform-publiclighting-7x89j] [main] ERROR o.o.cucumber.core.Wait@handleException:151 - Caught an exception: [CorrelationUid is unknown.]
[2025-04-04 13:33:42.580] [osgp-cucumber-tests-platform-publiclighting-7x89j] [main] INFO o.o.cucumber.core.Wait@untilAndReturn:74 - ... polling in Wait.until (3 seconds) ...
[2025-04-04 13:33:43.093] [osgp-cucumber-tests-platform-publiclighting-7x89j] [main] ERROR o.o.cucumber.core.Wait@handleException:151 - Caught an exception: [CorrelationUid is unknown.]
[2025-04-04 13:33:43.093] [osgp-cucumber-tests-platform-publiclighting-7x89j] [main] INFO o.o.cucumber.core.Wait@untilAndReturn:74 - ... polling in Wait.until (3 seconds) ...
[2025-04-04 13:33:43.606] [osgp-cucumber-tests-platform-publiclighting-7x89j] [main] ERROR o.o.cucumber.core.Wait@handleException:151 - Caught an exception: [CorrelationUid is unknown.]
[2025-04-04 13:33:43.606] [osgp-cucumber-tests-platform-publiclighting-7x89j] [main] INFO o.o.cucumber.core.Wait@untilAndReturn:74 - ... polling in Wait.until (4 seconds) ...
[2025-04-04 13:33:44.120] [osgp-cucumber-tests-platform-publiclighting-7x89j] [main] ERROR o.o.cucumber.core.Wait@handleException:151 - Caught an exception: [CorrelationUid is unknown.]
[2025-04-04 13:33:44.120] [osgp-cucumber-tests-platform-publiclighting-7x89j] [main] INFO o.o.cucumber.core.Wait@untilAndReturn:74 - ... polling in Wait.until (4 seconds) ...
[2025-04-04 13:33:44.633] [osgp-cucumber-tests-platform-publiclighting-7x89j] [main] ERROR o.o.cucumber.core.Wait@handleException:151 - Caught an exception: [CorrelationUid is unknown.]
[2025-04-04 13:33:44.633] [osgp-cucumber-tests-platform-publiclighting-7x89j] [main] INFO o.o.cucumber.core.Wait@untilAndReturn:74 - ... polling in Wait.until (5 seconds) ...
[2025-04-04 13:33:45.146] [osgp-cucumber-tests-platform-publiclighting-7x89j] [main] ERROR o.o.cucumber.core.Wait@handleException:151 - Caught an exception: [CorrelationUid is unknown.]
[2025-04-04 13:33:45.146] [osgp-cucumber-tests-platform-publiclighting-7x89j] [main] INFO o.o.cucumber.core.Wait@untilAndReturn:74 - ... polling in Wait.until (5 seconds) ...
[2025-04-04 13:33:45.660] [osgp-cucumber-tests-platform-publiclighting-7x89j] [main] ERROR o.o.cucumber.core.Wait@handleException:151 - Caught an exception: [CorrelationUid is unknown.]
[2025-04-04 13:33:45.661] [osgp-cucumber-tests-platform-publiclighting-7x89j] [main] INFO o.o.cucumber.core.Wait@untilAndReturn:74 - ... polling in Wait.until (6 seconds) ...
[2025-04-04 13:33:46.174] [osgp-cucumber-tests-platform-publiclighting-7x89j] [main] ERROR o.o.cucumber.core.Wait@handleException:151 - Caught an exception: [CorrelationUid is unknown.]
[2025-04-04 13:33:46.174] [osgp-cucumber-tests-platform-publiclighting-7x89j] [main] INFO o.o.cucumber.core.Wait@untilAndReturn:74 - ... polling in Wait.until (6 seconds) ...
[2025-04-04 13:33:46.689] [osgp-cucumber-tests-platform-publiclighting-7x89j] [main] ERROR o.o.cucumber.core.Wait@handleException:151 - Caught an exception: [CorrelationUid is unknown.]
[2025-04-04 13:33:46.689] [osgp-cucumber-tests-platform-publiclighting-7x89j] [main] INFO o.o.cucumber.core.Wait@untilAndReturn:74 - ... polling in Wait.until (7 seconds) ...
[2025-04-04 13:33:47.204] [osgp-cucumber-tests-platform-publiclighting-7x89j] [main] ERROR o.o.cucumber.core.Wait@handleException:151 - Caught an exception: [CorrelationUid is unknown.]
[2025-04-04 13:33:47.204] [osgp-cucumber-tests-platform-publiclighting-7x89j] [main] INFO o.o.cucumber.core.Wait@untilAndReturn:74 - ... polling in Wait.until (7 seconds) ...
[2025-04-04 13:33:47.717] [osgp-cucumber-tests-platform-publiclighting-7x89j] [main] ERROR o.o.cucumber.core.Wait@handleException:151 - Caught an exception: [CorrelationUid is unknown.]
[2025-04-04 13:33:47.717] [osgp-cucumber-tests-platform-publiclighting-7x89j] [main] INFO o.o.cucumber.core.Wait@untilAndReturn:74 - ... polling in Wait.until (8 seconds) ...
[2025-04-04 13:33:48.231] [osgp-cucumber-tests-platform-publiclighting-7x89j] [main] ERROR o.o.cucumber.core.Wait@handleException:151 - Caught an exception: [CorrelationUid is unknown.]
[2025-04-04 13:33:48.232] [osgp-cucumber-tests-platform-publiclighting-7x89j] [main] INFO o.o.cucumber.core.Wait@untilAndReturn:74 - ... polling in Wait.until (8 seconds) ...
[2025-04-04 13:33:48.743] [osgp-cucumber-tests-platform-publiclighting-7x89j] [main] ERROR o.o.cucumber.core.Wait@handleException:151 - Caught an exception: [CorrelationUid is unknown.]
[2025-04-04 13:33:48.744] [osgp-cucumber-tests-platform-publiclighting-7x89j] [main] INFO o.o.cucumber.core.Wait@untilAndReturn:74 - ... polling in Wait.until (9 seconds) ...
[2025-04-04 13:33:49.257] [osgp-cucumber-tests-platform-publiclighting-7x89j] [main] ERROR o.o.cucumber.core.Wait@handleException:151 - Caught an exception: [CorrelationUid is unknown.]
[2025-04-04 13:33:49.257] [osgp-cucumber-tests-platform-publiclighting-7x89j] [main] INFO o.o.cucumber.core.Wait@untilAndReturn:74 - ... polling in Wait.until (9 seconds) ...
[2025-04-04 13:33:49.772] [osgp-cucumber-tests-platform-publiclighting-7x89j] [main] ERROR o.o.cucumber.core.Wait@handleException:151 - Caught an exception: [CorrelationUid is unknown.]
[2025-04-04 13:33:49.772] [osgp-cucumber-tests-platform-publiclighting-7x89j] [main] INFO o.o.cucumber.core.Wait@untilAndReturn:74 - ... polling in Wait.until (10 seconds) ...
[2025-04-04 13:33:50.286] [osgp-cucumber-tests-platform-publiclighting-7x89j] [main] ERROR o.o.cucumber.core.Wait@handleException:151 - Caught an exception: [CorrelationUid is unknown.]
[2025-04-04 13:33:50.286] [osgp-cucumber-tests-platform-publiclighting-7x89j] [main] INFO o.o.cucumber.core.Wait@untilAndReturn:74 - ... polling in Wait.until (10 seconds) ...
[2025-04-04 13:33:50.800] [osgp-cucumber-tests-platform-publiclighting-7x89j] [main] ERROR o.o.cucumber.core.Wait@handleException:151 - Caught an exception: [CorrelationUid is unknown.]
[2025-04-04 13:33:50.800] [osgp-cucumber-tests-platform-publiclighting-7x89j] [main] INFO o.o.cucumber.core.Wait@untilAndReturn:74 - ... polling in Wait.until (11 seconds) ...
[2025-04-04 13:33:51.327] [osgp-cucumber-tests-platform-publiclighting-7x89j] [main] ERROR o.o.cucumber.core.Wait@handleException:151 - Caught an exception: [CorrelationUid is unknown.]
[2025-04-04 13:33:51.327] [osgp-cucumber-tests-platform-publiclighting-7x89j] [main] INFO o.o.cucumber.core.Wait@untilAndReturn:74 - ... polling in Wait.until (11 seconds) ...
[2025-04-04 13:33:51.842] [osgp-cucumber-tests-platform-publiclighting-7x89j] [main] ERROR o.o.cucumber.core.Wait@handleException:151 - Caught an exception: [CorrelationUid is unknown.]
[2025-04-04 13:33:51.842] [osgp-cucumber-tests-platform-publiclighting-7x89j] [main] INFO o.o.cucumber.core.Wait@untilAndReturn:74 - ... polling in Wait.until (12 seconds) ...
[2025-04-04 13:33:52.354] [osgp-cucumber-tests-platform-publiclighting-7x89j] [main] ERROR o.o.cucumber.core.Wait@handleException:151 - Caught an exception: [CorrelationUid is unknown.]
[2025-04-04 13:33:52.354] [osgp-cucumber-tests-platform-publiclighting-7x89j] [main] INFO o.o.cucumber.core.Wait@untilAndReturn:74 - ... polling in Wait.until (12 seconds) ...
[2025-04-04 13:33:52.866] [osgp-cucumber-tests-platform-publiclighting-7x89j] [main] ERROR o.o.cucumber.core.Wait@handleException:151 - Caught an exception: [CorrelationUid is unknown.]
[2025-04-04 13:33:52.866] [osgp-cucumber-tests-platform-publiclighting-7x89j] [main] INFO o.o.cucumber.core.Wait@untilAndReturn:74 - ... polling in Wait.until (13 seconds) ...
[2025-04-04 13:33:53.379] [osgp-cucumber-tests-platform-publiclighting-7x89j] [main] ERROR o.o.cucumber.core.Wait@handleException:151 - Caught an exception: [CorrelationUid is unknown.]
[2025-04-04 13:33:53.380] [osgp-cucumber-tests-platform-publiclighting-7x89j] [main] INFO o.o.cucumber.core.Wait@untilAndReturn:74 - ... polling in Wait.until (13 seconds) ...
[2025-04-04 13:33:53.892] [osgp-cucumber-tests-platform-publiclighting-7x89j] [main] ERROR o.o.cucumber.core.Wait@handleException:151 - Caught an exception: [CorrelationUid is unknown.]
[2025-04-04 13:33:53.892] [osgp-cucumber-tests-platform-publiclighting-7x89j] [main] INFO o.o.cucumber.core.Wait@untilAndReturn:74 - ... polling in Wait.until (14 seconds) ...
[2025-04-04 13:33:54.405] [osgp-cucumber-tests-platform-publiclighting-7x89j] [main] ERROR o.o.cucumber.core.Wait@handleException:151 - Caught an exception: [CorrelationUid is unknown.]
[2025-04-04 13:33:54.405] [osgp-cucumber-tests-platform-publiclighting-7x89j] [main] INFO o.o.cucumber.core.Wait@untilAndReturn:74 - ... polling in Wait.until (14 seconds) ...
[2025-04-04 13:33:54.917] [osgp-cucumber-tests-platform-publiclighting-7x89j] [main] ERROR o.o.cucumber.core.Wait@handleException:151 - Caught an exception: [CorrelationUid is unknown.]
[2025-04-04 13:33:54.917] [osgp-cucumber-tests-platform-publiclighting-7x89j] [main] INFO o.o.cucumber.core.Wait@untilAndReturn:74 - ... polling in Wait.until (15 seconds) ...
[2025-04-04 13:33:55.431] [osgp-cucumber-tests-platform-publiclighting-7x89j] [main] ERROR o.o.cucumber.core.Wait@handleException:151 - Caught an exception: [CorrelationUid is unknown.]
[2025-04-04 13:33:55.431] [osgp-cucumber-tests-platform-publiclighting-7x89j] [main] INFO o.o.cucumber.core.Wait@untilAndReturn:74 - ... polling in Wait.until (15 seconds) ...
[2025-04-04 13:33:55.943] [osgp-cucumber-tests-platform-publiclighting-7x89j] [main] ERROR o.o.cucumber.core.Wait@handleException:151 - Caught an exception: [CorrelationUid is unknown.]
[2025-04-04 13:33:55.943] [osgp-cucumber-tests-platform-publiclighting-7x89j] [main] INFO o.o.cucumber.core.Wait@untilAndReturn:74 - ... polling in Wait.until (16 seconds) ...
[2025-04-04 13:33:56.457] [osgp-cucumber-tests-platform-publiclighting-7x89j] [main] ERROR o.o.cucumber.core.Wait@handleException:151 - Caught an exception: [CorrelationUid is unknown.]
[2025-04-04 13:33:56.457] [osgp-cucumber-tests-platform-publiclighting-7x89j] [main] INFO o.o.cucumber.core.Wait@untilAndReturn:74 - ... polling in Wait.until (16 seconds) ...
[2025-04-04 13:33:56.970] [osgp-cucumber-tests-platform-publiclighting-7x89j] [main] ERROR o.o.cucumber.core.Wait@handleException:151 - Caught an exception: [CorrelationUid is unknown.]
[2025-04-04 13:33:56.970] [osgp-cucumber-tests-platform-publiclighting-7x89j] [main] INFO o.o.cucumber.core.Wait@untilAndReturn:74 - ... polling in Wait.until (17 seconds) ...
[2025-04-04 13:33:57.483] [osgp-cucumber-tests-platform-publiclighting-7x89j] [main] ERROR o.o.cucumber.core.Wait@handleException:151 - Caught an exception: [CorrelationUid is unknown.]
[2025-04-04 13:33:57.483] [osgp-cucumber-tests-platform-publiclighting-7x89j] [main] INFO o.o.cucumber.core.Wait@untilAndReturn:74 - ... polling in Wait.until (18 seconds) ...
[2025-04-04 13:33:57.996] [osgp-cucumber-tests-platform-publiclighting-7x89j] [main] ERROR o.o.cucumber.core.Wait@handleException:151 - Caught an exception: [CorrelationUid is unknown.]
[2025-04-04 13:33:57.996] [osgp-cucumber-tests-platform-publiclighting-7x89j] [main] INFO o.o.cucumber.core.Wait@untilAndReturn:74 - ... polling in Wait.until (18 seconds) ...
[2025-04-04 13:33:58.510] [osgp-cucumber-tests-platform-publiclighting-7x89j] [main] ERROR o.o.cucumber.core.Wait@handleException:151 - Caught an exception: [CorrelationUid is unknown.]
[2025-04-04 13:33:58.510] [osgp-cucumber-tests-platform-publiclighting-7x89j] [main] INFO o.o.cucumber.core.Wait@untilAndReturn:74 - ... polling in Wait.until (19 seconds) ...
[2025-04-04 13:33:59.022] [osgp-cucumber-tests-platform-publiclighting-7x89j] [main] ERROR o.o.cucumber.core.Wait@handleException:151 - Caught an exception: [CorrelationUid is unknown.]
[2025-04-04 13:33:59.022] [osgp-cucumber-tests-platform-publiclighting-7x89j] [main] INFO o.o.cucumber.core.Wait@untilAndReturn:74 - ... polling in Wait.until (19 seconds) ...
[2025-04-04 13:33:59.535] [osgp-cucumber-tests-platform-publiclighting-7x89j] [main] ERROR o.o.cucumber.core.Wait@handleException:151 - Caught an exception: [CorrelationUid is unknown.]
[2025-04-04 13:33:59.535] [osgp-cucumber-tests-platform-publiclighting-7x89j] [main] INFO o.o.cucumber.core.Wait@untilAndReturn:74 - ... polling in Wait.until (20 seconds) ...
[2025-04-04 13:34:00.066] [osgp-cucumber-tests-platform-publiclighting-7x89j] [main] ERROR o.o.cucumber.core.Wait@handleException:151 - Caught an exception: [CorrelationUid is unknown.]
[2025-04-04 13:34:00.066] [osgp-cucumber-tests-platform-publiclighting-7x89j] [main] INFO o.o.cucumber.core.Wait@untilAndReturn:74 - ... polling in Wait.until (20 seconds) ...
[2025-04-04 13:34:00.582] [osgp-cucumber-tests-platform-publiclighting-7x89j] [main] ERROR o.o.cucumber.core.Wait@handleException:151 - Caught an exception: [CorrelationUid is unknown.]
[2025-04-04 13:34:00.583] [osgp-cucumber-tests-platform-publiclighting-7x89j] [main] INFO o.o.cucumber.core.Wait@untilAndReturn:74 - ... polling in Wait.until (21 seconds) ...
[2025-04-04 13:34:01.095] [osgp-cucumber-tests-platform-publiclighting-7x89j] [main] ERROR o.o.cucumber.core.Wait@handleException:151 - Caught an exception: [CorrelationUid is unknown.]
[2025-04-04 13:34:01.095] [osgp-cucumber-tests-platform-publiclighting-7x89j] [main] INFO o.o.cucumber.core.Wait@untilAndReturn:74 - ... polling in Wait.until (21 seconds) ...
[2025-04-04 13:34:01.609] [osgp-cucumber-tests-platform-publiclighting-7x89j] [main] ERROR o.o.cucumber.core.Wait@handleException:151 - Caught an exception: [CorrelationUid is unknown.]
[2025-04-04 13:34:01.609] [osgp-cucumber-tests-platform-publiclighting-7x89j] [main] INFO o.o.cucumber.core.Wait@untilAndReturn:74 - ... polling in Wait.until (22 seconds) ...
[2025-04-04 13:34:02.122] [osgp-cucumber-tests-platform-publiclighting-7x89j] [main] ERROR o.o.cucumber.core.Wait@handleException:151 - Caught an exception: [CorrelationUid is unknown.]
[2025-04-04 13:34:02.122] [osgp-cucumber-tests-platform-publiclighting-7x89j] [main] INFO o.o.cucumber.core.Wait@untilAndReturn:74 - ... polling in Wait.until (22 seconds) ...
[2025-04-04 13:34:02.635] [osgp-cucumber-tests-platform-publiclighting-7x89j] [main] ERROR o.o.cucumber.core.Wait@handleException:151 - Caught an exception: [CorrelationUid is unknown.]
[2025-04-04 13:34:02.635] [osgp-cucumber-tests-platform-publiclighting-7x89j] [main] INFO o.o.cucumber.core.Wait@untilAndReturn:74 - ... polling in Wait.until (23 seconds) ...
[2025-04-04 13:34:03.147] [osgp-cucumber-tests-platform-publiclighting-7x89j] [main] ERROR o.o.cucumber.core.Wait@handleException:151 - Caught an exception: [CorrelationUid is unknown.]
[2025-04-04 13:34:03.147] [osgp-cucumber-tests-platform-publiclighting-7x89j] [main] INFO o.o.cucumber.core.Wait@untilAndReturn:74 - ... polling in Wait.until (23 seconds) ...
[2025-04-04 13:34:03.660] [osgp-cucumber-tests-platform-publiclighting-7x89j] [main] ERROR o.o.cucumber.core.Wait@handleException:151 - Caught an exception: [CorrelationUid is unknown.]
[2025-04-04 13:34:03.661] [osgp-cucumber-tests-platform-publiclighting-7x89j] [main] INFO o.o.cucumber.core.Wait@untilAndReturn:74 - ... polling in Wait.until (24 seconds) ...
[2025-04-04 13:34:04.173] [osgp-cucumber-tests-platform-publiclighting-7x89j] [main] ERROR o.o.cucumber.core.Wait@handleException:151 - Caught an exception: [CorrelationUid is unknown.]
[2025-04-04 13:34:04.173] [osgp-cucumber-tests-platform-publiclighting-7x89j] [main] INFO o.o.cucumber.core.Wait@untilAndReturn:74 - ... polling in Wait.until (24 seconds) ...
[2025-04-04 13:34:04.686] [osgp-cucumber-tests-platform-publiclighting-7x89j] [main] ERROR o.o.cucumber.core.Wait@handleException:151 - Caught an exception: [CorrelationUid is unknown.]
[2025-04-04 13:34:04.686] [osgp-cucumber-tests-platform-publiclighting-7x89j] [main] INFO o.o.cucumber.core.Wait@untilAndReturn:74 - ... polling in Wait.until (25 seconds) ...
[2025-04-04 13:34:05.199] [osgp-cucumber-tests-platform-publiclighting-7x89j] [main] ERROR o.o.cucumber.core.Wait@handleException:151 - Caught an exception: [CorrelationUid is unknown.]
[2025-04-04 13:34:05.199] [osgp-cucumber-tests-platform-publiclighting-7x89j] [main] INFO o.o.cucumber.core.Wait@untilAndReturn:74 - ... polling in Wait.until (25 seconds) ...
[2025-04-04 13:34:05.711] [osgp-cucumber-tests-platform-publiclighting-7x89j] [main] ERROR o.o.cucumber.core.Wait@handleException:151 - Caught an exception: [CorrelationUid is unknown.]
[2025-04-04 13:34:05.711] [osgp-cucumber-tests-platform-publiclighting-7x89j] [main] INFO o.o.cucumber.core.Wait@untilAndReturn:74 - ... polling in Wait.until (26 seconds) ...
[2025-04-04 13:34:06.224] [osgp-cucumber-tests-platform-publiclighting-7x89j] [main] ERROR o.o.cucumber.core.Wait@handleException:151 - Caught an exception: [CorrelationUid is unknown.]
[2025-04-04 13:34:06.224] [osgp-cucumber-tests-platform-publiclighting-7x89j] [main] INFO o.o.cucumber.core.Wait@untilAndReturn:74 - ... polling in Wait.until (26 seconds) ...
[2025-04-04 13:34:06.736] [osgp-cucumber-tests-platform-publiclighting-7x89j] [main] ERROR o.o.cucumber.core.Wait@handleException:151 - Caught an exception: [CorrelationUid is unknown.]
[2025-04-04 13:34:06.737] [osgp-cucumber-tests-platform-publiclighting-7x89j] [main] INFO o.o.cucumber.core.Wait@untilAndReturn:74 - ... polling in Wait.until (27 seconds) ...
[2025-04-04 13:34:07.249] [osgp-cucumber-tests-platform-publiclighting-7x89j] [main] ERROR o.o.cucumber.core.Wait@handleException:151 - Caught an exception: [CorrelationUid is unknown.]
[2025-04-04 13:34:07.249] [osgp-cucumber-tests-platform-publiclighting-7x89j] [main] INFO o.o.cucumber.core.Wait@untilAndReturn:74 - ... polling in Wait.until (27 seconds) ...
[2025-04-04 13:34:07.762] [osgp-cucumber-tests-platform-publiclighting-7x89j] [main] ERROR o.o.cucumber.core.Wait@handleException:151 - Caught an exception: [CorrelationUid is unknown.]
[2025-04-04 13:34:07.762] [osgp-cucumber-tests-platform-publiclighting-7x89j] [main] INFO o.o.cucumber.core.Wait@untilAndReturn:74 - ... polling in Wait.until (28 seconds) ...
[2025-04-04 13:34:08.277] [osgp-cucumber-tests-platform-publiclighting-7x89j] [main] ERROR o.o.cucumber.core.Wait@handleException:151 - Caught an exception: [CorrelationUid is unknown.]
[2025-04-04 13:34:08.277] [osgp-cucumber-tests-platform-publiclighting-7x89j] [main] INFO o.o.cucumber.core.Wait@untilAndReturn:74 - ... polling in Wait.until (28 seconds) ...
[2025-04-04 13:34:08.792] [osgp-cucumber-tests-platform-publiclighting-7x89j] [main] ERROR o.o.cucumber.core.Wait@handleException:151 - Caught an exception: [CorrelationUid is unknown.]
[2025-04-04 13:34:08.792] [osgp-cucumber-tests-platform-publiclighting-7x89j] [main] INFO o.o.cucumber.core.Wait@untilAndReturn:74 - ... polling in Wait.until (29 seconds) ...
[2025-04-04 13:34:09.309] [osgp-cucumber-tests-platform-publiclighting-7x89j] [main] ERROR o.o.cucumber.core.Wait@handleException:151 - Caught an exception: [CorrelationUid is unknown.]
[2025-04-04 13:34:09.309] [osgp-cucumber-tests-platform-publiclighting-7x89j] [main] INFO o.o.cucumber.core.Wait@untilAndReturn:74 - ... polling in Wait.until (29 seconds) ...
]]></system-out>
  <system-err><![CDATA[]]></system-err>
</testsuite>
