<?xml version="1.0" encoding="UTF-8" ?>
<testsuite errors="0" failures="0" hostname="osgp-cucumber-tests-platform-publiclighting-7x89j" name="Set tariff schedule with 50 schedules # Success(TariffSwitchingScheduleManagement Set Tariff Schedule)" skipped="0" tests="1" time="1.147" timestamp="2025-04-04T13:34:12">
  <properties />
  <system-out><![CDATA[[2025-04-04 13:34:12.632] [osgp-cucumber-tests-platform-publiclighting-7x89j] [main] INFO o.o.c.platform.database.CoreDatabase@batchDeleteAll:131 - Starting batchDeleteAll()
[2025-04-04 13:34:12.640] [osgp-cucumber-tests-platform-publiclighting-7x89j] [main] INFO o.o.c.platform.database.CoreDatabase@normalDeleteAll:154 - Starting normalDeleteAll()
[2025-04-04 13:34:12.666] [osgp-cucumber-tests-platform-publiclighting-7x89j] [main] INFO o.o.c.p.p.m.o.MockOslpServer@mockSetScheduleResponse:611 - Mocking response for device dGVzdDEyMzQ1Njc4 of message type: SET_TARIFF_SCHEDULE
[2025-04-04 13:34:12.757] [osgp-cucumber-tests-platform-publiclighting-7x89j] [main] INFO o.o.c.p.p.g.s.w.t.s.SetTariffScheduleSteps@theSetTariffScheduleAsyncResponseContains:212 - Got CorrelationUid: [test-org|||TEST1024000000001|||20250404133412691|||0655c1f3-41ab-452b-ba92-088468eeb825]
[2025-04-04 13:34:12.758] [osgp-cucumber-tests-platform-publiclighting-7x89j] [main] INFO o.o.c.p.p.m.o.MockOslpServer@waitForRequest:187 - Device dGVzdDEyMzQ1Njc4 is waiting for request of message type: SET_TARIFF_SCHEDULE, receivedResponses: 0
[2025-04-04 13:34:12.758] [osgp-cucumber-tests-platform-publiclighting-7x89j] [main] INFO o.o.c.p.p.m.o.MockOslpServer@waitForRequest:199 - Sleeping 1s 1 - Device dGVzdDEyMzQ1Njc4 is waiting for a request of message type: SET_TARIFF_SCHEDULE
[2025-04-04 13:34:13.090] [osgp-cucumber-tests-platform-publiclighting-7x89j] [disposableNioEventLoopGroup-6-7] INFO o.o.c.p.p.m.o.MockOslpChannelHandler@handleRequest:403 - Device dGVzdDEyMzQ1Njc4 received [setScheduleRequest {
  schedules {
    weekday: ABSOLUTEDAY
    startDay: "20160101"
    endDay: "20161231"
    actionTime: ABSOLUTETIME
    time: "180000"
    value {
      index: "\000"
      on: false
    }
  }
  schedules {
    weekday: ABSOLUTEDAY
    startDay: "20160101"
    endDay: "20161231"
    actionTime: ABSOLUTETIME
    time: "180000"
    value {
      index: "\000"
      on: false
    }
  }
  schedules {
    weekday: ABSOLUTEDAY
    startDay: "20160101"
    endDay: "20161231"
    actionTime: ABSOLUTETIME
    time: "180000"
    value {
      index: "\000"
      on: false
    }
  }
  schedules {
    weekday: ABSOLUTEDAY
    startDay: "20160101"
    endDay: "20161231"
    actionTime: ABSOLUTETIME
    time: "180000"
    value {
      index: "\000"
      on: false
    }
  }
  schedules {
    weekday: ABSOLUTEDAY
    startDay: "20160101"
    endDay: "20161231"
    actionTime: ABSOLUTETIME
    time: "180000"
    value {
      index: "\000"
      on: false
    }
  }
  pageInfo {
    currentPage: 1
    pageSize: 5
    totalPages: 10
  }
  scheduleType: TARIFF
}
], sequence number [[0, 0]]
[2025-04-04 13:34:13.090] [osgp-cucumber-tests-platform-publiclighting-7x89j] [disposableNioEventLoopGroup-6-7] INFO o.o.c.p.p.m.o.MockOslpChannelHandler@handleRequest:425 - Device dGVzdDEyMzQ1Njc4 mocked response: [setScheduleResponse {
  status: OK
}
]
[2025-04-04 13:34:13.758] [osgp-cucumber-tests-platform-publiclighting-7x89j] [main] INFO o.o.c.p.p.m.o.MockOslpServer@waitForRequest:214 - Device dGVzdDEyMzQ1Njc4 received a request of message type: SET_TARIFF_SCHEDULE
]]></system-out>
  <system-err><![CDATA[]]></system-err>
  <testcase classname="org.opensmartgridplatform.cucumber.execution.DescriptionAsTest" name="Set tariff schedule with 50 schedules # Success(TariffSwitchingScheduleManagement Set Tariff Schedule)" time="1.147" />
</testsuite>
