<?xml version="1.0" encoding="UTF-8" ?>
<testsuite errors="0" failures="0" hostname="osgp-cucumber-tests-platform-publiclighting-7x89j" name="Set reboot as an unknown organization(CoreAdhocManagement Set Reboot)" skipped="0" tests="1" time="0.09" timestamp="2025-04-04T12:01:34">
  <properties />
  <system-out><![CDATA[[2025-04-04 12:01:34.589] [osgp-cucumber-tests-platform-publiclighting-7x89j] [main] INFO o.o.c.platform.database.CoreDatabase@batchDeleteAll:131 - Starting batchDeleteAll()
[2025-04-04 12:01:34.602] [osgp-cucumber-tests-platform-publiclighting-7x89j] [main] INFO o.o.c.platform.database.CoreDatabase@normalDeleteAll:154 - Starting normalDeleteAll()
]]></system-out>
  <system-err><![CDATA[]]></system-err>
  <testcase classname="org.opensmartgridplatform.cucumber.execution.DescriptionAsTest" name="Set reboot as an unknown organization(CoreAdhocManagement Set Reboot)" time="0.09" />
</testsuite>
