<?xml version="1.0" encoding="UTF-8" ?>
<testsuite errors="0" failures="0" hostname="osgp-cucumber-tests-platform-publiclighting-7x89j" name="Start device with incorrect parameters(CoreDeviceInstallation Device Starting)" skipped="0" tests="1" time="0.088" timestamp="2025-04-04T12:21:52">
  <properties />
  <system-out><![CDATA[[2025-04-04 12:21:52.314] [osgp-cucumber-tests-platform-publiclighting-7x89j] [main] INFO o.o.c.platform.database.CoreDatabase@batchDeleteAll:131 - Starting batchDeleteAll()
[2025-04-04 12:21:52.324] [osgp-cucumber-tests-platform-publiclighting-7x89j] [main] INFO o.o.c.platform.database.CoreDatabase@normalDeleteAll:154 - Starting normalDeleteAll()
]]></system-out>
  <system-err><![CDATA[]]></system-err>
  <testcase classname="org.opensmartgridplatform.cucumber.execution.DescriptionAsTest" name="Start device with incorrect parameters(CoreDeviceInstallation Device Starting)" time="0.088" />
</testsuite>
