<?xml version="1.0" encoding="UTF-8" ?>
<testsuite errors="0" failures="0" hostname="osgp-cucumber-tests-platform-publiclighting-7x89j" name="Don&apos;t send notifications when the configurable time has not passed(PublicLighting Notifications - Resend notifications)" skipped="0" tests="1" time="65.042" timestamp="2025-04-04T13:11:00">
  <properties />
  <system-out><![CDATA[[2025-04-04 13:11:00.264] [osgp-cucumber-tests-platform-publiclighting-7x89j] [main] INFO o.o.c.platform.database.CoreDatabase@batchDeleteAll:131 - Starting batchDeleteAll()
[2025-04-04 13:11:00.274] [osgp-cucumber-tests-platform-publiclighting-7x89j] [main] INFO o.o.c.platform.database.CoreDatabase@normalDeleteAll:154 - Starting normalDeleteAll()
[2025-04-04 13:11:00.298] [osgp-cucumber-tests-platform-publiclighting-7x89j] [main] INFO o.o.c.p.p.g.s.w.p.n.PublicLightingNotificationSteps@waitForNotification:105 - Waiting to make sure no notification is received for correlation UID test-org|||TEST1024000000001|||20170201000000000 for at most 65000 milliseconds.
[2025-04-04 13:12:05.299] [osgp-cucumber-tests-platform-publiclighting-7x89j] [main] INFO o.o.c.p.p.g.s.w.p.n.PublicLightingNotificationSteps@waitForNotification:117 - Successfully received notification for correlation UID: test-org|||TEST1024000000001|||20170201000000000
]]></system-out>
  <system-err><![CDATA[]]></system-err>
  <testcase classname="org.opensmartgridplatform.cucumber.execution.DescriptionAsTest" name="Don&apos;t send notifications when the configurable time has not passed(PublicLighting Notifications - Resend notifications)" time="65.042" />
</testsuite>
